CRITICAL - 2023-07-25 00:32:03 --> Call to undefined method App\Models\portfolioModel::getdata
in SYSTEMPATH\Model.php on line 774.
 1 APPPATH\Controllers\admin.php(18): CodeIgniter\Model->__call('getdata', [])
 2 SYSTEMPATH\CodeIgniter.php(927): App\Controllers\admin->index()
 3 SYSTEMPATH\CodeIgniter.php(482): CodeIgniter\CodeIgniter->runController(Object(App\Controllers\admin))
 4 SYSTEMPATH\CodeIgniter.php(351): CodeIgniter\CodeIgniter->handleRequest(null, Object(Config\Cache), false)
 5 FCPATH\index.php(67): CodeIgniter\CodeIgniter->run()
 6 SYSTEMPATH\Commands\Server\rewrite.php(46): require_once('FCPATH\\index.php')
CRITICAL - 2023-07-25 00:33:40 --> Call to undefined method App\Models\portfolioModel::getdata
in SYSTEMPATH\Model.php on line 774.
 1 APPPATH\Controllers\admin.php(18): CodeIgniter\Model->__call('getdata', [])
 2 SYSTEMPATH\CodeIgniter.php(927): App\Controllers\admin->index()
 3 SYSTEMPATH\CodeIgniter.php(482): CodeIgniter\CodeIgniter->runController(Object(App\Controllers\admin))
 4 SYSTEMPATH\CodeIgniter.php(351): CodeIgniter\CodeIgniter->handleRequest(null, Object(Config\Cache), false)
 5 FCPATH\index.php(67): CodeIgniter\CodeIgniter->run()
 6 SYSTEMPATH\Commands\Server\rewrite.php(46): require_once('FCPATH\\index.php')
CRITICAL - 2023-07-25 00:33:41 --> Call to undefined method App\Models\portfolioModel::getdata
in SYSTEMPATH\Model.php on line 774.
 1 APPPATH\Controllers\admin.php(18): CodeIgniter\Model->__call('getdata', [])
 2 SYSTEMPATH\CodeIgniter.php(927): App\Controllers\admin->index()
 3 SYSTEMPATH\CodeIgniter.php(482): CodeIgniter\CodeIgniter->runController(Object(App\Controllers\admin))
 4 SYSTEMPATH\CodeIgniter.php(351): CodeIgniter\CodeIgniter->handleRequest(null, Object(Config\Cache), false)
 5 FCPATH\index.php(67): CodeIgniter\CodeIgniter->run()
 6 SYSTEMPATH\Commands\Server\rewrite.php(46): require_once('FCPATH\\index.php')
CRITICAL - 2023-07-25 00:34:38 --> Undefined variable $data
in APPPATH\Controllers\admin.php on line 12.
 1 APPPATH\Controllers\admin.php(12): CodeIgniter\Debug\Exceptions->errorHandler(2, 'Undefined variable $data', 'APPPATH\\Controllers\\admin.php', 12)
 2 SYSTEMPATH\CodeIgniter.php(927): App\Controllers\admin->index()
 3 SYSTEMPATH\CodeIgniter.php(482): CodeIgniter\CodeIgniter->runController(Object(App\Controllers\admin))
 4 SYSTEMPATH\CodeIgniter.php(351): CodeIgniter\CodeIgniter->handleRequest(null, Object(Config\Cache), false)
 5 FCPATH\index.php(67): CodeIgniter\CodeIgniter->run()
 6 SYSTEMPATH\Commands\Server\rewrite.php(46): require_once('FCPATH\\index.php')
ERROR - 2023-07-25 02:43:12 --> mysqli_sql_exception: Column 'nama_perusahaan' cannot be null in C:\xampp\htdocs\msaa\system\Database\MySQLi\Connection.php:292
Stack trace:
#0 C:\xampp\htdocs\msaa\system\Database\MySQLi\Connection.php(292): mysqli->query('INSERT INTO `re...', 0)
#1 C:\xampp\htdocs\msaa\system\Database\BaseConnection.php(666): CodeIgniter\Database\MySQLi\Connection->execute('INSERT INTO `re...')
#2 C:\xampp\htdocs\msaa\system\Database\BaseConnection.php(593): CodeIgniter\Database\BaseConnection->simpleQuery('INSERT INTO `re...')
#3 C:\xampp\htdocs\msaa\system\Database\BaseBuilder.php(1916): CodeIgniter\Database\BaseConnection->query('INSERT INTO `re...', Array, false)
#4 C:\xampp\htdocs\msaa\system\Model.php(279): CodeIgniter\Database\BaseBuilder->insert()
#5 C:\xampp\htdocs\msaa\system\BaseModel.php(749): CodeIgniter\Model->doInsert(Array)
#6 C:\xampp\htdocs\msaa\system\Model.php(667): CodeIgniter\BaseModel->insert(Array, true)
#7 C:\xampp\htdocs\msaa\app\Controllers\rekanan.php(52): CodeIgniter\Model->insert(Array)
#8 C:\xampp\htdocs\msaa\system\CodeIgniter.php(927): App\Controllers\rekanan->tambahrekanan()
#9 C:\xampp\htdocs\msaa\system\CodeIgniter.php(482): CodeIgniter\CodeIgniter->runController(Object(App\Controllers\rekanan))
#10 C:\xampp\htdocs\msaa\system\CodeIgniter.php(351): CodeIgniter\CodeIgniter->handleRequest(NULL, Object(Config\Cache), false)
#11 C:\xampp\htdocs\msaa\public\index.php(67): CodeIgniter\CodeIgniter->run()
#12 C:\xampp\htdocs\msaa\system\Commands\Server\rewrite.php(46): require_once('C:\\xampp\\htdocs...')
#13 {main}
CRITICAL - 2023-07-25 02:43:12 --> Column 'nama_perusahaan' cannot be null
in SYSTEMPATH\Database\MySQLi\Connection.php on line 292.
 1 SYSTEMPATH\Database\MySQLi\Connection.php(292): mysqli->query('INSERT INTO `rekanan` (`pimpinan`, `nama_perusahaan`, `alamat`, `kontak`, `ket`, `logo`) VALUES (\'sumardi\', NULL, \'Jakarta\', \'0213215484\', NULL, \'pajak.png\')', 0)
 2 SYSTEMPATH\Database\BaseConnection.php(666): CodeIgniter\Database\MySQLi\Connection->execute('INSERT INTO `rekanan` (`pimpinan`, `nama_perusahaan`, `alamat`, `kontak`, `ket`, `logo`) VALUES (\'sumardi\', NULL, \'Jakarta\', \'0213215484\', NULL, \'pajak.png\')')
 3 SYSTEMPATH\Database\BaseConnection.php(593): CodeIgniter\Database\BaseConnection->simpleQuery('INSERT INTO `rekanan` (`pimpinan`, `nama_perusahaan`, `alamat`, `kontak`, `ket`, `logo`) VALUES (\'sumardi\', NULL, \'Jakarta\', \'0213215484\', NULL, \'pajak.png\')')
 4 SYSTEMPATH\Database\BaseBuilder.php(1916): CodeIgniter\Database\BaseConnection->query('INSERT INTO `rekanan` (`pimpinan`, `nama_perusahaan`, `alamat`, `kontak`, `ket`, `logo`) VALUES (:pimpinan:, :nama_perusahaan:, :alamat:, :kontak:, :ket:, :logo:)', [...], false)
 5 SYSTEMPATH\Model.php(279): CodeIgniter\Database\BaseBuilder->insert()
 6 SYSTEMPATH\BaseModel.php(749): CodeIgniter\Model->doInsert([...])
 7 SYSTEMPATH\Model.php(667): CodeIgniter\BaseModel->insert([...], true)
 8 APPPATH\Controllers\rekanan.php(52): CodeIgniter\Model->insert([...])
 9 SYSTEMPATH\CodeIgniter.php(927): App\Controllers\rekanan->tambahrekanan()
10 SYSTEMPATH\CodeIgniter.php(482): CodeIgniter\CodeIgniter->runController(Object(App\Controllers\rekanan))
11 SYSTEMPATH\CodeIgniter.php(351): CodeIgniter\CodeIgniter->handleRequest(null, Object(Config\Cache), false)
12 FCPATH\index.php(67): CodeIgniter\CodeIgniter->run()
13 SYSTEMPATH\Commands\Server\rewrite.php(46): require_once('FCPATH\\index.php')
ERROR - 2023-07-25 02:44:41 --> mysqli_sql_exception: Column 'ket' cannot be null in C:\xampp\htdocs\msaa\system\Database\MySQLi\Connection.php:292
Stack trace:
#0 C:\xampp\htdocs\msaa\system\Database\MySQLi\Connection.php(292): mysqli->query('INSERT INTO `re...', 0)
#1 C:\xampp\htdocs\msaa\system\Database\BaseConnection.php(666): CodeIgniter\Database\MySQLi\Connection->execute('INSERT INTO `re...')
#2 C:\xampp\htdocs\msaa\system\Database\BaseConnection.php(593): CodeIgniter\Database\BaseConnection->simpleQuery('INSERT INTO `re...')
#3 C:\xampp\htdocs\msaa\system\Database\BaseBuilder.php(1916): CodeIgniter\Database\BaseConnection->query('INSERT INTO `re...', Array, false)
#4 C:\xampp\htdocs\msaa\system\Model.php(279): CodeIgniter\Database\BaseBuilder->insert()
#5 C:\xampp\htdocs\msaa\system\BaseModel.php(749): CodeIgniter\Model->doInsert(Array)
#6 C:\xampp\htdocs\msaa\system\Model.php(667): CodeIgniter\BaseModel->insert(Array, true)
#7 C:\xampp\htdocs\msaa\app\Controllers\rekanan.php(51): CodeIgniter\Model->insert(Array)
#8 C:\xampp\htdocs\msaa\system\CodeIgniter.php(927): App\Controllers\rekanan->tambahrekanan()
#9 C:\xampp\htdocs\msaa\system\CodeIgniter.php(482): CodeIgniter\CodeIgniter->runController(Object(App\Controllers\rekanan))
#10 C:\xampp\htdocs\msaa\system\CodeIgniter.php(351): CodeIgniter\CodeIgniter->handleRequest(NULL, Object(Config\Cache), false)
#11 C:\xampp\htdocs\msaa\public\index.php(67): CodeIgniter\CodeIgniter->run()
#12 C:\xampp\htdocs\msaa\system\Commands\Server\rewrite.php(46): require_once('C:\\xampp\\htdocs...')
#13 {main}
CRITICAL - 2023-07-25 02:44:41 --> Column 'ket' cannot be null
in SYSTEMPATH\Database\MySQLi\Connection.php on line 292.
 1 SYSTEMPATH\Database\MySQLi\Connection.php(292): mysqli->query('INSERT INTO `rekanan` (`pimpinan`, `nama_perusahaan`, `alamat`, `kontak`, `ket`, `logo`) VALUES (\'sumardi\', \'PT.OMG Gumilang\', \'Jakarta\', \'0213215484\', NULL, \'pajak_1.png\')', 0)
 2 SYSTEMPATH\Database\BaseConnection.php(666): CodeIgniter\Database\MySQLi\Connection->execute('INSERT INTO `rekanan` (`pimpinan`, `nama_perusahaan`, `alamat`, `kontak`, `ket`, `logo`) VALUES (\'sumardi\', \'PT.OMG Gumilang\', \'Jakarta\', \'0213215484\', NULL, \'pajak_1.png\')')
 3 SYSTEMPATH\Database\BaseConnection.php(593): CodeIgniter\Database\BaseConnection->simpleQuery('INSERT INTO `rekanan` (`pimpinan`, `nama_perusahaan`, `alamat`, `kontak`, `ket`, `logo`) VALUES (\'sumardi\', \'PT.OMG Gumilang\', \'Jakarta\', \'0213215484\', NULL, \'pajak_1.png\')')
 4 SYSTEMPATH\Database\BaseBuilder.php(1916): CodeIgniter\Database\BaseConnection->query('INSERT INTO `rekanan` (`pimpinan`, `nama_perusahaan`, `alamat`, `kontak`, `ket`, `logo`) VALUES (:pimpinan:, :nama_perusahaan:, :alamat:, :kontak:, :ket:, :logo:)', [...], false)
 5 SYSTEMPATH\Model.php(279): CodeIgniter\Database\BaseBuilder->insert()
 6 SYSTEMPATH\BaseModel.php(749): CodeIgniter\Model->doInsert([...])
 7 SYSTEMPATH\Model.php(667): CodeIgniter\BaseModel->insert([...], true)
 8 APPPATH\Controllers\rekanan.php(51): CodeIgniter\Model->insert([...])
 9 SYSTEMPATH\CodeIgniter.php(927): App\Controllers\rekanan->tambahrekanan()
10 SYSTEMPATH\CodeIgniter.php(482): CodeIgniter\CodeIgniter->runController(Object(App\Controllers\rekanan))
11 SYSTEMPATH\CodeIgniter.php(351): CodeIgniter\CodeIgniter->handleRequest(null, Object(Config\Cache), false)
12 FCPATH\index.php(67): CodeIgniter\CodeIgniter->run()
13 SYSTEMPATH\Commands\Server\rewrite.php(46): require_once('FCPATH\\index.php')
ERROR - 2023-07-25 02:47:16 --> mysqli_sql_exception: Column 'ket' cannot be null in C:\xampp\htdocs\msaa\system\Database\MySQLi\Connection.php:292
Stack trace:
#0 C:\xampp\htdocs\msaa\system\Database\MySQLi\Connection.php(292): mysqli->query('INSERT INTO `re...', 0)
#1 C:\xampp\htdocs\msaa\system\Database\BaseConnection.php(666): CodeIgniter\Database\MySQLi\Connection->execute('INSERT INTO `re...')
#2 C:\xampp\htdocs\msaa\system\Database\BaseConnection.php(593): CodeIgniter\Database\BaseConnection->simpleQuery('INSERT INTO `re...')
#3 C:\xampp\htdocs\msaa\system\Database\BaseBuilder.php(1916): CodeIgniter\Database\BaseConnection->query('INSERT INTO `re...', Array, false)
#4 C:\xampp\htdocs\msaa\system\Model.php(279): CodeIgniter\Database\BaseBuilder->insert()
#5 C:\xampp\htdocs\msaa\system\BaseModel.php(749): CodeIgniter\Model->doInsert(Array)
#6 C:\xampp\htdocs\msaa\system\Model.php(667): CodeIgniter\BaseModel->insert(Array, true)
#7 C:\xampp\htdocs\msaa\app\Controllers\rekanan.php(51): CodeIgniter\Model->insert(Array)
#8 C:\xampp\htdocs\msaa\system\CodeIgniter.php(927): App\Controllers\rekanan->tambahrekanan()
#9 C:\xampp\htdocs\msaa\system\CodeIgniter.php(482): CodeIgniter\CodeIgniter->runController(Object(App\Controllers\rekanan))
#10 C:\xampp\htdocs\msaa\system\CodeIgniter.php(351): CodeIgniter\CodeIgniter->handleRequest(NULL, Object(Config\Cache), false)
#11 C:\xampp\htdocs\msaa\public\index.php(67): CodeIgniter\CodeIgniter->run()
#12 C:\xampp\htdocs\msaa\system\Commands\Server\rewrite.php(46): require_once('C:\\xampp\\htdocs...')
#13 {main}
CRITICAL - 2023-07-25 02:47:16 --> Column 'ket' cannot be null
in SYSTEMPATH\Database\MySQLi\Connection.php on line 292.
 1 SYSTEMPATH\Database\MySQLi\Connection.php(292): mysqli->query('INSERT INTO `rekanan` (`pimpinan`, `nama_perusahaan`, `alamat`, `kontak`, `ket`, `logo`) VALUES (\'sumardi\', \'PT.OMG Gumilang\', \'Jakarta\', \'0213215484\', NULL, \'pajak_2.png\')', 0)
 2 SYSTEMPATH\Database\BaseConnection.php(666): CodeIgniter\Database\MySQLi\Connection->execute('INSERT INTO `rekanan` (`pimpinan`, `nama_perusahaan`, `alamat`, `kontak`, `ket`, `logo`) VALUES (\'sumardi\', \'PT.OMG Gumilang\', \'Jakarta\', \'0213215484\', NULL, \'pajak_2.png\')')
 3 SYSTEMPATH\Database\BaseConnection.php(593): CodeIgniter\Database\BaseConnection->simpleQuery('INSERT INTO `rekanan` (`pimpinan`, `nama_perusahaan`, `alamat`, `kontak`, `ket`, `logo`) VALUES (\'sumardi\', \'PT.OMG Gumilang\', \'Jakarta\', \'0213215484\', NULL, \'pajak_2.png\')')
 4 SYSTEMPATH\Database\BaseBuilder.php(1916): CodeIgniter\Database\BaseConnection->query('INSERT INTO `rekanan` (`pimpinan`, `nama_perusahaan`, `alamat`, `kontak`, `ket`, `logo`) VALUES (:pimpinan:, :nama_perusahaan:, :alamat:, :kontak:, :ket:, :logo:)', [...], false)
 5 SYSTEMPATH\Model.php(279): CodeIgniter\Database\BaseBuilder->insert()
 6 SYSTEMPATH\BaseModel.php(749): CodeIgniter\Model->doInsert([...])
 7 SYSTEMPATH\Model.php(667): CodeIgniter\BaseModel->insert([...], true)
 8 APPPATH\Controllers\rekanan.php(51): CodeIgniter\Model->insert([...])
 9 SYSTEMPATH\CodeIgniter.php(927): App\Controllers\rekanan->tambahrekanan()
10 SYSTEMPATH\CodeIgniter.php(482): CodeIgniter\CodeIgniter->runController(Object(App\Controllers\rekanan))
11 SYSTEMPATH\CodeIgniter.php(351): CodeIgniter\CodeIgniter->handleRequest(null, Object(Config\Cache), false)
12 FCPATH\index.php(67): CodeIgniter\CodeIgniter->run()
13 SYSTEMPATH\Commands\Server\rewrite.php(46): require_once('FCPATH\\index.php')
ERROR - 2023-07-25 02:51:57 --> mysqli_sql_exception: Column 'ket' cannot be null in C:\xampp\htdocs\msaa\system\Database\MySQLi\Connection.php:292
Stack trace:
#0 C:\xampp\htdocs\msaa\system\Database\MySQLi\Connection.php(292): mysqli->query('INSERT INTO `re...', 0)
#1 C:\xampp\htdocs\msaa\system\Database\BaseConnection.php(666): CodeIgniter\Database\MySQLi\Connection->execute('INSERT INTO `re...')
#2 C:\xampp\htdocs\msaa\system\Database\BaseConnection.php(593): CodeIgniter\Database\BaseConnection->simpleQuery('INSERT INTO `re...')
#3 C:\xampp\htdocs\msaa\system\Database\BaseBuilder.php(1916): CodeIgniter\Database\BaseConnection->query('INSERT INTO `re...', Array, false)
#4 C:\xampp\htdocs\msaa\system\Model.php(279): CodeIgniter\Database\BaseBuilder->insert()
#5 C:\xampp\htdocs\msaa\system\BaseModel.php(749): CodeIgniter\Model->doInsert(Array)
#6 C:\xampp\htdocs\msaa\system\Model.php(667): CodeIgniter\BaseModel->insert(Array, true)
#7 C:\xampp\htdocs\msaa\app\Controllers\rekanan.php(51): CodeIgniter\Model->insert(Array)
#8 C:\xampp\htdocs\msaa\system\CodeIgniter.php(927): App\Controllers\rekanan->tambahrekanan()
#9 C:\xampp\htdocs\msaa\system\CodeIgniter.php(482): CodeIgniter\CodeIgniter->runController(Object(App\Controllers\rekanan))
#10 C:\xampp\htdocs\msaa\system\CodeIgniter.php(351): CodeIgniter\CodeIgniter->handleRequest(NULL, Object(Config\Cache), false)
#11 C:\xampp\htdocs\msaa\public\index.php(67): CodeIgniter\CodeIgniter->run()
#12 C:\xampp\htdocs\msaa\system\Commands\Server\rewrite.php(46): require_once('C:\\xampp\\htdocs...')
#13 {main}
CRITICAL - 2023-07-25 02:51:57 --> Column 'ket' cannot be null
in SYSTEMPATH\Database\MySQLi\Connection.php on line 292.
 1 SYSTEMPATH\Database\MySQLi\Connection.php(292): mysqli->query('INSERT INTO `rekanan` (`pimpinan`, `nama_perusahaan`, `alamat`, `kontak`, `ket`, `logo`) VALUES (\'sumardi\', \'PT.OMG Gumilang.\', \'Jakarta.\', \'0213215484.\', NULL, \'pajak_3.png\')', 0)
 2 SYSTEMPATH\Database\BaseConnection.php(666): CodeIgniter\Database\MySQLi\Connection->execute('INSERT INTO `rekanan` (`pimpinan`, `nama_perusahaan`, `alamat`, `kontak`, `ket`, `logo`) VALUES (\'sumardi\', \'PT.OMG Gumilang.\', \'Jakarta.\', \'0213215484.\', NULL, \'pajak_3.png\')')
 3 SYSTEMPATH\Database\BaseConnection.php(593): CodeIgniter\Database\BaseConnection->simpleQuery('INSERT INTO `rekanan` (`pimpinan`, `nama_perusahaan`, `alamat`, `kontak`, `ket`, `logo`) VALUES (\'sumardi\', \'PT.OMG Gumilang.\', \'Jakarta.\', \'0213215484.\', NULL, \'pajak_3.png\')')
 4 SYSTEMPATH\Database\BaseBuilder.php(1916): CodeIgniter\Database\BaseConnection->query('INSERT INTO `rekanan` (`pimpinan`, `nama_perusahaan`, `alamat`, `kontak`, `ket`, `logo`) VALUES (:pimpinan:, :nama_perusahaan:, :alamat:, :kontak:, :ket:, :logo:)', [...], false)
 5 SYSTEMPATH\Model.php(279): CodeIgniter\Database\BaseBuilder->insert()
 6 SYSTEMPATH\BaseModel.php(749): CodeIgniter\Model->doInsert([...])
 7 SYSTEMPATH\Model.php(667): CodeIgniter\BaseModel->insert([...], true)
 8 APPPATH\Controllers\rekanan.php(51): CodeIgniter\Model->insert([...])
 9 SYSTEMPATH\CodeIgniter.php(927): App\Controllers\rekanan->tambahrekanan()
10 SYSTEMPATH\CodeIgniter.php(482): CodeIgniter\CodeIgniter->runController(Object(App\Controllers\rekanan))
11 SYSTEMPATH\CodeIgniter.php(351): CodeIgniter\CodeIgniter->handleRequest(null, Object(Config\Cache), false)
12 FCPATH\index.php(67): CodeIgniter\CodeIgniter->run()
13 SYSTEMPATH\Commands\Server\rewrite.php(46): require_once('FCPATH\\index.php')
CRITICAL - 2023-07-25 02:59:28 --> Undefined array key "gambar"
in APPPATH\Views\rekanan\index.php on line 100.
 1 APPPATH\Views\rekanan\index.php(100): CodeIgniter\Debug\Exceptions->errorHandler(2, 'Undefined array key "gambar"', 'APPPATH\\Views\\rekanan\\index.php', 100)
 2 SYSTEMPATH\View\View.php(213): include('APPPATH\\Views\\rekanan\\index.php')
 3 SYSTEMPATH\View\View.php(216): CodeIgniter\View\View->CodeIgniter\View\{closure}()
 4 SYSTEMPATH\Common.php(1134): CodeIgniter\View\View->render('rekanan/index', [], true)
 5 APPPATH\Controllers\rekanan.php(27): view('rekanan/index', [...])
 6 SYSTEMPATH\CodeIgniter.php(927): App\Controllers\rekanan->index()
 7 SYSTEMPATH\CodeIgniter.php(482): CodeIgniter\CodeIgniter->runController(Object(App\Controllers\rekanan))
 8 SYSTEMPATH\CodeIgniter.php(351): CodeIgniter\CodeIgniter->handleRequest(null, Object(Config\Cache), false)
 9 FCPATH\index.php(67): CodeIgniter\CodeIgniter->run()
10 SYSTEMPATH\Commands\Server\rewrite.php(46): require_once('FCPATH\\index.php')
CRITICAL - 2023-07-25 03:20:52 --> Invalid file: rekanan/edit.php
in SYSTEMPATH\Exceptions\FrameworkException.php on line 33.
 1 SYSTEMPATH\View\View.php(201): CodeIgniter\Exceptions\FrameworkException::forInvalidFile('rekanan/edit.php')
 2 SYSTEMPATH\Common.php(1134): CodeIgniter\View\View->render('rekanan/edit', [], true)
 3 APPPATH\Controllers\rekanan.php(67): view('rekanan/edit', [...])
 4 SYSTEMPATH\CodeIgniter.php(927): App\Controllers\rekanan->edit('1')
 5 SYSTEMPATH\CodeIgniter.php(482): CodeIgniter\CodeIgniter->runController(Object(App\Controllers\rekanan))
 6 SYSTEMPATH\CodeIgniter.php(351): CodeIgniter\CodeIgniter->handleRequest(null, Object(Config\Cache), false)
 7 FCPATH\index.php(67): CodeIgniter\CodeIgniter->run()
 8 SYSTEMPATH\Commands\Server\rewrite.php(46): require_once('FCPATH\\index.php')
