CRITICAL - 2023-07-21 11:11:52 --> Cannot access offset of type string on string
in APPPATH\Views\banner\index.php on line 78.
 1 SYSTEMPATH\View\View.php(213): include()
 2 SYSTEMPATH\View\View.php(216): CodeIgniter\View\View->CodeIgniter\View\{closure}()
 3 SYSTEMPATH\Common.php(1134): CodeIgniter\View\View->render('banner/index', [], true)
 4 APPPATH\Controllers\banner.php(63): view('banner/index', [...])
 5 SYSTEMPATH\CodeIgniter.php(927): App\Controllers\banner->edit('1')
 6 SYSTEMPATH\CodeIgniter.php(482): CodeIgniter\CodeIgniter->runController(Object(App\Controllers\banner))
 7 SYSTEMPATH\CodeIgniter.php(351): CodeIgniter\CodeIgniter->handleRequest(null, Object(Config\Cache), false)
 8 FCPATH\index.php(67): CodeIgniter\CodeIgniter->run()
 9 SYSTEMPATH\Commands\Server\rewrite.php(46): require_once('FCPATH\\index.php')
CRITICAL - 2023-07-21 11:18:00 --> Undefined variable $profil
in APPPATH\Views\banner\index.php on line 31.
 1 APPPATH\Views\banner\index.php(31): CodeIgniter\Debug\Exceptions->errorHandler(2, 'Undefined variable $profil', 'APPPATH\\Views\\banner\\index.php', 31)
 2 SYSTEMPATH\View\View.php(213): include('APPPATH\\Views\\banner\\index.php')
 3 SYSTEMPATH\View\View.php(216): CodeIgniter\View\View->CodeIgniter\View\{closure}()
 4 SYSTEMPATH\Common.php(1134): CodeIgniter\View\View->render('banner/index', [], true)
 5 APPPATH\Controllers\banner.php(27): view('banner/index', [...])
 6 SYSTEMPATH\CodeIgniter.php(927): App\Controllers\banner->index()
 7 SYSTEMPATH\CodeIgniter.php(482): CodeIgniter\CodeIgniter->runController(Object(App\Controllers\banner))
 8 SYSTEMPATH\CodeIgniter.php(351): CodeIgniter\CodeIgniter->handleRequest(null, Object(Config\Cache), false)
 9 FCPATH\index.php(67): CodeIgniter\CodeIgniter->run()
10 SYSTEMPATH\Commands\Server\rewrite.php(46): require_once('FCPATH\\index.php')
CRITICAL - 2023-07-21 11:18:56 --> Undefined variable $profil
in APPPATH\Views\banner\index.php on line 31.
 1 APPPATH\Views\banner\index.php(31): CodeIgniter\Debug\Exceptions->errorHandler(2, 'Undefined variable $profil', 'APPPATH\\Views\\banner\\index.php', 31)
 2 SYSTEMPATH\View\View.php(213): include('APPPATH\\Views\\banner\\index.php')
 3 SYSTEMPATH\View\View.php(216): CodeIgniter\View\View->CodeIgniter\View\{closure}()
 4 SYSTEMPATH\Common.php(1134): CodeIgniter\View\View->render('banner/index', [], true)
 5 APPPATH\Controllers\banner.php(27): view('banner/index', [...])
 6 SYSTEMPATH\CodeIgniter.php(927): App\Controllers\banner->index()
 7 SYSTEMPATH\CodeIgniter.php(482): CodeIgniter\CodeIgniter->runController(Object(App\Controllers\banner))
 8 SYSTEMPATH\CodeIgniter.php(351): CodeIgniter\CodeIgniter->handleRequest(null, Object(Config\Cache), false)
 9 FCPATH\index.php(67): CodeIgniter\CodeIgniter->run()
10 SYSTEMPATH\Commands\Server\rewrite.php(46): require_once('FCPATH\\index.php')
CRITICAL - 2023-07-21 11:18:58 --> Undefined variable $profil
in APPPATH\Views\banner\index.php on line 31.
 1 APPPATH\Views\banner\index.php(31): CodeIgniter\Debug\Exceptions->errorHandler(2, 'Undefined variable $profil', 'APPPATH\\Views\\banner\\index.php', 31)
 2 SYSTEMPATH\View\View.php(213): include('APPPATH\\Views\\banner\\index.php')
 3 SYSTEMPATH\View\View.php(216): CodeIgniter\View\View->CodeIgniter\View\{closure}()
 4 SYSTEMPATH\Common.php(1134): CodeIgniter\View\View->render('banner/index', [], true)
 5 APPPATH\Controllers\banner.php(27): view('banner/index', [...])
 6 SYSTEMPATH\CodeIgniter.php(927): App\Controllers\banner->index()
 7 SYSTEMPATH\CodeIgniter.php(482): CodeIgniter\CodeIgniter->runController(Object(App\Controllers\banner))
 8 SYSTEMPATH\CodeIgniter.php(351): CodeIgniter\CodeIgniter->handleRequest(null, Object(Config\Cache), false)
 9 FCPATH\index.php(67): CodeIgniter\CodeIgniter->run()
10 SYSTEMPATH\Commands\Server\rewrite.php(46): require_once('FCPATH\\index.php')
CRITICAL - 2023-07-21 11:22:13 --> Undefined array key "logo"
in APPPATH\Views\banner\index.php on line 31.
 1 APPPATH\Views\banner\index.php(31): CodeIgniter\Debug\Exceptions->errorHandler(2, 'Undefined array key "logo"', 'APPPATH\\Views\\banner\\index.php', 31)
 2 SYSTEMPATH\View\View.php(213): include('APPPATH\\Views\\banner\\index.php')
 3 SYSTEMPATH\View\View.php(216): CodeIgniter\View\View->CodeIgniter\View\{closure}()
 4 SYSTEMPATH\Common.php(1134): CodeIgniter\View\View->render('banner/index', [], true)
 5 APPPATH\Controllers\banner.php(27): view('banner/index', [...])
 6 SYSTEMPATH\CodeIgniter.php(927): App\Controllers\banner->index()
 7 SYSTEMPATH\CodeIgniter.php(482): CodeIgniter\CodeIgniter->runController(Object(App\Controllers\banner))
 8 SYSTEMPATH\CodeIgniter.php(351): CodeIgniter\CodeIgniter->handleRequest(null, Object(Config\Cache), false)
 9 FCPATH\index.php(67): CodeIgniter\CodeIgniter->run()
10 SYSTEMPATH\Commands\Server\rewrite.php(46): require_once('FCPATH\\index.php')
CRITICAL - 2023-07-21 11:24:31 --> Undefined array key "gambar"
in APPPATH\Views\banner\index.php on line 31.
 1 APPPATH\Views\banner\index.php(31): CodeIgniter\Debug\Exceptions->errorHandler(2, 'Undefined array key "gambar"', 'APPPATH\\Views\\banner\\index.php', 31)
 2 SYSTEMPATH\View\View.php(213): include('APPPATH\\Views\\banner\\index.php')
 3 SYSTEMPATH\View\View.php(216): CodeIgniter\View\View->CodeIgniter\View\{closure}()
 4 SYSTEMPATH\Common.php(1134): CodeIgniter\View\View->render('banner/index', [], true)
 5 APPPATH\Controllers\banner.php(27): view('banner/index', [...])
 6 SYSTEMPATH\CodeIgniter.php(927): App\Controllers\banner->index()
 7 SYSTEMPATH\CodeIgniter.php(482): CodeIgniter\CodeIgniter->runController(Object(App\Controllers\banner))
 8 SYSTEMPATH\CodeIgniter.php(351): CodeIgniter\CodeIgniter->handleRequest(null, Object(Config\Cache), false)
 9 FCPATH\index.php(67): CodeIgniter\CodeIgniter->run()
10 SYSTEMPATH\Commands\Server\rewrite.php(46): require_once('FCPATH\\index.php')
CRITICAL - 2023-07-21 11:28:26 --> Undefined array key "gambar"
in APPPATH\Views\banner\index.php on line 31.
 1 APPPATH\Views\banner\index.php(31): CodeIgniter\Debug\Exceptions->errorHandler(2, 'Undefined array key "gambar"', 'APPPATH\\Views\\banner\\index.php', 31)
 2 SYSTEMPATH\View\View.php(213): include('APPPATH\\Views\\banner\\index.php')
 3 SYSTEMPATH\View\View.php(216): CodeIgniter\View\View->CodeIgniter\View\{closure}()
 4 SYSTEMPATH\Common.php(1134): CodeIgniter\View\View->render('banner/index', [], true)
 5 APPPATH\Controllers\banner.php(27): view('banner/index', [...])
 6 SYSTEMPATH\CodeIgniter.php(927): App\Controllers\banner->index()
 7 SYSTEMPATH\CodeIgniter.php(482): CodeIgniter\CodeIgniter->runController(Object(App\Controllers\banner))
 8 SYSTEMPATH\CodeIgniter.php(351): CodeIgniter\CodeIgniter->handleRequest(null, Object(Config\Cache), false)
 9 FCPATH\index.php(67): CodeIgniter\CodeIgniter->run()
10 SYSTEMPATH\Commands\Server\rewrite.php(46): require_once('FCPATH\\index.php')
CRITICAL - 2023-07-21 11:31:38 --> Undefined array key "gambar"
in APPPATH\Views\banner\index.php on line 31.
 1 APPPATH\Views\banner\index.php(31): CodeIgniter\Debug\Exceptions->errorHandler(2, 'Undefined array key "gambar"', 'APPPATH\\Views\\banner\\index.php', 31)
 2 SYSTEMPATH\View\View.php(213): include('APPPATH\\Views\\banner\\index.php')
 3 SYSTEMPATH\View\View.php(216): CodeIgniter\View\View->CodeIgniter\View\{closure}()
 4 SYSTEMPATH\Common.php(1134): CodeIgniter\View\View->render('banner/index', [], true)
 5 APPPATH\Controllers\banner.php(27): view('banner/index', [...])
 6 SYSTEMPATH\CodeIgniter.php(927): App\Controllers\banner->index()
 7 SYSTEMPATH\CodeIgniter.php(482): CodeIgniter\CodeIgniter->runController(Object(App\Controllers\banner))
 8 SYSTEMPATH\CodeIgniter.php(351): CodeIgniter\CodeIgniter->handleRequest(null, Object(Config\Cache), false)
 9 FCPATH\index.php(67): CodeIgniter\CodeIgniter->run()
10 SYSTEMPATH\Commands\Server\rewrite.php(46): require_once('FCPATH\\index.php')
CRITICAL - 2023-07-21 11:33:23 --> Undefined array key "gambar"
in APPPATH\Views\banner\index.php on line 31.
 1 APPPATH\Views\banner\index.php(31): CodeIgniter\Debug\Exceptions->errorHandler(2, 'Undefined array key "gambar"', 'APPPATH\\Views\\banner\\index.php', 31)
 2 SYSTEMPATH\View\View.php(213): include('APPPATH\\Views\\banner\\index.php')
 3 SYSTEMPATH\View\View.php(216): CodeIgniter\View\View->CodeIgniter\View\{closure}()
 4 SYSTEMPATH\Common.php(1134): CodeIgniter\View\View->render('banner/index', [], true)
 5 APPPATH\Controllers\banner.php(27): view('banner/index', [...])
 6 SYSTEMPATH\CodeIgniter.php(927): App\Controllers\banner->index()
 7 SYSTEMPATH\CodeIgniter.php(482): CodeIgniter\CodeIgniter->runController(Object(App\Controllers\banner))
 8 SYSTEMPATH\CodeIgniter.php(351): CodeIgniter\CodeIgniter->handleRequest(null, Object(Config\Cache), false)
 9 FCPATH\index.php(67): CodeIgniter\CodeIgniter->run()
10 SYSTEMPATH\Commands\Server\rewrite.php(46): require_once('FCPATH\\index.php')
CRITICAL - 2023-07-21 11:33:26 --> Undefined array key "gambar"
in APPPATH\Views\banner\index.php on line 31.
 1 APPPATH\Views\banner\index.php(31): CodeIgniter\Debug\Exceptions->errorHandler(2, 'Undefined array key "gambar"', 'APPPATH\\Views\\banner\\index.php', 31)
 2 SYSTEMPATH\View\View.php(213): include('APPPATH\\Views\\banner\\index.php')
 3 SYSTEMPATH\View\View.php(216): CodeIgniter\View\View->CodeIgniter\View\{closure}()
 4 SYSTEMPATH\Common.php(1134): CodeIgniter\View\View->render('banner/index', [], true)
 5 APPPATH\Controllers\banner.php(27): view('banner/index', [...])
 6 SYSTEMPATH\CodeIgniter.php(927): App\Controllers\banner->index()
 7 SYSTEMPATH\CodeIgniter.php(482): CodeIgniter\CodeIgniter->runController(Object(App\Controllers\banner))
 8 SYSTEMPATH\CodeIgniter.php(351): CodeIgniter\CodeIgniter->handleRequest(null, Object(Config\Cache), false)
 9 FCPATH\index.php(67): CodeIgniter\CodeIgniter->run()
10 SYSTEMPATH\Commands\Server\rewrite.php(46): require_once('FCPATH\\index.php')
CRITICAL - 2023-07-21 11:34:06 --> Undefined variable $ban
in APPPATH\Views\banner\index.php on line 31.
 1 APPPATH\Views\banner\index.php(31): CodeIgniter\Debug\Exceptions->errorHandler(2, 'Undefined variable $ban', 'APPPATH\\Views\\banner\\index.php', 31)
 2 SYSTEMPATH\View\View.php(213): include('APPPATH\\Views\\banner\\index.php')
 3 SYSTEMPATH\View\View.php(216): CodeIgniter\View\View->CodeIgniter\View\{closure}()
 4 SYSTEMPATH\Common.php(1134): CodeIgniter\View\View->render('banner/index', [], true)
 5 APPPATH\Controllers\banner.php(27): view('banner/index', [...])
 6 SYSTEMPATH\CodeIgniter.php(927): App\Controllers\banner->index()
 7 SYSTEMPATH\CodeIgniter.php(482): CodeIgniter\CodeIgniter->runController(Object(App\Controllers\banner))
 8 SYSTEMPATH\CodeIgniter.php(351): CodeIgniter\CodeIgniter->handleRequest(null, Object(Config\Cache), false)
 9 FCPATH\index.php(67): CodeIgniter\CodeIgniter->run()
10 SYSTEMPATH\Commands\Server\rewrite.php(46): require_once('FCPATH\\index.php')
CRITICAL - 2023-07-21 11:34:10 --> Undefined variable $ban
in APPPATH\Views\banner\index.php on line 31.
 1 APPPATH\Views\banner\index.php(31): CodeIgniter\Debug\Exceptions->errorHandler(2, 'Undefined variable $ban', 'APPPATH\\Views\\banner\\index.php', 31)
 2 SYSTEMPATH\View\View.php(213): include('APPPATH\\Views\\banner\\index.php')
 3 SYSTEMPATH\View\View.php(216): CodeIgniter\View\View->CodeIgniter\View\{closure}()
 4 SYSTEMPATH\Common.php(1134): CodeIgniter\View\View->render('banner/index', [], true)
 5 APPPATH\Controllers\banner.php(27): view('banner/index', [...])
 6 SYSTEMPATH\CodeIgniter.php(927): App\Controllers\banner->index()
 7 SYSTEMPATH\CodeIgniter.php(482): CodeIgniter\CodeIgniter->runController(Object(App\Controllers\banner))
 8 SYSTEMPATH\CodeIgniter.php(351): CodeIgniter\CodeIgniter->handleRequest(null, Object(Config\Cache), false)
 9 FCPATH\index.php(67): CodeIgniter\CodeIgniter->run()
10 SYSTEMPATH\Commands\Server\rewrite.php(46): require_once('FCPATH\\index.php')
CRITICAL - 2023-07-21 11:34:42 --> Undefined variable $profil
in APPPATH\Views\banner\index.php on line 44.
 1 APPPATH\Views\banner\index.php(44): CodeIgniter\Debug\Exceptions->errorHandler(2, 'Undefined variable $profil', 'APPPATH\\Views\\banner\\index.php', 44)
 2 SYSTEMPATH\View\View.php(213): include('APPPATH\\Views\\banner\\index.php')
 3 SYSTEMPATH\View\View.php(216): CodeIgniter\View\View->CodeIgniter\View\{closure}()
 4 SYSTEMPATH\Common.php(1134): CodeIgniter\View\View->render('banner/index', [], true)
 5 APPPATH\Controllers\banner.php(27): view('banner/index', [...])
 6 SYSTEMPATH\CodeIgniter.php(927): App\Controllers\banner->index()
 7 SYSTEMPATH\CodeIgniter.php(482): CodeIgniter\CodeIgniter->runController(Object(App\Controllers\banner))
 8 SYSTEMPATH\CodeIgniter.php(351): CodeIgniter\CodeIgniter->handleRequest(null, Object(Config\Cache), false)
 9 FCPATH\index.php(67): CodeIgniter\CodeIgniter->run()
10 SYSTEMPATH\Commands\Server\rewrite.php(46): require_once('FCPATH\\index.php')
CRITICAL - 2023-07-21 11:35:45 --> Undefined array key "id"
in APPPATH\Views\banner\index.php on line 109.
 1 APPPATH\Views\banner\index.php(109): CodeIgniter\Debug\Exceptions->errorHandler(2, 'Undefined array key "id"', 'APPPATH\\Views\\banner\\index.php', 109)
 2 SYSTEMPATH\View\View.php(213): include('APPPATH\\Views\\banner\\index.php')
 3 SYSTEMPATH\View\View.php(216): CodeIgniter\View\View->CodeIgniter\View\{closure}()
 4 SYSTEMPATH\Common.php(1134): CodeIgniter\View\View->render('banner/index', [], true)
 5 APPPATH\Controllers\banner.php(27): view('banner/index', [...])
 6 SYSTEMPATH\CodeIgniter.php(927): App\Controllers\banner->index()
 7 SYSTEMPATH\CodeIgniter.php(482): CodeIgniter\CodeIgniter->runController(Object(App\Controllers\banner))
 8 SYSTEMPATH\CodeIgniter.php(351): CodeIgniter\CodeIgniter->handleRequest(null, Object(Config\Cache), false)
 9 FCPATH\index.php(67): CodeIgniter\CodeIgniter->run()
10 SYSTEMPATH\Commands\Server\rewrite.php(46): require_once('FCPATH\\index.php')
CRITICAL - 2023-07-21 11:43:11 --> Undefined array key "id"
in APPPATH\Views\banner\index.php on line 32.
 1 APPPATH\Views\banner\index.php(32): CodeIgniter\Debug\Exceptions->errorHandler(2, 'Undefined array key "id"', 'APPPATH\\Views\\banner\\index.php', 32)
 2 SYSTEMPATH\View\View.php(213): include('APPPATH\\Views\\banner\\index.php')
 3 SYSTEMPATH\View\View.php(216): CodeIgniter\View\View->CodeIgniter\View\{closure}()
 4 SYSTEMPATH\Common.php(1134): CodeIgniter\View\View->render('banner/index', [], true)
 5 APPPATH\Controllers\banner.php(27): view('banner/index', [...])
 6 SYSTEMPATH\CodeIgniter.php(927): App\Controllers\banner->index()
 7 SYSTEMPATH\CodeIgniter.php(482): CodeIgniter\CodeIgniter->runController(Object(App\Controllers\banner))
 8 SYSTEMPATH\CodeIgniter.php(351): CodeIgniter\CodeIgniter->handleRequest(null, Object(Config\Cache), false)
 9 FCPATH\index.php(67): CodeIgniter\CodeIgniter->run()
10 SYSTEMPATH\Commands\Server\rewrite.php(46): require_once('FCPATH\\index.php')
CRITICAL - 2023-07-21 11:46:28 --> Undefined variable $ban
in APPPATH\Views\banner\index.php on line 32.
 1 APPPATH\Views\banner\index.php(32): CodeIgniter\Debug\Exceptions->errorHandler(2, 'Undefined variable $ban', 'APPPATH\\Views\\banner\\index.php', 32)
 2 SYSTEMPATH\View\View.php(213): include('APPPATH\\Views\\banner\\index.php')
 3 SYSTEMPATH\View\View.php(216): CodeIgniter\View\View->CodeIgniter\View\{closure}()
 4 SYSTEMPATH\Common.php(1134): CodeIgniter\View\View->render('banner/index', [], true)
 5 APPPATH\Controllers\banner.php(27): view('banner/index', [...])
 6 SYSTEMPATH\CodeIgniter.php(927): App\Controllers\banner->index()
 7 SYSTEMPATH\CodeIgniter.php(482): CodeIgniter\CodeIgniter->runController(Object(App\Controllers\banner))
 8 SYSTEMPATH\CodeIgniter.php(351): CodeIgniter\CodeIgniter->handleRequest(null, Object(Config\Cache), false)
 9 FCPATH\index.php(67): CodeIgniter\CodeIgniter->run()
10 SYSTEMPATH\Commands\Server\rewrite.php(46): require_once('FCPATH\\index.php')
CRITICAL - 2023-07-21 12:03:25 --> Undefined array key "id"
in APPPATH\Views\banner\index.php on line 32.
 1 APPPATH\Views\banner\index.php(32): CodeIgniter\Debug\Exceptions->errorHandler(2, 'Undefined array key "id"', 'APPPATH\\Views\\banner\\index.php', 32)
 2 SYSTEMPATH\View\View.php(213): include('APPPATH\\Views\\banner\\index.php')
 3 SYSTEMPATH\View\View.php(216): CodeIgniter\View\View->CodeIgniter\View\{closure}()
 4 SYSTEMPATH\Common.php(1134): CodeIgniter\View\View->render('banner/index', [], true)
 5 APPPATH\Controllers\banner.php(27): view('banner/index', [...])
 6 SYSTEMPATH\CodeIgniter.php(927): App\Controllers\banner->index()
 7 SYSTEMPATH\CodeIgniter.php(482): CodeIgniter\CodeIgniter->runController(Object(App\Controllers\banner))
 8 SYSTEMPATH\CodeIgniter.php(351): CodeIgniter\CodeIgniter->handleRequest(null, Object(Config\Cache), false)
 9 FCPATH\index.php(67): CodeIgniter\CodeIgniter->run()
10 SYSTEMPATH\Commands\Server\rewrite.php(46): require_once('FCPATH\\index.php')
CRITICAL - 2023-07-21 12:04:17 --> Undefined array key "id"
in APPPATH\Views\banner\index.php on line 32.
 1 APPPATH\Views\banner\index.php(32): CodeIgniter\Debug\Exceptions->errorHandler(2, 'Undefined array key "id"', 'APPPATH\\Views\\banner\\index.php', 32)
 2 SYSTEMPATH\View\View.php(213): include('APPPATH\\Views\\banner\\index.php')
 3 SYSTEMPATH\View\View.php(216): CodeIgniter\View\View->CodeIgniter\View\{closure}()
 4 SYSTEMPATH\Common.php(1134): CodeIgniter\View\View->render('banner/index', [], true)
 5 APPPATH\Controllers\banner.php(27): view('banner/index', [...])
 6 SYSTEMPATH\CodeIgniter.php(927): App\Controllers\banner->index()
 7 SYSTEMPATH\CodeIgniter.php(482): CodeIgniter\CodeIgniter->runController(Object(App\Controllers\banner))
 8 SYSTEMPATH\CodeIgniter.php(351): CodeIgniter\CodeIgniter->handleRequest(null, Object(Config\Cache), false)
 9 FCPATH\index.php(67): CodeIgniter\CodeIgniter->run()
10 SYSTEMPATH\Commands\Server\rewrite.php(46): require_once('FCPATH\\index.php')
CRITICAL - 2023-07-21 12:04:49 --> Undefined array key "id"
in APPPATH\Views\banner\index.php on line 32.
 1 APPPATH\Views\banner\index.php(32): CodeIgniter\Debug\Exceptions->errorHandler(2, 'Undefined array key "id"', 'APPPATH\\Views\\banner\\index.php', 32)
 2 SYSTEMPATH\View\View.php(213): include('APPPATH\\Views\\banner\\index.php')
 3 SYSTEMPATH\View\View.php(216): CodeIgniter\View\View->CodeIgniter\View\{closure}()
 4 SYSTEMPATH\Common.php(1134): CodeIgniter\View\View->render('banner/index', [], true)
 5 APPPATH\Controllers\banner.php(27): view('banner/index', [...])
 6 SYSTEMPATH\CodeIgniter.php(927): App\Controllers\banner->index()
 7 SYSTEMPATH\CodeIgniter.php(482): CodeIgniter\CodeIgniter->runController(Object(App\Controllers\banner))
 8 SYSTEMPATH\CodeIgniter.php(351): CodeIgniter\CodeIgniter->handleRequest(null, Object(Config\Cache), false)
 9 FCPATH\index.php(67): CodeIgniter\CodeIgniter->run()
10 SYSTEMPATH\Commands\Server\rewrite.php(46): require_once('FCPATH\\index.php')
CRITICAL - 2023-07-21 12:15:01 --> Undefined variable $namagambar
in APPPATH\Controllers\banner.php on line 25.
 1 APPPATH\Controllers\banner.php(25): CodeIgniter\Debug\Exceptions->errorHandler(2, 'Undefined variable $namagambar', 'APPPATH\\Controllers\\banner.php', 25)
 2 SYSTEMPATH\CodeIgniter.php(927): App\Controllers\banner->index()
 3 SYSTEMPATH\CodeIgniter.php(482): CodeIgniter\CodeIgniter->runController(Object(App\Controllers\banner))
 4 SYSTEMPATH\CodeIgniter.php(351): CodeIgniter\CodeIgniter->handleRequest(null, Object(Config\Cache), false)
 5 FCPATH\index.php(67): CodeIgniter\CodeIgniter->run()
 6 SYSTEMPATH\Commands\Server\rewrite.php(46): require_once('FCPATH\\index.php')
CRITICAL - 2023-07-21 12:15:37 --> Call to a member function getName() on null
in APPPATH\Controllers\banner.php on line 20.
 1 SYSTEMPATH\CodeIgniter.php(927): App\Controllers\banner->index()
 2 SYSTEMPATH\CodeIgniter.php(482): CodeIgniter\CodeIgniter->runController(Object(App\Controllers\banner))
 3 SYSTEMPATH\CodeIgniter.php(351): CodeIgniter\CodeIgniter->handleRequest(null, Object(Config\Cache), false)
 4 FCPATH\index.php(67): CodeIgniter\CodeIgniter->run()
 5 SYSTEMPATH\Commands\Server\rewrite.php(46): require_once('FCPATH\\index.php')
CRITICAL - 2023-07-21 12:17:12 --> Call to a member function getName() on null
in APPPATH\Controllers\banner.php on line 20.
 1 SYSTEMPATH\CodeIgniter.php(927): App\Controllers\banner->index()
 2 SYSTEMPATH\CodeIgniter.php(482): CodeIgniter\CodeIgniter->runController(Object(App\Controllers\banner))
 3 SYSTEMPATH\CodeIgniter.php(351): CodeIgniter\CodeIgniter->handleRequest(null, Object(Config\Cache), false)
 4 FCPATH\index.php(67): CodeIgniter\CodeIgniter->run()
 5 SYSTEMPATH\Commands\Server\rewrite.php(46): require_once('FCPATH\\index.php')
CRITICAL - 2023-07-21 12:17:34 --> Call to a member function getName() on null
in APPPATH\Controllers\banner.php on line 20.
 1 SYSTEMPATH\CodeIgniter.php(927): App\Controllers\banner->index()
 2 SYSTEMPATH\CodeIgniter.php(482): CodeIgniter\CodeIgniter->runController(Object(App\Controllers\banner))
 3 SYSTEMPATH\CodeIgniter.php(351): CodeIgniter\CodeIgniter->handleRequest(null, Object(Config\Cache), false)
 4 FCPATH\index.php(67): CodeIgniter\CodeIgniter->run()
 5 SYSTEMPATH\Commands\Server\rewrite.php(46): require_once('FCPATH\\index.php')
CRITICAL - 2023-07-21 12:18:04 --> Undefined array key "id"
in APPPATH\Views\banner\index.php on line 32.
 1 APPPATH\Views\banner\index.php(32): CodeIgniter\Debug\Exceptions->errorHandler(2, 'Undefined array key "id"', 'APPPATH\\Views\\banner\\index.php', 32)
 2 SYSTEMPATH\View\View.php(213): include('APPPATH\\Views\\banner\\index.php')
 3 SYSTEMPATH\View\View.php(216): CodeIgniter\View\View->CodeIgniter\View\{closure}()
 4 SYSTEMPATH\Common.php(1134): CodeIgniter\View\View->render('banner/index', [], true)
 5 APPPATH\Controllers\banner.php(42): view('banner/index', [...])
 6 SYSTEMPATH\CodeIgniter.php(927): App\Controllers\banner->index()
 7 SYSTEMPATH\CodeIgniter.php(482): CodeIgniter\CodeIgniter->runController(Object(App\Controllers\banner))
 8 SYSTEMPATH\CodeIgniter.php(351): CodeIgniter\CodeIgniter->handleRequest(null, Object(Config\Cache), false)
 9 FCPATH\index.php(67): CodeIgniter\CodeIgniter->run()
10 SYSTEMPATH\Commands\Server\rewrite.php(46): require_once('FCPATH\\index.php')
CRITICAL - 2023-07-21 12:20:21 --> Undefined array key "id"
in APPPATH\Views\banner\index.php on line 32.
 1 APPPATH\Views\banner\index.php(32): CodeIgniter\Debug\Exceptions->errorHandler(2, 'Undefined array key "id"', 'APPPATH\\Views\\banner\\index.php', 32)
 2 SYSTEMPATH\View\View.php(213): include('APPPATH\\Views\\banner\\index.php')
 3 SYSTEMPATH\View\View.php(216): CodeIgniter\View\View->CodeIgniter\View\{closure}()
 4 SYSTEMPATH\Common.php(1134): CodeIgniter\View\View->render('banner/index', [], true)
 5 APPPATH\Controllers\banner.php(42): view('banner/index', [...])
 6 SYSTEMPATH\CodeIgniter.php(927): App\Controllers\banner->index()
 7 SYSTEMPATH\CodeIgniter.php(482): CodeIgniter\CodeIgniter->runController(Object(App\Controllers\banner))
 8 SYSTEMPATH\CodeIgniter.php(351): CodeIgniter\CodeIgniter->handleRequest(null, Object(Config\Cache), false)
 9 FCPATH\index.php(67): CodeIgniter\CodeIgniter->run()
10 SYSTEMPATH\Commands\Server\rewrite.php(46): require_once('FCPATH\\index.php')
CRITICAL - 2023-07-21 12:24:22 --> Undefined array key "id"
in APPPATH\Views\banner\index.php on line 32.
 1 APPPATH\Views\banner\index.php(32): CodeIgniter\Debug\Exceptions->errorHandler(2, 'Undefined array key "id"', 'APPPATH\\Views\\banner\\index.php', 32)
 2 SYSTEMPATH\View\View.php(213): include('APPPATH\\Views\\banner\\index.php')
 3 SYSTEMPATH\View\View.php(216): CodeIgniter\View\View->CodeIgniter\View\{closure}()
 4 SYSTEMPATH\Common.php(1134): CodeIgniter\View\View->render('banner/index', [], true)
 5 APPPATH\Controllers\banner.php(42): view('banner/index', [...])
 6 SYSTEMPATH\CodeIgniter.php(927): App\Controllers\banner->index()
 7 SYSTEMPATH\CodeIgniter.php(482): CodeIgniter\CodeIgniter->runController(Object(App\Controllers\banner))
 8 SYSTEMPATH\CodeIgniter.php(351): CodeIgniter\CodeIgniter->handleRequest(null, Object(Config\Cache), false)
 9 FCPATH\index.php(67): CodeIgniter\CodeIgniter->run()
10 SYSTEMPATH\Commands\Server\rewrite.php(46): require_once('FCPATH\\index.php')
CRITICAL - 2023-07-21 12:24:24 --> Undefined array key "id"
in APPPATH\Views\banner\index.php on line 32.
 1 APPPATH\Views\banner\index.php(32): CodeIgniter\Debug\Exceptions->errorHandler(2, 'Undefined array key "id"', 'APPPATH\\Views\\banner\\index.php', 32)
 2 SYSTEMPATH\View\View.php(213): include('APPPATH\\Views\\banner\\index.php')
 3 SYSTEMPATH\View\View.php(216): CodeIgniter\View\View->CodeIgniter\View\{closure}()
 4 SYSTEMPATH\Common.php(1134): CodeIgniter\View\View->render('banner/index', [], true)
 5 APPPATH\Controllers\banner.php(42): view('banner/index', [...])
 6 SYSTEMPATH\CodeIgniter.php(927): App\Controllers\banner->index()
 7 SYSTEMPATH\CodeIgniter.php(482): CodeIgniter\CodeIgniter->runController(Object(App\Controllers\banner))
 8 SYSTEMPATH\CodeIgniter.php(351): CodeIgniter\CodeIgniter->handleRequest(null, Object(Config\Cache), false)
 9 FCPATH\index.php(67): CodeIgniter\CodeIgniter->run()
10 SYSTEMPATH\Commands\Server\rewrite.php(46): require_once('FCPATH\\index.php')
CRITICAL - 2023-07-21 12:25:16 --> Undefined variable $namagambar
in APPPATH\Controllers\banner.php on line 78.
 1 APPPATH\Controllers\banner.php(78): CodeIgniter\Debug\Exceptions->errorHandler(2, 'Undefined variable $namagambar', 'APPPATH\\Controllers\\banner.php', 78)
 2 SYSTEMPATH\CodeIgniter.php(927): App\Controllers\banner->edit('1')
 3 SYSTEMPATH\CodeIgniter.php(482): CodeIgniter\CodeIgniter->runController(Object(App\Controllers\banner))
 4 SYSTEMPATH\CodeIgniter.php(351): CodeIgniter\CodeIgniter->handleRequest(null, Object(Config\Cache), false)
 5 FCPATH\index.php(67): CodeIgniter\CodeIgniter->run()
 6 SYSTEMPATH\Commands\Server\rewrite.php(46): require_once('FCPATH\\index.php')
CRITICAL - 2023-07-21 12:26:13 --> Undefined variable $namagambar
in APPPATH\Controllers\banner.php on line 78.
 1 APPPATH\Controllers\banner.php(78): CodeIgniter\Debug\Exceptions->errorHandler(2, 'Undefined variable $namagambar', 'APPPATH\\Controllers\\banner.php', 78)
 2 SYSTEMPATH\CodeIgniter.php(927): App\Controllers\banner->edit('1')
 3 SYSTEMPATH\CodeIgniter.php(482): CodeIgniter\CodeIgniter->runController(Object(App\Controllers\banner))
 4 SYSTEMPATH\CodeIgniter.php(351): CodeIgniter\CodeIgniter->handleRequest(null, Object(Config\Cache), false)
 5 FCPATH\index.php(67): CodeIgniter\CodeIgniter->run()
 6 SYSTEMPATH\Commands\Server\rewrite.php(46): require_once('FCPATH\\index.php')
CRITICAL - 2023-07-21 12:26:17 --> Undefined variable $namagambar
in APPPATH\Controllers\banner.php on line 78.
 1 APPPATH\Controllers\banner.php(78): CodeIgniter\Debug\Exceptions->errorHandler(2, 'Undefined variable $namagambar', 'APPPATH\\Controllers\\banner.php', 78)
 2 SYSTEMPATH\CodeIgniter.php(927): App\Controllers\banner->edit('1')
 3 SYSTEMPATH\CodeIgniter.php(482): CodeIgniter\CodeIgniter->runController(Object(App\Controllers\banner))
 4 SYSTEMPATH\CodeIgniter.php(351): CodeIgniter\CodeIgniter->handleRequest(null, Object(Config\Cache), false)
 5 FCPATH\index.php(67): CodeIgniter\CodeIgniter->run()
 6 SYSTEMPATH\Commands\Server\rewrite.php(46): require_once('FCPATH\\index.php')
CRITICAL - 2023-07-21 12:31:27 --> Undefined variable $namagambar
in APPPATH\Controllers\banner.php on line 61.
 1 APPPATH\Controllers\banner.php(61): CodeIgniter\Debug\Exceptions->errorHandler(2, 'Undefined variable $namagambar', 'APPPATH\\Controllers\\banner.php', 61)
 2 SYSTEMPATH\CodeIgniter.php(927): App\Controllers\banner->edit('1')
 3 SYSTEMPATH\CodeIgniter.php(482): CodeIgniter\CodeIgniter->runController(Object(App\Controllers\banner))
 4 SYSTEMPATH\CodeIgniter.php(351): CodeIgniter\CodeIgniter->handleRequest(null, Object(Config\Cache), false)
 5 FCPATH\index.php(67): CodeIgniter\CodeIgniter->run()
 6 SYSTEMPATH\Commands\Server\rewrite.php(46): require_once('FCPATH\\index.php')
CRITICAL - 2023-07-21 12:31:34 --> Undefined variable $namagambar
in APPPATH\Controllers\banner.php on line 61.
 1 APPPATH\Controllers\banner.php(61): CodeIgniter\Debug\Exceptions->errorHandler(2, 'Undefined variable $namagambar', 'APPPATH\\Controllers\\banner.php', 61)
 2 SYSTEMPATH\CodeIgniter.php(927): App\Controllers\banner->edit('1')
 3 SYSTEMPATH\CodeIgniter.php(482): CodeIgniter\CodeIgniter->runController(Object(App\Controllers\banner))
 4 SYSTEMPATH\CodeIgniter.php(351): CodeIgniter\CodeIgniter->handleRequest(null, Object(Config\Cache), false)
 5 FCPATH\index.php(67): CodeIgniter\CodeIgniter->run()
 6 SYSTEMPATH\Commands\Server\rewrite.php(46): require_once('FCPATH\\index.php')
CRITICAL - 2023-07-21 12:35:17 --> CodeIgniter\HTTP\RedirectResponse::to(): Argument #2 ($code) must be of type ?int, array given, called in C:\xampp\htdocs\msaa\app\Controllers\banner.php on line 87
in SYSTEMPATH\HTTP\RedirectResponse.php on line 32.
 1 APPPATH\Controllers\banner.php(87): CodeIgniter\HTTP\RedirectResponse->to('banner/index', [...])
 2 SYSTEMPATH\CodeIgniter.php(927): App\Controllers\banner->update('1')
 3 SYSTEMPATH\CodeIgniter.php(482): CodeIgniter\CodeIgniter->runController(Object(App\Controllers\banner))
 4 SYSTEMPATH\CodeIgniter.php(351): CodeIgniter\CodeIgniter->handleRequest(null, Object(Config\Cache), false)
 5 FCPATH\index.php(67): CodeIgniter\CodeIgniter->run()
 6 SYSTEMPATH\Commands\Server\rewrite.php(46): require_once('FCPATH\\index.php')
CRITICAL - 2023-07-21 12:36:42 --> Undefined variable $banner
in APPPATH\Views\banner\index.php on line 102.
 1 APPPATH\Views\banner\index.php(102): CodeIgniter\Debug\Exceptions->errorHandler(2, 'Undefined variable $banner', 'APPPATH\\Views\\banner\\index.php', 102)
 2 SYSTEMPATH\View\View.php(213): include('APPPATH\\Views\\banner\\index.php')
 3 SYSTEMPATH\View\View.php(216): CodeIgniter\View\View->CodeIgniter\View\{closure}()
 4 SYSTEMPATH\Common.php(1134): CodeIgniter\View\View->render('banner/index', [], true)
 5 APPPATH\Controllers\banner.php(88): view('banner/index', [...])
 6 SYSTEMPATH\CodeIgniter.php(927): App\Controllers\banner->update('1')
 7 SYSTEMPATH\CodeIgniter.php(482): CodeIgniter\CodeIgniter->runController(Object(App\Controllers\banner))
 8 SYSTEMPATH\CodeIgniter.php(351): CodeIgniter\CodeIgniter->handleRequest(null, Object(Config\Cache), false)
 9 FCPATH\index.php(67): CodeIgniter\CodeIgniter->run()
10 SYSTEMPATH\Commands\Server\rewrite.php(46): require_once('FCPATH\\index.php')
CRITICAL - 2023-07-21 12:42:34 --> CodeIgniter\HTTP\RedirectResponse::to(): Argument #2 ($code) must be of type ?int, array given, called in C:\xampp\htdocs\msaa\app\Controllers\banner.php on line 87
in SYSTEMPATH\HTTP\RedirectResponse.php on line 32.
 1 APPPATH\Controllers\banner.php(87): CodeIgniter\HTTP\RedirectResponse->to('banner/index', [...])
 2 SYSTEMPATH\CodeIgniter.php(927): App\Controllers\banner->update('1')
 3 SYSTEMPATH\CodeIgniter.php(482): CodeIgniter\CodeIgniter->runController(Object(App\Controllers\banner))
 4 SYSTEMPATH\CodeIgniter.php(351): CodeIgniter\CodeIgniter->handleRequest(null, Object(Config\Cache), false)
 5 FCPATH\index.php(67): CodeIgniter\CodeIgniter->run()
 6 SYSTEMPATH\Commands\Server\rewrite.php(46): require_once('FCPATH\\index.php')
CRITICAL - 2023-07-21 12:46:30 --> CodeIgniter\HTTP\RedirectResponse::to(): Argument #2 ($code) must be of type ?int, array given, called in C:\xampp\htdocs\msaa\app\Controllers\banner.php on line 87
in SYSTEMPATH\HTTP\RedirectResponse.php on line 32.
 1 APPPATH\Controllers\banner.php(87): CodeIgniter\HTTP\RedirectResponse->to('banner/index', [...])
 2 SYSTEMPATH\CodeIgniter.php(927): App\Controllers\banner->update('1')
 3 SYSTEMPATH\CodeIgniter.php(482): CodeIgniter\CodeIgniter->runController(Object(App\Controllers\banner))
 4 SYSTEMPATH\CodeIgniter.php(351): CodeIgniter\CodeIgniter->handleRequest(null, Object(Config\Cache), false)
 5 FCPATH\index.php(67): CodeIgniter\CodeIgniter->run()
 6 SYSTEMPATH\Commands\Server\rewrite.php(46): require_once('FCPATH\\index.php')
CRITICAL - 2023-07-21 12:48:36 --> CodeIgniter\HTTP\RedirectResponse::to(): Argument #2 ($code) must be of type ?int, array given, called in C:\xampp\htdocs\msaa\app\Controllers\banner.php on line 89
in SYSTEMPATH\HTTP\RedirectResponse.php on line 32.
 1 APPPATH\Controllers\banner.php(89): CodeIgniter\HTTP\RedirectResponse->to('banner/index', [...])
 2 SYSTEMPATH\CodeIgniter.php(927): App\Controllers\banner->update('1')
 3 SYSTEMPATH\CodeIgniter.php(482): CodeIgniter\CodeIgniter->runController(Object(App\Controllers\banner))
 4 SYSTEMPATH\CodeIgniter.php(351): CodeIgniter\CodeIgniter->handleRequest(null, Object(Config\Cache), false)
 5 FCPATH\index.php(67): CodeIgniter\CodeIgniter->run()
 6 SYSTEMPATH\Commands\Server\rewrite.php(46): require_once('FCPATH\\index.php')
CRITICAL - 2023-07-21 12:49:53 --> CodeIgniter\HTTP\RedirectResponse::to(): Argument #2 ($code) must be of type ?int, array given, called in C:\xampp\htdocs\msaa\app\Controllers\banner.php on line 89
in SYSTEMPATH\HTTP\RedirectResponse.php on line 32.
 1 APPPATH\Controllers\banner.php(89): CodeIgniter\HTTP\RedirectResponse->to('banner', [...])
 2 SYSTEMPATH\CodeIgniter.php(927): App\Controllers\banner->update('1')
 3 SYSTEMPATH\CodeIgniter.php(482): CodeIgniter\CodeIgniter->runController(Object(App\Controllers\banner))
 4 SYSTEMPATH\CodeIgniter.php(351): CodeIgniter\CodeIgniter->handleRequest(null, Object(Config\Cache), false)
 5 FCPATH\index.php(67): CodeIgniter\CodeIgniter->run()
 6 SYSTEMPATH\Commands\Server\rewrite.php(46): require_once('FCPATH\\index.php')
CRITICAL - 2023-07-21 12:50:00 --> CodeIgniter\HTTP\RedirectResponse::to(): Argument #2 ($code) must be of type ?int, array given, called in C:\xampp\htdocs\msaa\app\Controllers\banner.php on line 89
in SYSTEMPATH\HTTP\RedirectResponse.php on line 32.
 1 APPPATH\Controllers\banner.php(89): CodeIgniter\HTTP\RedirectResponse->to('banner', [...])
 2 SYSTEMPATH\CodeIgniter.php(927): App\Controllers\banner->update('1')
 3 SYSTEMPATH\CodeIgniter.php(482): CodeIgniter\CodeIgniter->runController(Object(App\Controllers\banner))
 4 SYSTEMPATH\CodeIgniter.php(351): CodeIgniter\CodeIgniter->handleRequest(null, Object(Config\Cache), false)
 5 FCPATH\index.php(67): CodeIgniter\CodeIgniter->run()
 6 SYSTEMPATH\Commands\Server\rewrite.php(46): require_once('FCPATH\\index.php')
CRITICAL - 2023-07-21 21:23:01 --> Trying to access array offset on value of type null
in APPPATH\Controllers\banner.php on line 96.
 1 APPPATH\Controllers\banner.php(96): CodeIgniter\Debug\Exceptions->errorHandler(2, 'Trying to access array offset on value of type null', 'APPPATH\\Controllers\\banner.php', 96)
 2 SYSTEMPATH\CodeIgniter.php(927): App\Controllers\banner->delete('4')
 3 SYSTEMPATH\CodeIgniter.php(482): CodeIgniter\CodeIgniter->runController(Object(App\Controllers\banner))
 4 SYSTEMPATH\CodeIgniter.php(351): CodeIgniter\CodeIgniter->handleRequest(null, Object(Config\Cache), false)
 5 FCPATH\index.php(67): CodeIgniter\CodeIgniter->run()
 6 SYSTEMPATH\Commands\Server\rewrite.php(46): require_once('FCPATH\\index.php')
CRITICAL - 2023-07-21 21:36:44 --> Invalid file: portfolio/index.php
in SYSTEMPATH\Exceptions\FrameworkException.php on line 33.
 1 SYSTEMPATH\View\View.php(201): CodeIgniter\Exceptions\FrameworkException::forInvalidFile('portfolio/index.php')
 2 SYSTEMPATH\Common.php(1134): CodeIgniter\View\View->render('portfolio/index', [], true)
 3 APPPATH\Controllers\portfolio.php(27): view('portfolio/index', [...])
 4 SYSTEMPATH\CodeIgniter.php(927): App\Controllers\portfolio->index()
 5 SYSTEMPATH\CodeIgniter.php(482): CodeIgniter\CodeIgniter->runController(Object(App\Controllers\portfolio))
 6 SYSTEMPATH\CodeIgniter.php(351): CodeIgniter\CodeIgniter->handleRequest(null, Object(Config\Cache), false)
 7 FCPATH\index.php(67): CodeIgniter\CodeIgniter->run()
 8 SYSTEMPATH\Commands\Server\rewrite.php(46): require_once('FCPATH\\index.php')
CRITICAL - 2023-07-21 21:52:10 --> Invalid file: portfolio/edit.php
in SYSTEMPATH\Exceptions\FrameworkException.php on line 33.
 1 SYSTEMPATH\View\View.php(201): CodeIgniter\Exceptions\FrameworkException::forInvalidFile('portfolio/edit.php')
 2 SYSTEMPATH\Common.php(1134): CodeIgniter\View\View->render('portfolio/edit', [], true)
 3 APPPATH\Controllers\portfolio.php(64): view('portfolio/edit', [...])
 4 SYSTEMPATH\CodeIgniter.php(927): App\Controllers\portfolio->edit('1')
 5 SYSTEMPATH\CodeIgniter.php(482): CodeIgniter\CodeIgniter->runController(Object(App\Controllers\portfolio))
 6 SYSTEMPATH\CodeIgniter.php(351): CodeIgniter\CodeIgniter->handleRequest(null, Object(Config\Cache), false)
 7 FCPATH\index.php(67): CodeIgniter\CodeIgniter->run()
 8 SYSTEMPATH\Commands\Server\rewrite.php(46): require_once('FCPATH\\index.php')
