CRITICAL - 2023-07-18 04:15:12 --> Undefined array key "id"
in APPPATH\Views\banner\index.php on line 65.
 1 APPPATH\Views\banner\index.php(65): CodeIgniter\Debug\Exceptions->errorHandler(2, 'Undefined array key "id"', 'APPPATH\\Views\\banner\\index.php', 65)
 2 SYSTEMPATH\View\View.php(213): include('APPPATH\\Views\\banner\\index.php')
 3 SYSTEMPATH\View\View.php(216): CodeIgniter\View\View->CodeIgniter\View\{closure}()
 4 SYSTEMPATH\Common.php(1134): CodeIgniter\View\View->render('banner/index', [], true)
 5 APPPATH\Controllers\banner.php(27): view('banner/index', [...])
 6 SYSTEMPATH\CodeIgniter.php(927): App\Controllers\banner->index()
 7 SYSTEMPATH\CodeIgniter.php(482): CodeIgniter\CodeIgniter->runController(Object(App\Controllers\banner))
 8 SYSTEMPATH\CodeIgniter.php(351): CodeIgniter\CodeIgniter->handleRequest(null, Object(Config\Cache), false)
 9 FCPATH\index.php(67): CodeIgniter\CodeIgniter->run()
10 SYSTEMPATH\Commands\Server\rewrite.php(46): require_once('FCPATH\\index.php')
CRITICAL - 2023-07-18 04:15:38 --> Undefined array key "id"
in APPPATH\Views\banner\index.php on line 65.
 1 APPPATH\Views\banner\index.php(65): CodeIgniter\Debug\Exceptions->errorHandler(2, 'Undefined array key "id"', 'APPPATH\\Views\\banner\\index.php', 65)
 2 SYSTEMPATH\View\View.php(213): include('APPPATH\\Views\\banner\\index.php')
 3 SYSTEMPATH\View\View.php(216): CodeIgniter\View\View->CodeIgniter\View\{closure}()
 4 SYSTEMPATH\Common.php(1134): CodeIgniter\View\View->render('banner/index', [], true)
 5 APPPATH\Controllers\banner.php(27): view('banner/index', [...])
 6 SYSTEMPATH\CodeIgniter.php(927): App\Controllers\banner->index()
 7 SYSTEMPATH\CodeIgniter.php(482): CodeIgniter\CodeIgniter->runController(Object(App\Controllers\banner))
 8 SYSTEMPATH\CodeIgniter.php(351): CodeIgniter\CodeIgniter->handleRequest(null, Object(Config\Cache), false)
 9 FCPATH\index.php(67): CodeIgniter\CodeIgniter->run()
10 SYSTEMPATH\Commands\Server\rewrite.php(46): require_once('FCPATH\\index.php')
CRITICAL - 2023-07-18 04:15:41 --> Undefined array key "id"
in APPPATH\Views\banner\index.php on line 65.
 1 APPPATH\Views\banner\index.php(65): CodeIgniter\Debug\Exceptions->errorHandler(2, 'Undefined array key "id"', 'APPPATH\\Views\\banner\\index.php', 65)
 2 SYSTEMPATH\View\View.php(213): include('APPPATH\\Views\\banner\\index.php')
 3 SYSTEMPATH\View\View.php(216): CodeIgniter\View\View->CodeIgniter\View\{closure}()
 4 SYSTEMPATH\Common.php(1134): CodeIgniter\View\View->render('banner/index', [], true)
 5 APPPATH\Controllers\banner.php(27): view('banner/index', [...])
 6 SYSTEMPATH\CodeIgniter.php(927): App\Controllers\banner->index()
 7 SYSTEMPATH\CodeIgniter.php(482): CodeIgniter\CodeIgniter->runController(Object(App\Controllers\banner))
 8 SYSTEMPATH\CodeIgniter.php(351): CodeIgniter\CodeIgniter->handleRequest(null, Object(Config\Cache), false)
 9 FCPATH\index.php(67): CodeIgniter\CodeIgniter->run()
10 SYSTEMPATH\Commands\Server\rewrite.php(46): require_once('FCPATH\\index.php')
CRITICAL - 2023-07-18 04:23:53 --> Undefined variable $bann
in APPPATH\Views\banner\index.php on line 74.
 1 APPPATH\Views\banner\index.php(74): CodeIgniter\Debug\Exceptions->errorHandler(2, 'Undefined variable $bann', 'APPPATH\\Views\\banner\\index.php', 74)
 2 SYSTEMPATH\View\View.php(213): include('APPPATH\\Views\\banner\\index.php')
 3 SYSTEMPATH\View\View.php(216): CodeIgniter\View\View->CodeIgniter\View\{closure}()
 4 SYSTEMPATH\Common.php(1134): CodeIgniter\View\View->render('banner/index', [], true)
 5 APPPATH\Controllers\banner.php(27): view('banner/index', [...])
 6 SYSTEMPATH\CodeIgniter.php(927): App\Controllers\banner->index()
 7 SYSTEMPATH\CodeIgniter.php(482): CodeIgniter\CodeIgniter->runController(Object(App\Controllers\banner))
 8 SYSTEMPATH\CodeIgniter.php(351): CodeIgniter\CodeIgniter->handleRequest(null, Object(Config\Cache), false)
 9 FCPATH\index.php(67): CodeIgniter\CodeIgniter->run()
10 SYSTEMPATH\Commands\Server\rewrite.php(46): require_once('FCPATH\\index.php')
CRITICAL - 2023-07-18 04:24:03 --> Undefined array key "iamge"
in APPPATH\Views\banner\index.php on line 74.
 1 APPPATH\Views\banner\index.php(74): CodeIgniter\Debug\Exceptions->errorHandler(2, 'Undefined array key "iamge"', 'APPPATH\\Views\\banner\\index.php', 74)
 2 SYSTEMPATH\View\View.php(213): include('APPPATH\\Views\\banner\\index.php')
 3 SYSTEMPATH\View\View.php(216): CodeIgniter\View\View->CodeIgniter\View\{closure}()
 4 SYSTEMPATH\Common.php(1134): CodeIgniter\View\View->render('banner/index', [], true)
 5 APPPATH\Controllers\banner.php(27): view('banner/index', [...])
 6 SYSTEMPATH\CodeIgniter.php(927): App\Controllers\banner->index()
 7 SYSTEMPATH\CodeIgniter.php(482): CodeIgniter\CodeIgniter->runController(Object(App\Controllers\banner))
 8 SYSTEMPATH\CodeIgniter.php(351): CodeIgniter\CodeIgniter->handleRequest(null, Object(Config\Cache), false)
 9 FCPATH\index.php(67): CodeIgniter\CodeIgniter->run()
10 SYSTEMPATH\Commands\Server\rewrite.php(46): require_once('FCPATH\\index.php')
CRITICAL - 2023-07-18 04:24:06 --> Undefined array key "iamge"
in APPPATH\Views\banner\index.php on line 74.
 1 APPPATH\Views\banner\index.php(74): CodeIgniter\Debug\Exceptions->errorHandler(2, 'Undefined array key "iamge"', 'APPPATH\\Views\\banner\\index.php', 74)
 2 SYSTEMPATH\View\View.php(213): include('APPPATH\\Views\\banner\\index.php')
 3 SYSTEMPATH\View\View.php(216): CodeIgniter\View\View->CodeIgniter\View\{closure}()
 4 SYSTEMPATH\Common.php(1134): CodeIgniter\View\View->render('banner/index', [], true)
 5 APPPATH\Controllers\banner.php(27): view('banner/index', [...])
 6 SYSTEMPATH\CodeIgniter.php(927): App\Controllers\banner->index()
 7 SYSTEMPATH\CodeIgniter.php(482): CodeIgniter\CodeIgniter->runController(Object(App\Controllers\banner))
 8 SYSTEMPATH\CodeIgniter.php(351): CodeIgniter\CodeIgniter->handleRequest(null, Object(Config\Cache), false)
 9 FCPATH\index.php(67): CodeIgniter\CodeIgniter->run()
10 SYSTEMPATH\Commands\Server\rewrite.php(46): require_once('FCPATH\\index.php')
CRITICAL - 2023-07-18 04:24:19 --> Undefined array key "image"
in APPPATH\Views\banner\index.php on line 74.
 1 APPPATH\Views\banner\index.php(74): CodeIgniter\Debug\Exceptions->errorHandler(2, 'Undefined array key "image"', 'APPPATH\\Views\\banner\\index.php', 74)
 2 SYSTEMPATH\View\View.php(213): include('APPPATH\\Views\\banner\\index.php')
 3 SYSTEMPATH\View\View.php(216): CodeIgniter\View\View->CodeIgniter\View\{closure}()
 4 SYSTEMPATH\Common.php(1134): CodeIgniter\View\View->render('banner/index', [], true)
 5 APPPATH\Controllers\banner.php(27): view('banner/index', [...])
 6 SYSTEMPATH\CodeIgniter.php(927): App\Controllers\banner->index()
 7 SYSTEMPATH\CodeIgniter.php(482): CodeIgniter\CodeIgniter->runController(Object(App\Controllers\banner))
 8 SYSTEMPATH\CodeIgniter.php(351): CodeIgniter\CodeIgniter->handleRequest(null, Object(Config\Cache), false)
 9 FCPATH\index.php(67): CodeIgniter\CodeIgniter->run()
10 SYSTEMPATH\Commands\Server\rewrite.php(46): require_once('FCPATH\\index.php')
CRITICAL - 2023-07-18 04:30:01 --> Undefined array key "isi"
in APPPATH\Views\banner\index.php on line 77.
 1 APPPATH\Views\banner\index.php(77): CodeIgniter\Debug\Exceptions->errorHandler(2, 'Undefined array key "isi"', 'APPPATH\\Views\\banner\\index.php', 77)
 2 SYSTEMPATH\View\View.php(213): include('APPPATH\\Views\\banner\\index.php')
 3 SYSTEMPATH\View\View.php(216): CodeIgniter\View\View->CodeIgniter\View\{closure}()
 4 SYSTEMPATH\Common.php(1134): CodeIgniter\View\View->render('banner/index', [], true)
 5 APPPATH\Controllers\banner.php(27): view('banner/index', [...])
 6 SYSTEMPATH\CodeIgniter.php(927): App\Controllers\banner->index()
 7 SYSTEMPATH\CodeIgniter.php(482): CodeIgniter\CodeIgniter->runController(Object(App\Controllers\banner))
 8 SYSTEMPATH\CodeIgniter.php(351): CodeIgniter\CodeIgniter->handleRequest(null, Object(Config\Cache), false)
 9 FCPATH\index.php(67): CodeIgniter\CodeIgniter->run()
10 SYSTEMPATH\Commands\Server\rewrite.php(46): require_once('FCPATH\\index.php')
CRITICAL - 2023-07-18 06:48:32 --> Cannot access offset of type string on string
in APPPATH\Views\banner\index.php on line 69.
 1 SYSTEMPATH\View\View.php(213): include()
 2 SYSTEMPATH\View\View.php(216): CodeIgniter\View\View->CodeIgniter\View\{closure}()
 3 SYSTEMPATH\Common.php(1134): CodeIgniter\View\View->render('banner/index', [], true)
 4 APPPATH\Controllers\banner.php(63): view('banner/index', [...])
 5 SYSTEMPATH\CodeIgniter.php(927): App\Controllers\banner->edit('3')
 6 SYSTEMPATH\CodeIgniter.php(482): CodeIgniter\CodeIgniter->runController(Object(App\Controllers\banner))
 7 SYSTEMPATH\CodeIgniter.php(351): CodeIgniter\CodeIgniter->handleRequest(null, Object(Config\Cache), false)
 8 FCPATH\index.php(67): CodeIgniter\CodeIgniter->run()
 9 SYSTEMPATH\Commands\Server\rewrite.php(46): require_once('FCPATH\\index.php')
CRITICAL - 2023-07-18 13:31:21 --> Cannot access offset of type string on string
in APPPATH\Views\banner\index.php on line 78.
 1 SYSTEMPATH\View\View.php(213): include()
 2 SYSTEMPATH\View\View.php(216): CodeIgniter\View\View->CodeIgniter\View\{closure}()
 3 SYSTEMPATH\Common.php(1134): CodeIgniter\View\View->render('banner/index', [], true)
 4 APPPATH\Controllers\banner.php(63): view('banner/index', [...])
 5 SYSTEMPATH\CodeIgniter.php(927): App\Controllers\banner->edit('1')
 6 SYSTEMPATH\CodeIgniter.php(482): CodeIgniter\CodeIgniter->runController(Object(App\Controllers\banner))
 7 SYSTEMPATH\CodeIgniter.php(351): CodeIgniter\CodeIgniter->handleRequest(null, Object(Config\Cache), false)
 8 FCPATH\index.php(67): CodeIgniter\CodeIgniter->run()
 9 SYSTEMPATH\Commands\Server\rewrite.php(46): require_once('FCPATH\\index.php')
