ERROR - 2023-07-14 15:45:53 --> mysqli_sql_exception: Column 'ket' cannot be null in C:\xampp\htdocs\msaa\system\Database\MySQLi\Connection.php:292
Stack trace:
#0 C:\xampp\htdocs\msaa\system\Database\MySQLi\Connection.php(292): mysqli->query('INSERT INTO `ba...', 0)
#1 C:\xampp\htdocs\msaa\system\Database\BaseConnection.php(666): CodeIgniter\Database\MySQLi\Connection->execute('INSERT INTO `ba...')
#2 C:\xampp\htdocs\msaa\system\Database\BaseConnection.php(593): CodeIgniter\Database\BaseConnection->simpleQuery('INSERT INTO `ba...')
#3 C:\xampp\htdocs\msaa\system\Database\BaseBuilder.php(1916): CodeIgniter\Database\BaseConnection->query('INSERT INTO `ba...', Array, false)
#4 C:\xampp\htdocs\msaa\system\Model.php(279): CodeIgniter\Database\BaseBuilder->insert()
#5 C:\xampp\htdocs\msaa\system\BaseModel.php(749): CodeIgniter\Model->doInsert(Array)
#6 C:\xampp\htdocs\msaa\system\Model.php(667): CodeIgniter\BaseModel->insert(Array, true)
#7 C:\xampp\htdocs\msaa\app\Controllers\banner.php(48): CodeIgniter\Model->insert(Array)
#8 C:\xampp\htdocs\msaa\system\CodeIgniter.php(927): App\Controllers\banner->tambahbanner()
#9 C:\xampp\htdocs\msaa\system\CodeIgniter.php(482): CodeIgniter\CodeIgniter->runController(Object(App\Controllers\banner))
#10 C:\xampp\htdocs\msaa\system\CodeIgniter.php(351): CodeIgniter\CodeIgniter->handleRequest(NULL, Object(Config\Cache), false)
#11 C:\xampp\htdocs\msaa\public\index.php(67): CodeIgniter\CodeIgniter->run()
#12 C:\xampp\htdocs\msaa\system\Commands\Server\rewrite.php(46): require_once('C:\\xampp\\htdocs...')
#13 {main}
CRITICAL - 2023-07-14 15:45:53 --> Column 'ket' cannot be null
in SYSTEMPATH\Database\MySQLi\Connection.php on line 292.
 1 SYSTEMPATH\Database\MySQLi\Connection.php(292): mysqli->query('INSERT INTO `banner` (`judul`, `ket`, `gambar`) VALUES (\'tess\', NULL, \'custom emoney.png\')', 0)
 2 SYSTEMPATH\Database\BaseConnection.php(666): CodeIgniter\Database\MySQLi\Connection->execute('INSERT INTO `banner` (`judul`, `ket`, `gambar`) VALUES (\'tess\', NULL, \'custom emoney.png\')')
 3 SYSTEMPATH\Database\BaseConnection.php(593): CodeIgniter\Database\BaseConnection->simpleQuery('INSERT INTO `banner` (`judul`, `ket`, `gambar`) VALUES (\'tess\', NULL, \'custom emoney.png\')')
 4 SYSTEMPATH\Database\BaseBuilder.php(1916): CodeIgniter\Database\BaseConnection->query('INSERT INTO `banner` (`judul`, `ket`, `gambar`) VALUES (:judul:, :ket:, :gambar:)', [...], false)
 5 SYSTEMPATH\Model.php(279): CodeIgniter\Database\BaseBuilder->insert()
 6 SYSTEMPATH\BaseModel.php(749): CodeIgniter\Model->doInsert([...])
 7 SYSTEMPATH\Model.php(667): CodeIgniter\BaseModel->insert([...], true)
 8 APPPATH\Controllers\banner.php(48): CodeIgniter\Model->insert([...])
 9 SYSTEMPATH\CodeIgniter.php(927): App\Controllers\banner->tambahbanner()
10 SYSTEMPATH\CodeIgniter.php(482): CodeIgniter\CodeIgniter->runController(Object(App\Controllers\banner))
11 SYSTEMPATH\CodeIgniter.php(351): CodeIgniter\CodeIgniter->handleRequest(null, Object(Config\Cache), false)
12 FCPATH\index.php(67): CodeIgniter\CodeIgniter->run()
13 SYSTEMPATH\Commands\Server\rewrite.php(46): require_once('FCPATH\\index.php')
CRITICAL - 2023-07-14 16:06:29 --> Undefined variable $bann
in APPPATH\Views\banner\index.php on line 63.
 1 APPPATH\Views\banner\index.php(63): CodeIgniter\Debug\Exceptions->errorHandler(2, 'Undefined variable $bann', 'APPPATH\\Views\\banner\\index.php', 63)
 2 SYSTEMPATH\View\View.php(213): include('APPPATH\\Views\\banner\\index.php')
 3 SYSTEMPATH\View\View.php(216): CodeIgniter\View\View->CodeIgniter\View\{closure}()
 4 SYSTEMPATH\Common.php(1134): CodeIgniter\View\View->render('banner/index', [], true)
 5 APPPATH\Controllers\banner.php(27): view('banner/index', [...])
 6 SYSTEMPATH\CodeIgniter.php(927): App\Controllers\banner->index()
 7 SYSTEMPATH\CodeIgniter.php(482): CodeIgniter\CodeIgniter->runController(Object(App\Controllers\banner))
 8 SYSTEMPATH\CodeIgniter.php(351): CodeIgniter\CodeIgniter->handleRequest(null, Object(Config\Cache), false)
 9 FCPATH\index.php(67): CodeIgniter\CodeIgniter->run()
10 SYSTEMPATH\Commands\Server\rewrite.php(46): require_once('FCPATH\\index.php')
CRITICAL - 2023-07-14 16:28:53 --> Undefined variable $ban
in APPPATH\Views\banner\index.php on line 41.
 1 APPPATH\Views\banner\index.php(41): CodeIgniter\Debug\Exceptions->errorHandler(2, 'Undefined variable $ban', 'APPPATH\\Views\\banner\\index.php', 41)
 2 SYSTEMPATH\View\View.php(213): include('APPPATH\\Views\\banner\\index.php')
 3 SYSTEMPATH\View\View.php(216): CodeIgniter\View\View->CodeIgniter\View\{closure}()
 4 SYSTEMPATH\Common.php(1134): CodeIgniter\View\View->render('banner/index', [], true)
 5 APPPATH\Controllers\banner.php(27): view('banner/index', [...])
 6 SYSTEMPATH\CodeIgniter.php(927): App\Controllers\banner->index()
 7 SYSTEMPATH\CodeIgniter.php(482): CodeIgniter\CodeIgniter->runController(Object(App\Controllers\banner))
 8 SYSTEMPATH\CodeIgniter.php(351): CodeIgniter\CodeIgniter->handleRequest(null, Object(Config\Cache), false)
 9 FCPATH\index.php(67): CodeIgniter\CodeIgniter->run()
10 SYSTEMPATH\Commands\Server\rewrite.php(46): require_once('FCPATH\\index.php')
CRITICAL - 2023-07-14 16:35:35 --> Invalid file: banner/edit.php
in SYSTEMPATH\Exceptions\FrameworkException.php on line 33.
 1 SYSTEMPATH\View\View.php(201): CodeIgniter\Exceptions\FrameworkException::forInvalidFile('banner/edit.php')
 2 SYSTEMPATH\Common.php(1134): CodeIgniter\View\View->render('banner/edit', [], true)
 3 APPPATH\Controllers\banner.php(63): view('banner/edit', [...])
 4 SYSTEMPATH\CodeIgniter.php(927): App\Controllers\banner->edit('1')
 5 SYSTEMPATH\CodeIgniter.php(482): CodeIgniter\CodeIgniter->runController(Object(App\Controllers\banner))
 6 SYSTEMPATH\CodeIgniter.php(351): CodeIgniter\CodeIgniter->handleRequest(null, Object(Config\Cache), false)
 7 FCPATH\index.php(67): CodeIgniter\CodeIgniter->run()
 8 SYSTEMPATH\Commands\Server\rewrite.php(46): require_once('FCPATH\\index.php')
CRITICAL - 2023-07-14 16:37:43 --> Invalid file: banner/edit.php
in SYSTEMPATH\Exceptions\FrameworkException.php on line 33.
 1 SYSTEMPATH\View\View.php(201): CodeIgniter\Exceptions\FrameworkException::forInvalidFile('banner/edit.php')
 2 SYSTEMPATH\Common.php(1134): CodeIgniter\View\View->render('banner/edit', [], true)
 3 APPPATH\Controllers\banner.php(63): view('banner/edit', [...])
 4 SYSTEMPATH\CodeIgniter.php(927): App\Controllers\banner->edit('1')
 5 SYSTEMPATH\CodeIgniter.php(482): CodeIgniter\CodeIgniter->runController(Object(App\Controllers\banner))
 6 SYSTEMPATH\CodeIgniter.php(351): CodeIgniter\CodeIgniter->handleRequest(null, Object(Config\Cache), false)
 7 FCPATH\index.php(67): CodeIgniter\CodeIgniter->run()
 8 SYSTEMPATH\Commands\Server\rewrite.php(46): require_once('FCPATH\\index.php')
CRITICAL - 2023-07-14 16:43:31 --> Invalid file: banner/edit.php
in SYSTEMPATH\Exceptions\FrameworkException.php on line 33.
 1 SYSTEMPATH\View\View.php(201): CodeIgniter\Exceptions\FrameworkException::forInvalidFile('banner/edit.php')
 2 SYSTEMPATH\Common.php(1134): CodeIgniter\View\View->render('banner/edit', [], true)
 3 APPPATH\Controllers\banner.php(63): view('banner/edit', [...])
 4 SYSTEMPATH\CodeIgniter.php(927): App\Controllers\banner->edit('1')
 5 SYSTEMPATH\CodeIgniter.php(482): CodeIgniter\CodeIgniter->runController(Object(App\Controllers\banner))
 6 SYSTEMPATH\CodeIgniter.php(351): CodeIgniter\CodeIgniter->handleRequest(null, Object(Config\Cache), false)
 7 FCPATH\index.php(67): CodeIgniter\CodeIgniter->run()
 8 SYSTEMPATH\Commands\Server\rewrite.php(46): require_once('FCPATH\\index.php')
CRITICAL - 2023-07-14 16:43:53 --> Invalid file: banner/edit.php
in SYSTEMPATH\Exceptions\FrameworkException.php on line 33.
 1 SYSTEMPATH\View\View.php(201): CodeIgniter\Exceptions\FrameworkException::forInvalidFile('banner/edit.php')
 2 SYSTEMPATH\Common.php(1134): CodeIgniter\View\View->render('banner/edit', [], true)
 3 APPPATH\Controllers\banner.php(63): view('banner/edit', [...])
 4 SYSTEMPATH\CodeIgniter.php(927): App\Controllers\banner->edit('1')
 5 SYSTEMPATH\CodeIgniter.php(482): CodeIgniter\CodeIgniter->runController(Object(App\Controllers\banner))
 6 SYSTEMPATH\CodeIgniter.php(351): CodeIgniter\CodeIgniter->handleRequest(null, Object(Config\Cache), false)
 7 FCPATH\index.php(67): CodeIgniter\CodeIgniter->run()
 8 SYSTEMPATH\Commands\Server\rewrite.php(46): require_once('FCPATH\\index.php')
CRITICAL - 2023-07-14 16:54:51 --> Undefined array key "gambar"
in APPPATH\Views\banner\index.php on line 67.
 1 APPPATH\Views\banner\index.php(67): CodeIgniter\Debug\Exceptions->errorHandler(2, 'Undefined array key "gambar"', 'APPPATH\\Views\\banner\\index.php', 67)
 2 SYSTEMPATH\View\View.php(213): include('APPPATH\\Views\\banner\\index.php')
 3 SYSTEMPATH\View\View.php(216): CodeIgniter\View\View->CodeIgniter\View\{closure}()
 4 SYSTEMPATH\Common.php(1134): CodeIgniter\View\View->render('banner/index', [], true)
 5 APPPATH\Controllers\banner.php(27): view('banner/index', [...])
 6 SYSTEMPATH\CodeIgniter.php(927): App\Controllers\banner->index()
 7 SYSTEMPATH\CodeIgniter.php(482): CodeIgniter\CodeIgniter->runController(Object(App\Controllers\banner))
 8 SYSTEMPATH\CodeIgniter.php(351): CodeIgniter\CodeIgniter->handleRequest(null, Object(Config\Cache), false)
 9 FCPATH\index.php(67): CodeIgniter\CodeIgniter->run()
10 SYSTEMPATH\Commands\Server\rewrite.php(46): require_once('FCPATH\\index.php')
CRITICAL - 2023-07-14 16:58:19 --> Undefined array key "gambar"
in APPPATH\Views\banner\index.php on line 67.
 1 APPPATH\Views\banner\index.php(67): CodeIgniter\Debug\Exceptions->errorHandler(2, 'Undefined array key "gambar"', 'APPPATH\\Views\\banner\\index.php', 67)
 2 SYSTEMPATH\View\View.php(213): include('APPPATH\\Views\\banner\\index.php')
 3 SYSTEMPATH\View\View.php(216): CodeIgniter\View\View->CodeIgniter\View\{closure}()
 4 SYSTEMPATH\Common.php(1134): CodeIgniter\View\View->render('banner/index', [], true)
 5 APPPATH\Controllers\banner.php(27): view('banner/index', [...])
 6 SYSTEMPATH\CodeIgniter.php(927): App\Controllers\banner->index()
 7 SYSTEMPATH\CodeIgniter.php(482): CodeIgniter\CodeIgniter->runController(Object(App\Controllers\banner))
 8 SYSTEMPATH\CodeIgniter.php(351): CodeIgniter\CodeIgniter->handleRequest(null, Object(Config\Cache), false)
 9 FCPATH\index.php(67): CodeIgniter\CodeIgniter->run()
10 SYSTEMPATH\Commands\Server\rewrite.php(46): require_once('FCPATH\\index.php')
CRITICAL - 2023-07-14 16:58:20 --> Undefined array key "gambar"
in APPPATH\Views\banner\index.php on line 67.
 1 APPPATH\Views\banner\index.php(67): CodeIgniter\Debug\Exceptions->errorHandler(2, 'Undefined array key "gambar"', 'APPPATH\\Views\\banner\\index.php', 67)
 2 SYSTEMPATH\View\View.php(213): include('APPPATH\\Views\\banner\\index.php')
 3 SYSTEMPATH\View\View.php(216): CodeIgniter\View\View->CodeIgniter\View\{closure}()
 4 SYSTEMPATH\Common.php(1134): CodeIgniter\View\View->render('banner/index', [], true)
 5 APPPATH\Controllers\banner.php(27): view('banner/index', [...])
 6 SYSTEMPATH\CodeIgniter.php(927): App\Controllers\banner->index()
 7 SYSTEMPATH\CodeIgniter.php(482): CodeIgniter\CodeIgniter->runController(Object(App\Controllers\banner))
 8 SYSTEMPATH\CodeIgniter.php(351): CodeIgniter\CodeIgniter->handleRequest(null, Object(Config\Cache), false)
 9 FCPATH\index.php(67): CodeIgniter\CodeIgniter->run()
10 SYSTEMPATH\Commands\Server\rewrite.php(46): require_once('FCPATH\\index.php')
CRITICAL - 2023-07-14 16:58:26 --> Undefined array key "gambar"
in APPPATH\Views\banner\index.php on line 67.
 1 APPPATH\Views\banner\index.php(67): CodeIgniter\Debug\Exceptions->errorHandler(2, 'Undefined array key "gambar"', 'APPPATH\\Views\\banner\\index.php', 67)
 2 SYSTEMPATH\View\View.php(213): include('APPPATH\\Views\\banner\\index.php')
 3 SYSTEMPATH\View\View.php(216): CodeIgniter\View\View->CodeIgniter\View\{closure}()
 4 SYSTEMPATH\Common.php(1134): CodeIgniter\View\View->render('banner/index', [], true)
 5 APPPATH\Controllers\banner.php(27): view('banner/index', [...])
 6 SYSTEMPATH\CodeIgniter.php(927): App\Controllers\banner->index()
 7 SYSTEMPATH\CodeIgniter.php(482): CodeIgniter\CodeIgniter->runController(Object(App\Controllers\banner))
 8 SYSTEMPATH\CodeIgniter.php(351): CodeIgniter\CodeIgniter->handleRequest(null, Object(Config\Cache), false)
 9 FCPATH\index.php(67): CodeIgniter\CodeIgniter->run()
10 SYSTEMPATH\Commands\Server\rewrite.php(46): require_once('FCPATH\\index.php')
