ERROR - 2023-07-15 02:04:48 --> Error connecting to the database: mysqli_sql_exception: No connection could be made because the target machine actively refused it in C:\xampp\htdocs\msaa\system\Database\MySQLi\Connection.php:171
Stack trace:
#0 C:\xampp\htdocs\msaa\system\Database\MySQLi\Connection.php(171): mysqli->real_connect('localhost', 'root', '', 'msaa', 3306, '', 0)
#1 C:\xampp\htdocs\msaa\system\Database\BaseConnection.php(382): CodeIgniter\Database\MySQLi\Connection->connect(false)
#2 C:\xampp\htdocs\msaa\system\Database\BaseConnection.php(561): CodeIgniter\Database\BaseConnection->initialize()
#3 C:\xampp\htdocs\msaa\system\Database\BaseBuilder.php(1585): CodeIgniter\Database\BaseConnection->query('SELECT *\nFROM `...', Array, false)
#4 C:\xampp\htdocs\msaa\system\Model.php(223): CodeIgniter\Database\BaseBuilder->get()
#5 C:\xampp\htdocs\msaa\system\BaseModel.php(585): CodeIgniter\Model->doFindAll(0, 0)
#6 C:\xampp\htdocs\msaa\app\Models\lpModel.php(29): CodeIgniter\BaseModel->findAll()
#7 C:\xampp\htdocs\msaa\app\Controllers\Home.php(14): App\Models\lpModel->getprofil()
#8 C:\xampp\htdocs\msaa\system\CodeIgniter.php(927): App\Controllers\Home->index()
#9 C:\xampp\htdocs\msaa\system\CodeIgniter.php(482): CodeIgniter\CodeIgniter->runController(Object(App\Controllers\Home))
#10 C:\xampp\htdocs\msaa\system\CodeIgniter.php(351): CodeIgniter\CodeIgniter->handleRequest(NULL, Object(Config\Cache), false)
#11 C:\xampp\htdocs\msaa\public\index.php(67): CodeIgniter\CodeIgniter->run()
#12 C:\xampp\htdocs\msaa\system\Commands\Server\rewrite.php(46): require_once('C:\\xampp\\htdocs...')
#13 {main}

Next CodeIgniter\Database\Exceptions\DatabaseException: No connection could be made because the target machine actively refused it in C:\xampp\htdocs\msaa\system\Database\MySQLi\Connection.php:215
Stack trace:
#0 C:\xampp\htdocs\msaa\system\Database\BaseConnection.php(382): CodeIgniter\Database\MySQLi\Connection->connect(false)
#1 C:\xampp\htdocs\msaa\system\Database\BaseConnection.php(561): CodeIgniter\Database\BaseConnection->initialize()
#2 C:\xampp\htdocs\msaa\system\Database\BaseBuilder.php(1585): CodeIgniter\Database\BaseConnection->query('SELECT *\nFROM `...', Array, false)
#3 C:\xampp\htdocs\msaa\system\Model.php(223): CodeIgniter\Database\BaseBuilder->get()
#4 C:\xampp\htdocs\msaa\system\BaseModel.php(585): CodeIgniter\Model->doFindAll(0, 0)
#5 C:\xampp\htdocs\msaa\app\Models\lpModel.php(29): CodeIgniter\BaseModel->findAll()
#6 C:\xampp\htdocs\msaa\app\Controllers\Home.php(14): App\Models\lpModel->getprofil()
#7 C:\xampp\htdocs\msaa\system\CodeIgniter.php(927): App\Controllers\Home->index()
#8 C:\xampp\htdocs\msaa\system\CodeIgniter.php(482): CodeIgniter\CodeIgniter->runController(Object(App\Controllers\Home))
#9 C:\xampp\htdocs\msaa\system\CodeIgniter.php(351): CodeIgniter\CodeIgniter->handleRequest(NULL, Object(Config\Cache), false)
#10 C:\xampp\htdocs\msaa\public\index.php(67): CodeIgniter\CodeIgniter->run()
#11 C:\xampp\htdocs\msaa\system\Commands\Server\rewrite.php(46): require_once('C:\\xampp\\htdocs...')
#12 {main}
CRITICAL - 2023-07-15 02:04:48 --> Unable to connect to the database.
Main connection [MySQLi]: No connection could be made because the target machine actively refused it
in SYSTEMPATH\Database\BaseConnection.php on line 418.
 1 SYSTEMPATH\Database\BaseConnection.php(561): CodeIgniter\Database\BaseConnection->initialize()
 2 SYSTEMPATH\Database\BaseBuilder.php(1585): CodeIgniter\Database\BaseConnection->query('SELECT *
FROM `lp`', [], false)
 3 SYSTEMPATH\Model.php(223): CodeIgniter\Database\BaseBuilder->get()
 4 SYSTEMPATH\BaseModel.php(585): CodeIgniter\Model->doFindAll(0, 0)
 5 APPPATH\Models\lpModel.php(29): CodeIgniter\BaseModel->findAll()
 6 APPPATH\Controllers\Home.php(14): App\Models\lpModel->getprofil()
 7 SYSTEMPATH\CodeIgniter.php(927): App\Controllers\Home->index()
 8 SYSTEMPATH\CodeIgniter.php(482): CodeIgniter\CodeIgniter->runController(Object(App\Controllers\Home))
 9 SYSTEMPATH\CodeIgniter.php(351): CodeIgniter\CodeIgniter->handleRequest(null, Object(Config\Cache), false)
10 FCPATH\index.php(67): CodeIgniter\CodeIgniter->run()
11 SYSTEMPATH\Commands\Server\rewrite.php(46): require_once('FCPATH\\index.php')
CRITICAL - 2023-07-15 02:06:05 --> Undefined array key "gambar"
in APPPATH\Views\banner\index.php on line 67.
 1 APPPATH\Views\banner\index.php(67): CodeIgniter\Debug\Exceptions->errorHandler(2, 'Undefined array key "gambar"', 'APPPATH\\Views\\banner\\index.php', 67)
 2 SYSTEMPATH\View\View.php(213): include('APPPATH\\Views\\banner\\index.php')
 3 SYSTEMPATH\View\View.php(216): CodeIgniter\View\View->CodeIgniter\View\{closure}()
 4 SYSTEMPATH\Common.php(1134): CodeIgniter\View\View->render('banner/index', [], true)
 5 APPPATH\Controllers\banner.php(27): view('banner/index', [...])
 6 SYSTEMPATH\CodeIgniter.php(927): App\Controllers\banner->index()
 7 SYSTEMPATH\CodeIgniter.php(482): CodeIgniter\CodeIgniter->runController(Object(App\Controllers\banner))
 8 SYSTEMPATH\CodeIgniter.php(351): CodeIgniter\CodeIgniter->handleRequest(null, Object(Config\Cache), false)
 9 FCPATH\index.php(67): CodeIgniter\CodeIgniter->run()
10 SYSTEMPATH\Commands\Server\rewrite.php(46): require_once('FCPATH\\index.php')
CRITICAL - 2023-07-15 02:09:02 --> Undefined array key "gambar"
in APPPATH\Views\banner\index.php on line 67.
 1 APPPATH\Views\banner\index.php(67): CodeIgniter\Debug\Exceptions->errorHandler(2, 'Undefined array key "gambar"', 'APPPATH\\Views\\banner\\index.php', 67)
 2 SYSTEMPATH\View\View.php(213): include('APPPATH\\Views\\banner\\index.php')
 3 SYSTEMPATH\View\View.php(216): CodeIgniter\View\View->CodeIgniter\View\{closure}()
 4 SYSTEMPATH\Common.php(1134): CodeIgniter\View\View->render('banner/index', [], true)
 5 APPPATH\Controllers\banner.php(27): view('banner/index', [...])
 6 SYSTEMPATH\CodeIgniter.php(927): App\Controllers\banner->index()
 7 SYSTEMPATH\CodeIgniter.php(482): CodeIgniter\CodeIgniter->runController(Object(App\Controllers\banner))
 8 SYSTEMPATH\CodeIgniter.php(351): CodeIgniter\CodeIgniter->handleRequest(null, Object(Config\Cache), false)
 9 FCPATH\index.php(67): CodeIgniter\CodeIgniter->run()
10 SYSTEMPATH\Commands\Server\rewrite.php(46): require_once('FCPATH\\index.php')
CRITICAL - 2023-07-15 02:10:44 --> Undefined array key "gambar"
in APPPATH\Views\banner\index.php on line 67.
 1 APPPATH\Views\banner\index.php(67): CodeIgniter\Debug\Exceptions->errorHandler(2, 'Undefined array key "gambar"', 'APPPATH\\Views\\banner\\index.php', 67)
 2 SYSTEMPATH\View\View.php(213): include('APPPATH\\Views\\banner\\index.php')
 3 SYSTEMPATH\View\View.php(216): CodeIgniter\View\View->CodeIgniter\View\{closure}()
 4 SYSTEMPATH\Common.php(1134): CodeIgniter\View\View->render('banner/index', [], true)
 5 APPPATH\Controllers\banner.php(27): view('banner/index', [...])
 6 SYSTEMPATH\CodeIgniter.php(927): App\Controllers\banner->index()
 7 SYSTEMPATH\CodeIgniter.php(482): CodeIgniter\CodeIgniter->runController(Object(App\Controllers\banner))
 8 SYSTEMPATH\CodeIgniter.php(351): CodeIgniter\CodeIgniter->handleRequest(null, Object(Config\Cache), false)
 9 FCPATH\index.php(67): CodeIgniter\CodeIgniter->run()
10 SYSTEMPATH\Commands\Server\rewrite.php(46): require_once('FCPATH\\index.php')
CRITICAL - 2023-07-15 02:10:46 --> Undefined array key "gambar"
in APPPATH\Views\banner\index.php on line 67.
 1 APPPATH\Views\banner\index.php(67): CodeIgniter\Debug\Exceptions->errorHandler(2, 'Undefined array key "gambar"', 'APPPATH\\Views\\banner\\index.php', 67)
 2 SYSTEMPATH\View\View.php(213): include('APPPATH\\Views\\banner\\index.php')
 3 SYSTEMPATH\View\View.php(216): CodeIgniter\View\View->CodeIgniter\View\{closure}()
 4 SYSTEMPATH\Common.php(1134): CodeIgniter\View\View->render('banner/index', [], true)
 5 APPPATH\Controllers\banner.php(27): view('banner/index', [...])
 6 SYSTEMPATH\CodeIgniter.php(927): App\Controllers\banner->index()
 7 SYSTEMPATH\CodeIgniter.php(482): CodeIgniter\CodeIgniter->runController(Object(App\Controllers\banner))
 8 SYSTEMPATH\CodeIgniter.php(351): CodeIgniter\CodeIgniter->handleRequest(null, Object(Config\Cache), false)
 9 FCPATH\index.php(67): CodeIgniter\CodeIgniter->run()
10 SYSTEMPATH\Commands\Server\rewrite.php(46): require_once('FCPATH\\index.php')
CRITICAL - 2023-07-15 02:13:47 --> Undefined array key "id"
in APPPATH\Views\banner\index.php on line 70.
 1 APPPATH\Views\banner\index.php(70): CodeIgniter\Debug\Exceptions->errorHandler(2, 'Undefined array key "id"', 'APPPATH\\Views\\banner\\index.php', 70)
 2 SYSTEMPATH\View\View.php(213): include('APPPATH\\Views\\banner\\index.php')
 3 SYSTEMPATH\View\View.php(216): CodeIgniter\View\View->CodeIgniter\View\{closure}()
 4 SYSTEMPATH\Common.php(1134): CodeIgniter\View\View->render('banner/index', [], true)
 5 APPPATH\Controllers\banner.php(27): view('banner/index', [...])
 6 SYSTEMPATH\CodeIgniter.php(927): App\Controllers\banner->index()
 7 SYSTEMPATH\CodeIgniter.php(482): CodeIgniter\CodeIgniter->runController(Object(App\Controllers\banner))
 8 SYSTEMPATH\CodeIgniter.php(351): CodeIgniter\CodeIgniter->handleRequest(null, Object(Config\Cache), false)
 9 FCPATH\index.php(67): CodeIgniter\CodeIgniter->run()
10 SYSTEMPATH\Commands\Server\rewrite.php(46): require_once('FCPATH\\index.php')
CRITICAL - 2023-07-15 02:18:41 --> Undefined array key "gambar"
in APPPATH\Views\banner\index.php on line 67.
 1 APPPATH\Views\banner\index.php(67): CodeIgniter\Debug\Exceptions->errorHandler(2, 'Undefined array key "gambar"', 'APPPATH\\Views\\banner\\index.php', 67)
 2 SYSTEMPATH\View\View.php(213): include('APPPATH\\Views\\banner\\index.php')
 3 SYSTEMPATH\View\View.php(216): CodeIgniter\View\View->CodeIgniter\View\{closure}()
 4 SYSTEMPATH\Common.php(1134): CodeIgniter\View\View->render('banner/index', [], true)
 5 APPPATH\Controllers\banner.php(27): view('banner/index', [...])
 6 SYSTEMPATH\CodeIgniter.php(927): App\Controllers\banner->index()
 7 SYSTEMPATH\CodeIgniter.php(482): CodeIgniter\CodeIgniter->runController(Object(App\Controllers\banner))
 8 SYSTEMPATH\CodeIgniter.php(351): CodeIgniter\CodeIgniter->handleRequest(null, Object(Config\Cache), false)
 9 FCPATH\index.php(67): CodeIgniter\CodeIgniter->run()
10 SYSTEMPATH\Commands\Server\rewrite.php(46): require_once('FCPATH\\index.php')
CRITICAL - 2023-07-15 02:20:03 --> Undefined array key "gambar"
in APPPATH\Views\banner\index.php on line 67.
 1 APPPATH\Views\banner\index.php(67): CodeIgniter\Debug\Exceptions->errorHandler(2, 'Undefined array key "gambar"', 'APPPATH\\Views\\banner\\index.php', 67)
 2 SYSTEMPATH\View\View.php(213): include('APPPATH\\Views\\banner\\index.php')
 3 SYSTEMPATH\View\View.php(216): CodeIgniter\View\View->CodeIgniter\View\{closure}()
 4 SYSTEMPATH\Common.php(1134): CodeIgniter\View\View->render('banner/index', [], true)
 5 APPPATH\Controllers\banner.php(27): view('banner/index', [...])
 6 SYSTEMPATH\CodeIgniter.php(927): App\Controllers\banner->index()
 7 SYSTEMPATH\CodeIgniter.php(482): CodeIgniter\CodeIgniter->runController(Object(App\Controllers\banner))
 8 SYSTEMPATH\CodeIgniter.php(351): CodeIgniter\CodeIgniter->handleRequest(null, Object(Config\Cache), false)
 9 FCPATH\index.php(67): CodeIgniter\CodeIgniter->run()
10 SYSTEMPATH\Commands\Server\rewrite.php(46): require_once('FCPATH\\index.php')
CRITICAL - 2023-07-15 02:22:22 --> Undefined array key "gambar"
in APPPATH\Views\banner\index.php on line 67.
 1 APPPATH\Views\banner\index.php(67): CodeIgniter\Debug\Exceptions->errorHandler(2, 'Undefined array key "gambar"', 'APPPATH\\Views\\banner\\index.php', 67)
 2 SYSTEMPATH\View\View.php(213): include('APPPATH\\Views\\banner\\index.php')
 3 SYSTEMPATH\View\View.php(216): CodeIgniter\View\View->CodeIgniter\View\{closure}()
 4 SYSTEMPATH\Common.php(1134): CodeIgniter\View\View->render('banner/index', [], true)
 5 APPPATH\Controllers\banner.php(27): view('banner/index', [...])
 6 SYSTEMPATH\CodeIgniter.php(927): App\Controllers\banner->index()
 7 SYSTEMPATH\CodeIgniter.php(482): CodeIgniter\CodeIgniter->runController(Object(App\Controllers\banner))
 8 SYSTEMPATH\CodeIgniter.php(351): CodeIgniter\CodeIgniter->handleRequest(null, Object(Config\Cache), false)
 9 FCPATH\index.php(67): CodeIgniter\CodeIgniter->run()
10 SYSTEMPATH\Commands\Server\rewrite.php(46): require_once('FCPATH\\index.php')
CRITICAL - 2023-07-15 02:22:25 --> Undefined array key "gambar"
in APPPATH\Views\banner\index.php on line 67.
 1 APPPATH\Views\banner\index.php(67): CodeIgniter\Debug\Exceptions->errorHandler(2, 'Undefined array key "gambar"', 'APPPATH\\Views\\banner\\index.php', 67)
 2 SYSTEMPATH\View\View.php(213): include('APPPATH\\Views\\banner\\index.php')
 3 SYSTEMPATH\View\View.php(216): CodeIgniter\View\View->CodeIgniter\View\{closure}()
 4 SYSTEMPATH\Common.php(1134): CodeIgniter\View\View->render('banner/index', [], true)
 5 APPPATH\Controllers\banner.php(27): view('banner/index', [...])
 6 SYSTEMPATH\CodeIgniter.php(927): App\Controllers\banner->index()
 7 SYSTEMPATH\CodeIgniter.php(482): CodeIgniter\CodeIgniter->runController(Object(App\Controllers\banner))
 8 SYSTEMPATH\CodeIgniter.php(351): CodeIgniter\CodeIgniter->handleRequest(null, Object(Config\Cache), false)
 9 FCPATH\index.php(67): CodeIgniter\CodeIgniter->run()
10 SYSTEMPATH\Commands\Server\rewrite.php(46): require_once('FCPATH\\index.php')
CRITICAL - 2023-07-15 02:27:10 --> Undefined array key "id"
in APPPATH\Views\banner\index.php on line 66.
 1 APPPATH\Views\banner\index.php(66): CodeIgniter\Debug\Exceptions->errorHandler(2, 'Undefined array key "id"', 'APPPATH\\Views\\banner\\index.php', 66)
 2 SYSTEMPATH\View\View.php(213): include('APPPATH\\Views\\banner\\index.php')
 3 SYSTEMPATH\View\View.php(216): CodeIgniter\View\View->CodeIgniter\View\{closure}()
 4 SYSTEMPATH\Common.php(1134): CodeIgniter\View\View->render('banner/index', [], true)
 5 APPPATH\Controllers\banner.php(27): view('banner/index', [...])
 6 SYSTEMPATH\CodeIgniter.php(927): App\Controllers\banner->index()
 7 SYSTEMPATH\CodeIgniter.php(482): CodeIgniter\CodeIgniter->runController(Object(App\Controllers\banner))
 8 SYSTEMPATH\CodeIgniter.php(351): CodeIgniter\CodeIgniter->handleRequest(null, Object(Config\Cache), false)
 9 FCPATH\index.php(67): CodeIgniter\CodeIgniter->run()
10 SYSTEMPATH\Commands\Server\rewrite.php(46): require_once('FCPATH\\index.php')
CRITICAL - 2023-07-15 02:29:27 --> Undefined array key "id"
in APPPATH\Views\banner\index.php on line 66.
 1 APPPATH\Views\banner\index.php(66): CodeIgniter\Debug\Exceptions->errorHandler(2, 'Undefined array key "id"', 'APPPATH\\Views\\banner\\index.php', 66)
 2 SYSTEMPATH\View\View.php(213): include('APPPATH\\Views\\banner\\index.php')
 3 SYSTEMPATH\View\View.php(216): CodeIgniter\View\View->CodeIgniter\View\{closure}()
 4 SYSTEMPATH\Common.php(1134): CodeIgniter\View\View->render('banner/index', [], true)
 5 APPPATH\Controllers\banner.php(27): view('banner/index', [...])
 6 SYSTEMPATH\CodeIgniter.php(927): App\Controllers\banner->index()
 7 SYSTEMPATH\CodeIgniter.php(482): CodeIgniter\CodeIgniter->runController(Object(App\Controllers\banner))
 8 SYSTEMPATH\CodeIgniter.php(351): CodeIgniter\CodeIgniter->handleRequest(null, Object(Config\Cache), false)
 9 FCPATH\index.php(67): CodeIgniter\CodeIgniter->run()
10 SYSTEMPATH\Commands\Server\rewrite.php(46): require_once('FCPATH\\index.php')
CRITICAL - 2023-07-15 02:29:30 --> Undefined array key "id"
in APPPATH\Views\banner\index.php on line 66.
 1 APPPATH\Views\banner\index.php(66): CodeIgniter\Debug\Exceptions->errorHandler(2, 'Undefined array key "id"', 'APPPATH\\Views\\banner\\index.php', 66)
 2 SYSTEMPATH\View\View.php(213): include('APPPATH\\Views\\banner\\index.php')
 3 SYSTEMPATH\View\View.php(216): CodeIgniter\View\View->CodeIgniter\View\{closure}()
 4 SYSTEMPATH\Common.php(1134): CodeIgniter\View\View->render('banner/index', [], true)
 5 APPPATH\Controllers\banner.php(27): view('banner/index', [...])
 6 SYSTEMPATH\CodeIgniter.php(927): App\Controllers\banner->index()
 7 SYSTEMPATH\CodeIgniter.php(482): CodeIgniter\CodeIgniter->runController(Object(App\Controllers\banner))
 8 SYSTEMPATH\CodeIgniter.php(351): CodeIgniter\CodeIgniter->handleRequest(null, Object(Config\Cache), false)
 9 FCPATH\index.php(67): CodeIgniter\CodeIgniter->run()
10 SYSTEMPATH\Commands\Server\rewrite.php(46): require_once('FCPATH\\index.php')
CRITICAL - 2023-07-15 02:29:57 --> Undefined array key "id"
in APPPATH\Views\banner\index.php on line 66.
 1 APPPATH\Views\banner\index.php(66): CodeIgniter\Debug\Exceptions->errorHandler(2, 'Undefined array key "id"', 'APPPATH\\Views\\banner\\index.php', 66)
 2 SYSTEMPATH\View\View.php(213): include('APPPATH\\Views\\banner\\index.php')
 3 SYSTEMPATH\View\View.php(216): CodeIgniter\View\View->CodeIgniter\View\{closure}()
 4 SYSTEMPATH\Common.php(1134): CodeIgniter\View\View->render('banner/index', [], true)
 5 APPPATH\Controllers\banner.php(27): view('banner/index', [...])
 6 SYSTEMPATH\CodeIgniter.php(927): App\Controllers\banner->index()
 7 SYSTEMPATH\CodeIgniter.php(482): CodeIgniter\CodeIgniter->runController(Object(App\Controllers\banner))
 8 SYSTEMPATH\CodeIgniter.php(351): CodeIgniter\CodeIgniter->handleRequest(null, Object(Config\Cache), false)
 9 FCPATH\index.php(67): CodeIgniter\CodeIgniter->run()
10 SYSTEMPATH\Commands\Server\rewrite.php(46): require_once('FCPATH\\index.php')
CRITICAL - 2023-07-15 02:30:00 --> Undefined array key "id"
in APPPATH\Views\banner\index.php on line 66.
 1 APPPATH\Views\banner\index.php(66): CodeIgniter\Debug\Exceptions->errorHandler(2, 'Undefined array key "id"', 'APPPATH\\Views\\banner\\index.php', 66)
 2 SYSTEMPATH\View\View.php(213): include('APPPATH\\Views\\banner\\index.php')
 3 SYSTEMPATH\View\View.php(216): CodeIgniter\View\View->CodeIgniter\View\{closure}()
 4 SYSTEMPATH\Common.php(1134): CodeIgniter\View\View->render('banner/index', [], true)
 5 APPPATH\Controllers\banner.php(27): view('banner/index', [...])
 6 SYSTEMPATH\CodeIgniter.php(927): App\Controllers\banner->index()
 7 SYSTEMPATH\CodeIgniter.php(482): CodeIgniter\CodeIgniter->runController(Object(App\Controllers\banner))
 8 SYSTEMPATH\CodeIgniter.php(351): CodeIgniter\CodeIgniter->handleRequest(null, Object(Config\Cache), false)
 9 FCPATH\index.php(67): CodeIgniter\CodeIgniter->run()
10 SYSTEMPATH\Commands\Server\rewrite.php(46): require_once('FCPATH\\index.php')
CRITICAL - 2023-07-15 02:58:45 --> Undefined array key "id"
in APPPATH\Views\banner\index.php on line 65.
 1 APPPATH\Views\banner\index.php(65): CodeIgniter\Debug\Exceptions->errorHandler(2, 'Undefined array key "id"', 'APPPATH\\Views\\banner\\index.php', 65)
 2 SYSTEMPATH\View\View.php(213): include('APPPATH\\Views\\banner\\index.php')
 3 SYSTEMPATH\View\View.php(216): CodeIgniter\View\View->CodeIgniter\View\{closure}()
 4 SYSTEMPATH\Common.php(1134): CodeIgniter\View\View->render('banner/index', [], true)
 5 APPPATH\Controllers\banner.php(27): view('banner/index', [...])
 6 SYSTEMPATH\CodeIgniter.php(927): App\Controllers\banner->index()
 7 SYSTEMPATH\CodeIgniter.php(482): CodeIgniter\CodeIgniter->runController(Object(App\Controllers\banner))
 8 SYSTEMPATH\CodeIgniter.php(351): CodeIgniter\CodeIgniter->handleRequest(null, Object(Config\Cache), false)
 9 FCPATH\index.php(67): CodeIgniter\CodeIgniter->run()
10 SYSTEMPATH\Commands\Server\rewrite.php(46): require_once('FCPATH\\index.php')
CRITICAL - 2023-07-15 11:01:53 --> Undefined array key "id"
in APPPATH\Views\banner\index.php on line 65.
 1 APPPATH\Views\banner\index.php(65): CodeIgniter\Debug\Exceptions->errorHandler(2, 'Undefined array key "id"', 'APPPATH\\Views\\banner\\index.php', 65)
 2 SYSTEMPATH\View\View.php(213): include('APPPATH\\Views\\banner\\index.php')
 3 SYSTEMPATH\View\View.php(216): CodeIgniter\View\View->CodeIgniter\View\{closure}()
 4 SYSTEMPATH\Common.php(1134): CodeIgniter\View\View->render('banner/index', [], true)
 5 APPPATH\Controllers\banner.php(27): view('banner/index', [...])
 6 SYSTEMPATH\CodeIgniter.php(927): App\Controllers\banner->index()
 7 SYSTEMPATH\CodeIgniter.php(482): CodeIgniter\CodeIgniter->runController(Object(App\Controllers\banner))
 8 SYSTEMPATH\CodeIgniter.php(351): CodeIgniter\CodeIgniter->handleRequest(null, Object(Config\Cache), false)
 9 FCPATH\index.php(67): CodeIgniter\CodeIgniter->run()
10 SYSTEMPATH\Commands\Server\rewrite.php(46): require_once('FCPATH\\index.php')
