CRITICAL - 2023-08-04 08:48:11 --> Invalid file: team/edit.php
in SYSTEMPATH\Exceptions\FrameworkException.php on line 33.
 1 SYSTEMPATH\View\View.php(201): CodeIgniter\Exceptions\FrameworkException::forInvalidFile('team/edit.php')
 2 SYSTEMPATH\Common.php(1134): CodeIgniter\View\View->render('team/edit', [], true)
 3 APPPATH\Controllers\team.php(69): view('team/edit', [...])
 4 SYSTEMPATH\CodeIgniter.php(927): App\Controllers\team->edit('1')
 5 SYSTEMPATH\CodeIgniter.php(482): CodeIgniter\CodeIgniter->runController(Object(App\Controllers\team))
 6 SYSTEMPATH\CodeIgniter.php(351): CodeIgniter\CodeIgniter->handleRequest(null, Object(Config\Cache), false)
 7 FCPATH\index.php(67): CodeIgniter\CodeIgniter->run()
 8 SYSTEMPATH\Commands\Server\rewrite.php(46): require_once('FCPATH\\index.php')
CRITICAL - 2023-08-04 09:04:32 --> Undefined array key "pimpinan"
in APPPATH\Views\team\edit.php on line 14.
 1 APPPATH\Views\team\edit.php(14): CodeIgniter\Debug\Exceptions->errorHandler(2, 'Undefined array key "pimpinan"', 'APPPATH\\Views\\team\\edit.php', 14)
 2 SYSTEMPATH\View\View.php(213): include('APPPATH\\Views\\team\\edit.php')
 3 SYSTEMPATH\View\View.php(216): CodeIgniter\View\View->CodeIgniter\View\{closure}()
 4 SYSTEMPATH\Common.php(1134): CodeIgniter\View\View->render('team/edit', [], true)
 5 APPPATH\Controllers\team.php(69): view('team/edit', [...])
 6 SYSTEMPATH\CodeIgniter.php(927): App\Controllers\team->edit('1')
 7 SYSTEMPATH\CodeIgniter.php(482): CodeIgniter\CodeIgniter->runController(Object(App\Controllers\team))
 8 SYSTEMPATH\CodeIgniter.php(351): CodeIgniter\CodeIgniter->handleRequest(null, Object(Config\Cache), false)
 9 FCPATH\index.php(67): CodeIgniter\CodeIgniter->run()
10 SYSTEMPATH\Commands\Server\rewrite.php(46): require_once('FCPATH\\index.php')
CRITICAL - 2023-08-04 09:40:47 --> Class "App\Models\serviceModel" not found
in APPPATH\Controllers\service.php on line 14.
 1 SYSTEMPATH\CodeIgniter.php(889): App\Controllers\service->__construct()
 2 SYSTEMPATH\CodeIgniter.php(473): CodeIgniter\CodeIgniter->createController()
 3 SYSTEMPATH\CodeIgniter.php(351): CodeIgniter\CodeIgniter->handleRequest(null, Object(Config\Cache), false)
 4 FCPATH\index.php(67): CodeIgniter\CodeIgniter->run()
 5 SYSTEMPATH\Commands\Server\rewrite.php(46): require_once('FCPATH\\index.php')
CRITICAL - 2023-08-04 09:41:40 --> Class "App\Models\serviceModel" not found
in APPPATH\Controllers\service.php on line 14.
 1 SYSTEMPATH\CodeIgniter.php(889): App\Controllers\service->__construct()
 2 SYSTEMPATH\CodeIgniter.php(473): CodeIgniter\CodeIgniter->createController()
 3 SYSTEMPATH\CodeIgniter.php(351): CodeIgniter\CodeIgniter->handleRequest(null, Object(Config\Cache), false)
 4 FCPATH\index.php(67): CodeIgniter\CodeIgniter->run()
 5 SYSTEMPATH\Commands\Server\rewrite.php(46): require_once('FCPATH\\index.php')
CRITICAL - 2023-08-04 09:41:45 --> Class "App\Models\serviceModel" not found
in APPPATH\Controllers\service.php on line 14.
 1 SYSTEMPATH\CodeIgniter.php(889): App\Controllers\service->__construct()
 2 SYSTEMPATH\CodeIgniter.php(473): CodeIgniter\CodeIgniter->createController()
 3 SYSTEMPATH\CodeIgniter.php(351): CodeIgniter\CodeIgniter->handleRequest(null, Object(Config\Cache), false)
 4 FCPATH\index.php(67): CodeIgniter\CodeIgniter->run()
 5 SYSTEMPATH\Commands\Server\rewrite.php(46): require_once('FCPATH\\index.php')
