CRITICAL - 2023-07-04 10:12:24 --> syntax error, unexpected variable "$profil", expecting ";" or "{"
in APPPATH\Controllers\profil.php on line 14.
 1 SYSTEMPATH\Autoloader\Autoloader.php(259): CodeIgniter\Autoloader\Autoloader->includeFile('APPPATH\\Controllers\\profil.php')
 2 SYSTEMPATH\Autoloader\Autoloader.php(237): CodeIgniter\Autoloader\Autoloader->loadInNamespace('App\\Controllers\\profil')
 3 [internal function]: CodeIgniter\Autoloader\Autoloader->loadClass('App\\Controllers\\profil')
 4 SYSTEMPATH\CodeIgniter.php(877): class_exists('\\App\\Controllers\\profil', true)
 5 SYSTEMPATH\CodeIgniter.php(469): CodeIgniter\CodeIgniter->startController()
 6 SYSTEMPATH\CodeIgniter.php(351): CodeIgniter\CodeIgniter->handleRequest(null, Object(Config\Cache), false)
 7 FCPATH\index.php(67): CodeIgniter\CodeIgniter->run()
 8 SYSTEMPATH\Commands\Server\rewrite.php(46): require_once('FCPATH\\index.php')
CRITICAL - 2023-07-04 10:16:21 --> Class "App\Controller\BaseController" not found
in APPPATH\Controllers\profil.php on line 5.
 1 SYSTEMPATH\Autoloader\Autoloader.php(282): include_once()
 2 SYSTEMPATH\Autoloader\Autoloader.php(259): CodeIgniter\Autoloader\Autoloader->includeFile('APPPATH\\Controllers\\profil.php')
 3 SYSTEMPATH\Autoloader\Autoloader.php(237): CodeIgniter\Autoloader\Autoloader->loadInNamespace('App\\Controllers\\profil')
 4 [internal function]: CodeIgniter\Autoloader\Autoloader->loadClass('App\\Controllers\\profil')
 5 SYSTEMPATH\CodeIgniter.php(877): class_exists('\\App\\Controllers\\profil', true)
 6 SYSTEMPATH\CodeIgniter.php(469): CodeIgniter\CodeIgniter->startController()
 7 SYSTEMPATH\CodeIgniter.php(351): CodeIgniter\CodeIgniter->handleRequest(null, Object(Config\Cache), false)
 8 FCPATH\index.php(67): CodeIgniter\CodeIgniter->run()
 9 SYSTEMPATH\Commands\Server\rewrite.php(46): require_once('FCPATH\\index.php')
CRITICAL - 2023-07-04 10:19:06 --> Class "App\Controller\BaseController" not found
in APPPATH\Controllers\profil.php on line 5.
 1 SYSTEMPATH\Autoloader\Autoloader.php(282): include_once()
 2 SYSTEMPATH\Autoloader\Autoloader.php(259): CodeIgniter\Autoloader\Autoloader->includeFile('APPPATH\\Controllers\\profil.php')
 3 SYSTEMPATH\Autoloader\Autoloader.php(237): CodeIgniter\Autoloader\Autoloader->loadInNamespace('App\\Controllers\\profil')
 4 [internal function]: CodeIgniter\Autoloader\Autoloader->loadClass('App\\Controllers\\profil')
 5 SYSTEMPATH\CodeIgniter.php(877): class_exists('\\App\\Controllers\\profil', true)
 6 SYSTEMPATH\CodeIgniter.php(469): CodeIgniter\CodeIgniter->startController()
 7 SYSTEMPATH\CodeIgniter.php(351): CodeIgniter\CodeIgniter->handleRequest(null, Object(Config\Cache), false)
 8 FCPATH\index.php(67): CodeIgniter\CodeIgniter->run()
 9 SYSTEMPATH\Commands\Server\rewrite.php(46): require_once('FCPATH\\index.php')
CRITICAL - 2023-07-04 10:21:21 --> Invalid file: Home/index.php
in SYSTEMPATH\Exceptions\FrameworkException.php on line 33.
 1 SYSTEMPATH\View\View.php(201): CodeIgniter\Exceptions\FrameworkException::forInvalidFile('Home/index.php')
 2 SYSTEMPATH\Common.php(1134): CodeIgniter\View\View->render('Home/index', [], true)
 3 APPPATH\Controllers\profil.php(17): view('Home/index', [...])
 4 SYSTEMPATH\CodeIgniter.php(927): App\Controllers\profil->index()
 5 SYSTEMPATH\CodeIgniter.php(482): CodeIgniter\CodeIgniter->runController(Object(App\Controllers\profil))
 6 SYSTEMPATH\CodeIgniter.php(351): CodeIgniter\CodeIgniter->handleRequest(null, Object(Config\Cache), false)
 7 FCPATH\index.php(67): CodeIgniter\CodeIgniter->run()
 8 SYSTEMPATH\Commands\Server\rewrite.php(46): require_once('FCPATH\\index.php')
CRITICAL - 2023-07-04 10:21:28 --> Invalid file: Home/index.php
in SYSTEMPATH\Exceptions\FrameworkException.php on line 33.
 1 SYSTEMPATH\View\View.php(201): CodeIgniter\Exceptions\FrameworkException::forInvalidFile('Home/index.php')
 2 SYSTEMPATH\Common.php(1134): CodeIgniter\View\View->render('Home/index', [], true)
 3 APPPATH\Controllers\profil.php(17): view('Home/index', [...])
 4 SYSTEMPATH\CodeIgniter.php(927): App\Controllers\profil->index()
 5 SYSTEMPATH\CodeIgniter.php(482): CodeIgniter\CodeIgniter->runController(Object(App\Controllers\profil))
 6 SYSTEMPATH\CodeIgniter.php(351): CodeIgniter\CodeIgniter->handleRequest(null, Object(Config\Cache), false)
 7 FCPATH\index.php(67): CodeIgniter\CodeIgniter->run()
 8 SYSTEMPATH\Commands\Server\rewrite.php(46): require_once('FCPATH\\index.php')
CRITICAL - 2023-07-04 10:21:52 --> Undefined variable $portfolio
in APPPATH\Views\profil\index.php on line 138.
 1 APPPATH\Views\profil\index.php(138): CodeIgniter\Debug\Exceptions->errorHandler(2, 'Undefined variable $portfolio', 'APPPATH\\Views\\profil\\index.php', 138)
 2 SYSTEMPATH\View\View.php(213): include('APPPATH\\Views\\profil\\index.php')
 3 SYSTEMPATH\View\View.php(216): CodeIgniter\View\View->CodeIgniter\View\{closure}()
 4 SYSTEMPATH\Common.php(1134): CodeIgniter\View\View->render('Profil/index', [], true)
 5 APPPATH\Controllers\profil.php(17): view('Profil/index', [...])
 6 SYSTEMPATH\CodeIgniter.php(927): App\Controllers\profil->index()
 7 SYSTEMPATH\CodeIgniter.php(482): CodeIgniter\CodeIgniter->runController(Object(App\Controllers\profil))
 8 SYSTEMPATH\CodeIgniter.php(351): CodeIgniter\CodeIgniter->handleRequest(null, Object(Config\Cache), false)
 9 FCPATH\index.php(67): CodeIgniter\CodeIgniter->run()
10 SYSTEMPATH\Commands\Server\rewrite.php(46): require_once('FCPATH\\index.php')
ERROR - 2023-07-04 14:17:00 --> Error connecting to the database: mysqli_sql_exception: No connection could be made because the target machine actively refused it in C:\xampp\htdocs\msaa\system\Database\MySQLi\Connection.php:171
Stack trace:
#0 C:\xampp\htdocs\msaa\system\Database\MySQLi\Connection.php(171): mysqli->real_connect('localhost', 'root', '', 'msaa', 3306, '', 0)
#1 C:\xampp\htdocs\msaa\system\Database\BaseConnection.php(382): CodeIgniter\Database\MySQLi\Connection->connect(false)
#2 C:\xampp\htdocs\msaa\system\Database\BaseConnection.php(561): CodeIgniter\Database\BaseConnection->initialize()
#3 C:\xampp\htdocs\msaa\system\Database\BaseBuilder.php(1585): CodeIgniter\Database\BaseConnection->query('SELECT *\nFROM `...', Array, false)
#4 C:\xampp\htdocs\msaa\system\Model.php(223): CodeIgniter\Database\BaseBuilder->get()
#5 C:\xampp\htdocs\msaa\system\BaseModel.php(585): CodeIgniter\Model->doFindAll(0, 0)
#6 C:\xampp\htdocs\msaa\app\Models\profilModel.php(29): CodeIgniter\BaseModel->findAll()
#7 C:\xampp\htdocs\msaa\app\Controllers\profil.php(15): App\Models\profilModel->getprofil()
#8 C:\xampp\htdocs\msaa\system\CodeIgniter.php(927): App\Controllers\profil->index()
#9 C:\xampp\htdocs\msaa\system\CodeIgniter.php(482): CodeIgniter\CodeIgniter->runController(Object(App\Controllers\profil))
#10 C:\xampp\htdocs\msaa\system\CodeIgniter.php(351): CodeIgniter\CodeIgniter->handleRequest(NULL, Object(Config\Cache), false)
#11 C:\xampp\htdocs\msaa\public\index.php(67): CodeIgniter\CodeIgniter->run()
#12 C:\xampp\htdocs\msaa\system\Commands\Server\rewrite.php(46): require_once('C:\\xampp\\htdocs...')
#13 {main}

Next CodeIgniter\Database\Exceptions\DatabaseException: No connection could be made because the target machine actively refused it in C:\xampp\htdocs\msaa\system\Database\MySQLi\Connection.php:215
Stack trace:
#0 C:\xampp\htdocs\msaa\system\Database\BaseConnection.php(382): CodeIgniter\Database\MySQLi\Connection->connect(false)
#1 C:\xampp\htdocs\msaa\system\Database\BaseConnection.php(561): CodeIgniter\Database\BaseConnection->initialize()
#2 C:\xampp\htdocs\msaa\system\Database\BaseBuilder.php(1585): CodeIgniter\Database\BaseConnection->query('SELECT *\nFROM `...', Array, false)
#3 C:\xampp\htdocs\msaa\system\Model.php(223): CodeIgniter\Database\BaseBuilder->get()
#4 C:\xampp\htdocs\msaa\system\BaseModel.php(585): CodeIgniter\Model->doFindAll(0, 0)
#5 C:\xampp\htdocs\msaa\app\Models\profilModel.php(29): CodeIgniter\BaseModel->findAll()
#6 C:\xampp\htdocs\msaa\app\Controllers\profil.php(15): App\Models\profilModel->getprofil()
#7 C:\xampp\htdocs\msaa\system\CodeIgniter.php(927): App\Controllers\profil->index()
#8 C:\xampp\htdocs\msaa\system\CodeIgniter.php(482): CodeIgniter\CodeIgniter->runController(Object(App\Controllers\profil))
#9 C:\xampp\htdocs\msaa\system\CodeIgniter.php(351): CodeIgniter\CodeIgniter->handleRequest(NULL, Object(Config\Cache), false)
#10 C:\xampp\htdocs\msaa\public\index.php(67): CodeIgniter\CodeIgniter->run()
#11 C:\xampp\htdocs\msaa\system\Commands\Server\rewrite.php(46): require_once('C:\\xampp\\htdocs...')
#12 {main}
CRITICAL - 2023-07-04 14:17:00 --> Unable to connect to the database.
Main connection [MySQLi]: No connection could be made because the target machine actively refused it
in SYSTEMPATH\Database\BaseConnection.php on line 418.
 1 SYSTEMPATH\Database\BaseConnection.php(561): CodeIgniter\Database\BaseConnection->initialize()
 2 SYSTEMPATH\Database\BaseBuilder.php(1585): CodeIgniter\Database\BaseConnection->query('SELECT *
FROM `lp`', [], false)
 3 SYSTEMPATH\Model.php(223): CodeIgniter\Database\BaseBuilder->get()
 4 SYSTEMPATH\BaseModel.php(585): CodeIgniter\Model->doFindAll(0, 0)
 5 APPPATH\Models\profilModel.php(29): CodeIgniter\BaseModel->findAll()
 6 APPPATH\Controllers\profil.php(15): App\Models\profilModel->getprofil()
 7 SYSTEMPATH\CodeIgniter.php(927): App\Controllers\profil->index()
 8 SYSTEMPATH\CodeIgniter.php(482): CodeIgniter\CodeIgniter->runController(Object(App\Controllers\profil))
 9 SYSTEMPATH\CodeIgniter.php(351): CodeIgniter\CodeIgniter->handleRequest(null, Object(Config\Cache), false)
10 FCPATH\index.php(67): CodeIgniter\CodeIgniter->run()
11 SYSTEMPATH\Commands\Server\rewrite.php(46): require_once('FCPATH\\index.php')
CRITICAL - 2023-07-04 15:16:49 --> Cannot access offset of type string on string
in APPPATH\Views\profil\edit.php on line 10.
 1 SYSTEMPATH\View\View.php(213): include()
 2 SYSTEMPATH\View\View.php(216): CodeIgniter\View\View->CodeIgniter\View\{closure}()
 3 SYSTEMPATH\Common.php(1134): CodeIgniter\View\View->render('profil/edit', [], true)
 4 APPPATH\Controllers\profil.php(34): view('profil/edit', [...])
 5 SYSTEMPATH\CodeIgniter.php(927): App\Controllers\profil->edit('1')
 6 SYSTEMPATH\CodeIgniter.php(482): CodeIgniter\CodeIgniter->runController(Object(App\Controllers\profil))
 7 SYSTEMPATH\CodeIgniter.php(351): CodeIgniter\CodeIgniter->handleRequest(null, Object(Config\Cache), false)
 8 FCPATH\index.php(67): CodeIgniter\CodeIgniter->run()
 9 SYSTEMPATH\Commands\Server\rewrite.php(46): require_once('FCPATH\\index.php')
CRITICAL - 2023-07-04 16:57:20 --> Cannot access offset of type string on string
in APPPATH\Views\profil\edit.php on line 10.
 1 SYSTEMPATH\View\View.php(213): include()
 2 SYSTEMPATH\View\View.php(216): CodeIgniter\View\View->CodeIgniter\View\{closure}()
 3 SYSTEMPATH\Common.php(1134): CodeIgniter\View\View->render('profil/edit', [], true)
 4 APPPATH\Controllers\profil.php(34): view('profil/edit', [...])
 5 SYSTEMPATH\CodeIgniter.php(927): App\Controllers\profil->edit('1')
 6 SYSTEMPATH\CodeIgniter.php(482): CodeIgniter\CodeIgniter->runController(Object(App\Controllers\profil))
 7 SYSTEMPATH\CodeIgniter.php(351): CodeIgniter\CodeIgniter->handleRequest(null, Object(Config\Cache), false)
 8 FCPATH\index.php(67): CodeIgniter\CodeIgniter->run()
 9 SYSTEMPATH\Commands\Server\rewrite.php(46): require_once('FCPATH\\index.php')
CRITICAL - 2023-07-04 16:58:10 --> Cannot access offset of type string on string
in APPPATH\Views\profil\edit.php on line 10.
 1 SYSTEMPATH\View\View.php(213): include()
 2 SYSTEMPATH\View\View.php(216): CodeIgniter\View\View->CodeIgniter\View\{closure}()
 3 SYSTEMPATH\Common.php(1134): CodeIgniter\View\View->render('profil/edit', [], true)
 4 APPPATH\Controllers\profil.php(34): view('profil/edit', [...])
 5 SYSTEMPATH\CodeIgniter.php(927): App\Controllers\profil->edit('1')
 6 SYSTEMPATH\CodeIgniter.php(482): CodeIgniter\CodeIgniter->runController(Object(App\Controllers\profil))
 7 SYSTEMPATH\CodeIgniter.php(351): CodeIgniter\CodeIgniter->handleRequest(null, Object(Config\Cache), false)
 8 FCPATH\index.php(67): CodeIgniter\CodeIgniter->run()
 9 SYSTEMPATH\Commands\Server\rewrite.php(46): require_once('FCPATH\\index.php')
CRITICAL - 2023-07-04 17:59:04 --> Undefined variable $portfolio
in APPPATH\Views\profil\edit.php on line 57.
 1 APPPATH\Views\profil\edit.php(57): CodeIgniter\Debug\Exceptions->errorHandler(2, 'Undefined variable $portfolio', 'APPPATH\\Views\\profil\\edit.php', 57)
 2 SYSTEMPATH\View\View.php(213): include('APPPATH\\Views\\profil\\edit.php')
 3 SYSTEMPATH\View\View.php(216): CodeIgniter\View\View->CodeIgniter\View\{closure}()
 4 SYSTEMPATH\Common.php(1134): CodeIgniter\View\View->render('profil/edit', [], true)
 5 APPPATH\Controllers\profil.php(34): view('profil/edit', [...])
 6 SYSTEMPATH\CodeIgniter.php(927): App\Controllers\profil->edit('1')
 7 SYSTEMPATH\CodeIgniter.php(482): CodeIgniter\CodeIgniter->runController(Object(App\Controllers\profil))
 8 SYSTEMPATH\CodeIgniter.php(351): CodeIgniter\CodeIgniter->handleRequest(null, Object(Config\Cache), false)
 9 FCPATH\index.php(67): CodeIgniter\CodeIgniter->run()
10 SYSTEMPATH\Commands\Server\rewrite.php(46): require_once('FCPATH\\index.php')
CRITICAL - 2023-07-04 17:59:28 --> Undefined variable $portfolio
in APPPATH\Views\profil\edit.php on line 60.
 1 APPPATH\Views\profil\edit.php(60): CodeIgniter\Debug\Exceptions->errorHandler(2, 'Undefined variable $portfolio', 'APPPATH\\Views\\profil\\edit.php', 60)
 2 SYSTEMPATH\View\View.php(213): include('APPPATH\\Views\\profil\\edit.php')
 3 SYSTEMPATH\View\View.php(216): CodeIgniter\View\View->CodeIgniter\View\{closure}()
 4 SYSTEMPATH\Common.php(1134): CodeIgniter\View\View->render('profil/edit', [], true)
 5 APPPATH\Controllers\profil.php(34): view('profil/edit', [...])
 6 SYSTEMPATH\CodeIgniter.php(927): App\Controllers\profil->edit('1')
 7 SYSTEMPATH\CodeIgniter.php(482): CodeIgniter\CodeIgniter->runController(Object(App\Controllers\profil))
 8 SYSTEMPATH\CodeIgniter.php(351): CodeIgniter\CodeIgniter->handleRequest(null, Object(Config\Cache), false)
 9 FCPATH\index.php(67): CodeIgniter\CodeIgniter->run()
10 SYSTEMPATH\Commands\Server\rewrite.php(46): require_once('FCPATH\\index.php')
CRITICAL - 2023-07-04 17:59:51 --> Undefined array key "gambar"
in APPPATH\Views\profil\edit.php on line 60.
 1 APPPATH\Views\profil\edit.php(60): CodeIgniter\Debug\Exceptions->errorHandler(2, 'Undefined array key "gambar"', 'APPPATH\\Views\\profil\\edit.php', 60)
 2 SYSTEMPATH\View\View.php(213): include('APPPATH\\Views\\profil\\edit.php')
 3 SYSTEMPATH\View\View.php(216): CodeIgniter\View\View->CodeIgniter\View\{closure}()
 4 SYSTEMPATH\Common.php(1134): CodeIgniter\View\View->render('profil/edit', [], true)
 5 APPPATH\Controllers\profil.php(34): view('profil/edit', [...])
 6 SYSTEMPATH\CodeIgniter.php(927): App\Controllers\profil->edit('1')
 7 SYSTEMPATH\CodeIgniter.php(482): CodeIgniter\CodeIgniter->runController(Object(App\Controllers\profil))
 8 SYSTEMPATH\CodeIgniter.php(351): CodeIgniter\CodeIgniter->handleRequest(null, Object(Config\Cache), false)
 9 FCPATH\index.php(67): CodeIgniter\CodeIgniter->run()
10 SYSTEMPATH\Commands\Server\rewrite.php(46): require_once('FCPATH\\index.php')
