CRITICAL - 2023-02-12 01:29:43 --> Undefined property: CodeIgniter\View\View::$endsection
in APPPATH\Views\portfolio\form.php on line 5.
 1 APPPATH\Views\portfolio\form.php(5): CodeIgniter\Debug\Exceptions->errorHandler(2, 'Undefined property: CodeIgniter\\View\\View::$endsection', 'APPPATH\\Views\\portfolio\\form.php', 5)
 2 SYSTEMPATH\View\View.php(213): include('APPPATH\\Views\\portfolio\\form.php')
 3 SYSTEMPATH\View\View.php(216): CodeIgniter\View\View->CodeIgniter\View\{closure}()
 4 SYSTEMPATH\Common.php(1134): CodeIgniter\View\View->render('portfolio/form', [], true)
 5 APPPATH\Controllers\admin.php(29): view('portfolio/form')
 6 SYSTEMPATH\CodeIgniter.php(927): App\Controllers\admin->portfolio_create()
 7 SYSTEMPATH\CodeIgniter.php(482): CodeIgniter\CodeIgniter->runController(Object(App\Controllers\admin))
 8 SYSTEMPATH\CodeIgniter.php(351): CodeIgniter\CodeIgniter->handleRequest(null, Object(Config\Cache), false)
 9 FCPATH\index.php(67): CodeIgniter\CodeIgniter->run()
10 SYSTEMPATH\Commands\Server\rewrite.php(46): require_once('FCPATH\\index.php')
CRITICAL - 2023-02-12 05:31:56 --> Call to a member function move() on null
in APPPATH\Controllers\admin.php on line 34.
 1 SYSTEMPATH\CodeIgniter.php(927): App\Controllers\admin->portfolio_save()
 2 SYSTEMPATH\CodeIgniter.php(482): CodeIgniter\CodeIgniter->runController(Object(App\Controllers\admin))
 3 SYSTEMPATH\CodeIgniter.php(351): CodeIgniter\CodeIgniter->handleRequest(null, Object(Config\Cache), false)
 4 FCPATH\index.php(67): CodeIgniter\CodeIgniter->run()
 5 SYSTEMPATH\Commands\Server\rewrite.php(46): require_once('FCPATH\\index.php')
CRITICAL - 2023-02-12 05:41:38 --> Call to a member function move() on null
in APPPATH\Controllers\admin.php on line 34.
 1 SYSTEMPATH\CodeIgniter.php(927): App\Controllers\admin->portfolio_save()
 2 SYSTEMPATH\CodeIgniter.php(482): CodeIgniter\CodeIgniter->runController(Object(App\Controllers\admin))
 3 SYSTEMPATH\CodeIgniter.php(351): CodeIgniter\CodeIgniter->handleRequest(null, Object(Config\Cache), false)
 4 FCPATH\index.php(67): CodeIgniter\CodeIgniter->run()
 5 SYSTEMPATH\Commands\Server\rewrite.php(46): require_once('FCPATH\\index.php')
CRITICAL - 2023-02-12 05:54:20 --> Undefined variable $fiile
in APPPATH\Controllers\admin.php on line 34.
 1 APPPATH\Controllers\admin.php(34): CodeIgniter\Debug\Exceptions->errorHandler(2, 'Undefined variable $fiile', 'APPPATH\\Controllers\\admin.php', 34)
 2 SYSTEMPATH\CodeIgniter.php(927): App\Controllers\admin->portfolio_save()
 3 SYSTEMPATH\CodeIgniter.php(482): CodeIgniter\CodeIgniter->runController(Object(App\Controllers\admin))
 4 SYSTEMPATH\CodeIgniter.php(351): CodeIgniter\CodeIgniter->handleRequest(null, Object(Config\Cache), false)
 5 FCPATH\index.php(67): CodeIgniter\CodeIgniter->run()
 6 SYSTEMPATH\Commands\Server\rewrite.php(46): require_once('FCPATH\\index.php')
CRITICAL - 2023-02-12 05:56:24 --> Call to a member function move() on null
in APPPATH\Controllers\admin.php on line 34.
 1 SYSTEMPATH\CodeIgniter.php(927): App\Controllers\admin->portfolio_save()
 2 SYSTEMPATH\CodeIgniter.php(482): CodeIgniter\CodeIgniter->runController(Object(App\Controllers\admin))
 3 SYSTEMPATH\CodeIgniter.php(351): CodeIgniter\CodeIgniter->handleRequest(null, Object(Config\Cache), false)
 4 FCPATH\index.php(67): CodeIgniter\CodeIgniter->run()
 5 SYSTEMPATH\Commands\Server\rewrite.php(46): require_once('FCPATH\\index.php')
CRITICAL - 2023-02-12 05:56:49 --> Call to a member function Move() on null
in APPPATH\Controllers\admin.php on line 34.
 1 SYSTEMPATH\CodeIgniter.php(927): App\Controllers\admin->portfolio_save()
 2 SYSTEMPATH\CodeIgniter.php(482): CodeIgniter\CodeIgniter->runController(Object(App\Controllers\admin))
 3 SYSTEMPATH\CodeIgniter.php(351): CodeIgniter\CodeIgniter->handleRequest(null, Object(Config\Cache), false)
 4 FCPATH\index.php(67): CodeIgniter\CodeIgniter->run()
 5 SYSTEMPATH\Commands\Server\rewrite.php(46): require_once('FCPATH\\index.php')
CRITICAL - 2023-02-12 05:57:15 --> Call to a member function Move() on null
in APPPATH\Controllers\admin.php on line 34.
 1 SYSTEMPATH\CodeIgniter.php(927): App\Controllers\admin->portfolio_save()
 2 SYSTEMPATH\CodeIgniter.php(482): CodeIgniter\CodeIgniter->runController(Object(App\Controllers\admin))
 3 SYSTEMPATH\CodeIgniter.php(351): CodeIgniter\CodeIgniter->handleRequest(null, Object(Config\Cache), false)
 4 FCPATH\index.php(67): CodeIgniter\CodeIgniter->run()
 5 SYSTEMPATH\Commands\Server\rewrite.php(46): require_once('FCPATH\\index.php')
CRITICAL - 2023-02-12 05:58:06 --> Call to a member function Move() on null
in APPPATH\Controllers\admin.php on line 34.
 1 SYSTEMPATH\CodeIgniter.php(927): App\Controllers\admin->portfolio_save()
 2 SYSTEMPATH\CodeIgniter.php(482): CodeIgniter\CodeIgniter->runController(Object(App\Controllers\admin))
 3 SYSTEMPATH\CodeIgniter.php(351): CodeIgniter\CodeIgniter->handleRequest(null, Object(Config\Cache), false)
 4 FCPATH\index.php(67): CodeIgniter\CodeIgniter->run()
 5 SYSTEMPATH\Commands\Server\rewrite.php(46): require_once('FCPATH\\index.php')
CRITICAL - 2023-02-12 05:59:18 --> Call to a member function Move() on null
in APPPATH\Controllers\admin.php on line 34.
 1 SYSTEMPATH\CodeIgniter.php(927): App\Controllers\admin->portfolio_save()
 2 SYSTEMPATH\CodeIgniter.php(482): CodeIgniter\CodeIgniter->runController(Object(App\Controllers\admin))
 3 SYSTEMPATH\CodeIgniter.php(351): CodeIgniter\CodeIgniter->handleRequest(null, Object(Config\Cache), false)
 4 FCPATH\index.php(67): CodeIgniter\CodeIgniter->run()
 5 SYSTEMPATH\Commands\Server\rewrite.php(46): require_once('FCPATH\\index.php')
CRITICAL - 2023-02-12 06:15:55 --> Call to a member function Move() on null
in APPPATH\Controllers\admin.php on line 34.
 1 SYSTEMPATH\CodeIgniter.php(927): App\Controllers\admin->portfolio_save()
 2 SYSTEMPATH\CodeIgniter.php(482): CodeIgniter\CodeIgniter->runController(Object(App\Controllers\admin))
 3 SYSTEMPATH\CodeIgniter.php(351): CodeIgniter\CodeIgniter->handleRequest(null, Object(Config\Cache), false)
 4 FCPATH\index.php(67): CodeIgniter\CodeIgniter->run()
 5 SYSTEMPATH\Commands\Server\rewrite.php(46): require_once('FCPATH\\index.php')
CRITICAL - 2023-02-12 06:29:25 --> Call to a member function Move() on null
in APPPATH\Controllers\admin.php on line 34.
 1 SYSTEMPATH\CodeIgniter.php(927): App\Controllers\admin->portfolio_save()
 2 SYSTEMPATH\CodeIgniter.php(482): CodeIgniter\CodeIgniter->runController(Object(App\Controllers\admin))
 3 SYSTEMPATH\CodeIgniter.php(351): CodeIgniter\CodeIgniter->handleRequest(null, Object(Config\Cache), false)
 4 FCPATH\index.php(67): CodeIgniter\CodeIgniter->run()
 5 SYSTEMPATH\Commands\Server\rewrite.php(46): require_once('FCPATH\\index.php')
CRITICAL - 2023-02-12 06:36:53 --> Call to a member function move() on null
in APPPATH\Controllers\admin.php on line 30.
 1 SYSTEMPATH\CodeIgniter.php(927): App\Controllers\admin->portfolio_save()
 2 SYSTEMPATH\CodeIgniter.php(482): CodeIgniter\CodeIgniter->runController(Object(App\Controllers\admin))
 3 SYSTEMPATH\CodeIgniter.php(351): CodeIgniter\CodeIgniter->handleRequest(null, Object(Config\Cache), false)
 4 FCPATH\index.php(67): CodeIgniter\CodeIgniter->run()
 5 SYSTEMPATH\Commands\Server\rewrite.php(46): require_once('FCPATH\\index.php')
CRITICAL - 2023-02-12 06:37:08 --> Call to a member function move() on null
in APPPATH\Controllers\admin.php on line 30.
 1 SYSTEMPATH\CodeIgniter.php(927): App\Controllers\admin->portfolio_save()
 2 SYSTEMPATH\CodeIgniter.php(482): CodeIgniter\CodeIgniter->runController(Object(App\Controllers\admin))
 3 SYSTEMPATH\CodeIgniter.php(351): CodeIgniter\CodeIgniter->handleRequest(null, Object(Config\Cache), false)
 4 FCPATH\index.php(67): CodeIgniter\CodeIgniter->run()
 5 SYSTEMPATH\Commands\Server\rewrite.php(46): require_once('FCPATH\\index.php')
CRITICAL - 2023-02-12 06:40:45 --> Call to a member function move() on null
in APPPATH\Controllers\admin.php on line 30.
 1 SYSTEMPATH\CodeIgniter.php(927): App\Controllers\admin->portfolio_save()
 2 SYSTEMPATH\CodeIgniter.php(482): CodeIgniter\CodeIgniter->runController(Object(App\Controllers\admin))
 3 SYSTEMPATH\CodeIgniter.php(351): CodeIgniter\CodeIgniter->handleRequest(null, Object(Config\Cache), false)
 4 FCPATH\index.php(67): CodeIgniter\CodeIgniter->run()
 5 SYSTEMPATH\Commands\Server\rewrite.php(46): require_once('FCPATH\\index.php')
CRITICAL - 2023-02-12 06:40:53 --> Call to a member function move() on null
in APPPATH\Controllers\admin.php on line 30.
 1 SYSTEMPATH\CodeIgniter.php(927): App\Controllers\admin->portfolio_save()
 2 SYSTEMPATH\CodeIgniter.php(482): CodeIgniter\CodeIgniter->runController(Object(App\Controllers\admin))
 3 SYSTEMPATH\CodeIgniter.php(351): CodeIgniter\CodeIgniter->handleRequest(null, Object(Config\Cache), false)
 4 FCPATH\index.php(67): CodeIgniter\CodeIgniter->run()
 5 SYSTEMPATH\Commands\Server\rewrite.php(46): require_once('FCPATH\\index.php')
CRITICAL - 2023-02-12 06:47:39 --> Call to a member function move() on null
in APPPATH\Controllers\admin.php on line 30.
 1 SYSTEMPATH\CodeIgniter.php(927): App\Controllers\admin->portfolio_save()
 2 SYSTEMPATH\CodeIgniter.php(482): CodeIgniter\CodeIgniter->runController(Object(App\Controllers\admin))
 3 SYSTEMPATH\CodeIgniter.php(351): CodeIgniter\CodeIgniter->handleRequest(null, Object(Config\Cache), false)
 4 FCPATH\index.php(67): CodeIgniter\CodeIgniter->run()
 5 SYSTEMPATH\Commands\Server\rewrite.php(46): require_once('FCPATH\\index.php')
CRITICAL - 2023-02-12 06:48:49 --> Call to a member function move() on null
in APPPATH\Controllers\admin.php on line 30.
 1 SYSTEMPATH\CodeIgniter.php(927): App\Controllers\admin->portfolio_save()
 2 SYSTEMPATH\CodeIgniter.php(482): CodeIgniter\CodeIgniter->runController(Object(App\Controllers\admin))
 3 SYSTEMPATH\CodeIgniter.php(351): CodeIgniter\CodeIgniter->handleRequest(null, Object(Config\Cache), false)
 4 FCPATH\index.php(67): CodeIgniter\CodeIgniter->run()
 5 SYSTEMPATH\Commands\Server\rewrite.php(46): require_once('FCPATH\\index.php')
CRITICAL - 2023-02-12 06:48:56 --> Call to a member function move() on null
in APPPATH\Controllers\admin.php on line 30.
 1 SYSTEMPATH\CodeIgniter.php(927): App\Controllers\admin->portfolio_save()
 2 SYSTEMPATH\CodeIgniter.php(482): CodeIgniter\CodeIgniter->runController(Object(App\Controllers\admin))
 3 SYSTEMPATH\CodeIgniter.php(351): CodeIgniter\CodeIgniter->handleRequest(null, Object(Config\Cache), false)
 4 FCPATH\index.php(67): CodeIgniter\CodeIgniter->run()
 5 SYSTEMPATH\Commands\Server\rewrite.php(46): require_once('FCPATH\\index.php')
CRITICAL - 2023-02-12 06:56:03 --> Call to a member function move() on null
in APPPATH\Controllers\admin.php on line 30.
 1 SYSTEMPATH\CodeIgniter.php(927): App\Controllers\admin->portfolio_save()
 2 SYSTEMPATH\CodeIgniter.php(482): CodeIgniter\CodeIgniter->runController(Object(App\Controllers\admin))
 3 SYSTEMPATH\CodeIgniter.php(351): CodeIgniter\CodeIgniter->handleRequest(null, Object(Config\Cache), false)
 4 FCPATH\index.php(67): CodeIgniter\CodeIgniter->run()
 5 SYSTEMPATH\Commands\Server\rewrite.php(46): require_once('FCPATH\\index.php')
CRITICAL - 2023-02-12 06:56:42 --> Call to a member function move() on null
in APPPATH\Controllers\admin.php on line 30.
 1 SYSTEMPATH\CodeIgniter.php(927): App\Controllers\admin->portfolio_save()
 2 SYSTEMPATH\CodeIgniter.php(482): CodeIgniter\CodeIgniter->runController(Object(App\Controllers\admin))
 3 SYSTEMPATH\CodeIgniter.php(351): CodeIgniter\CodeIgniter->handleRequest(null, Object(Config\Cache), false)
 4 FCPATH\index.php(67): CodeIgniter\CodeIgniter->run()
 5 SYSTEMPATH\Commands\Server\rewrite.php(46): require_once('FCPATH\\index.php')
CRITICAL - 2023-02-12 06:56:45 --> Undefined array key "ficture"
in APPPATH\Views\admin\index.php on line 84.
 1 APPPATH\Views\admin\index.php(84): CodeIgniter\Debug\Exceptions->errorHandler(2, 'Undefined array key "ficture"', 'APPPATH\\Views\\admin\\index.php', 84)
 2 SYSTEMPATH\View\View.php(213): include('APPPATH\\Views\\admin\\index.php')
 3 SYSTEMPATH\View\View.php(216): CodeIgniter\View\View->CodeIgniter\View\{closure}()
 4 SYSTEMPATH\Common.php(1134): CodeIgniter\View\View->render('admin/index', [], true)
 5 APPPATH\Controllers\admin.php(23): view('admin/index', [...])
 6 SYSTEMPATH\CodeIgniter.php(927): App\Controllers\admin->index()
 7 SYSTEMPATH\CodeIgniter.php(482): CodeIgniter\CodeIgniter->runController(Object(App\Controllers\admin))
 8 SYSTEMPATH\CodeIgniter.php(351): CodeIgniter\CodeIgniter->handleRequest(null, Object(Config\Cache), false)
 9 FCPATH\index.php(67): CodeIgniter\CodeIgniter->run()
10 SYSTEMPATH\Commands\Server\rewrite.php(46): require_once('FCPATH\\index.php')
CRITICAL - 2023-02-12 06:59:10 --> Undefined array key "ficture"
in APPPATH\Views\admin\index.php on line 84.
 1 APPPATH\Views\admin\index.php(84): CodeIgniter\Debug\Exceptions->errorHandler(2, 'Undefined array key "ficture"', 'APPPATH\\Views\\admin\\index.php', 84)
 2 SYSTEMPATH\View\View.php(213): include('APPPATH\\Views\\admin\\index.php')
 3 SYSTEMPATH\View\View.php(216): CodeIgniter\View\View->CodeIgniter\View\{closure}()
 4 SYSTEMPATH\Common.php(1134): CodeIgniter\View\View->render('admin/index', [], true)
 5 APPPATH\Controllers\admin.php(23): view('admin/index', [...])
 6 SYSTEMPATH\CodeIgniter.php(927): App\Controllers\admin->index()
 7 SYSTEMPATH\CodeIgniter.php(482): CodeIgniter\CodeIgniter->runController(Object(App\Controllers\admin))
 8 SYSTEMPATH\CodeIgniter.php(351): CodeIgniter\CodeIgniter->handleRequest(null, Object(Config\Cache), false)
 9 FCPATH\index.php(67): CodeIgniter\CodeIgniter->run()
10 SYSTEMPATH\Commands\Server\rewrite.php(46): require_once('FCPATH\\index.php')
CRITICAL - 2023-02-12 06:59:18 --> Undefined array key "ficture"
in APPPATH\Views\admin\index.php on line 84.
 1 APPPATH\Views\admin\index.php(84): CodeIgniter\Debug\Exceptions->errorHandler(2, 'Undefined array key "ficture"', 'APPPATH\\Views\\admin\\index.php', 84)
 2 SYSTEMPATH\View\View.php(213): include('APPPATH\\Views\\admin\\index.php')
 3 SYSTEMPATH\View\View.php(216): CodeIgniter\View\View->CodeIgniter\View\{closure}()
 4 SYSTEMPATH\Common.php(1134): CodeIgniter\View\View->render('admin/index', [], true)
 5 APPPATH\Controllers\admin.php(23): view('admin/index', [...])
 6 SYSTEMPATH\CodeIgniter.php(927): App\Controllers\admin->index()
 7 SYSTEMPATH\CodeIgniter.php(482): CodeIgniter\CodeIgniter->runController(Object(App\Controllers\admin))
 8 SYSTEMPATH\CodeIgniter.php(351): CodeIgniter\CodeIgniter->handleRequest(null, Object(Config\Cache), false)
 9 FCPATH\index.php(67): CodeIgniter\CodeIgniter->run()
10 SYSTEMPATH\Commands\Server\rewrite.php(46): require_once('FCPATH\\index.php')
CRITICAL - 2023-02-12 07:00:14 --> Undefined array key "name"
in APPPATH\Views\admin\index.php on line 86.
 1 APPPATH\Views\admin\index.php(86): CodeIgniter\Debug\Exceptions->errorHandler(2, 'Undefined array key "name"', 'APPPATH\\Views\\admin\\index.php', 86)
 2 SYSTEMPATH\View\View.php(213): include('APPPATH\\Views\\admin\\index.php')
 3 SYSTEMPATH\View\View.php(216): CodeIgniter\View\View->CodeIgniter\View\{closure}()
 4 SYSTEMPATH\Common.php(1134): CodeIgniter\View\View->render('admin/index', [], true)
 5 APPPATH\Controllers\admin.php(23): view('admin/index', [...])
 6 SYSTEMPATH\CodeIgniter.php(927): App\Controllers\admin->index()
 7 SYSTEMPATH\CodeIgniter.php(482): CodeIgniter\CodeIgniter->runController(Object(App\Controllers\admin))
 8 SYSTEMPATH\CodeIgniter.php(351): CodeIgniter\CodeIgniter->handleRequest(null, Object(Config\Cache), false)
 9 FCPATH\index.php(67): CodeIgniter\CodeIgniter->run()
10 SYSTEMPATH\Commands\Server\rewrite.php(46): require_once('FCPATH\\index.php')
CRITICAL - 2023-02-12 07:00:58 --> Call to a member function move() on null
in APPPATH\Controllers\admin.php on line 30.
 1 SYSTEMPATH\CodeIgniter.php(927): App\Controllers\admin->portfolio_save()
 2 SYSTEMPATH\CodeIgniter.php(482): CodeIgniter\CodeIgniter->runController(Object(App\Controllers\admin))
 3 SYSTEMPATH\CodeIgniter.php(351): CodeIgniter\CodeIgniter->handleRequest(null, Object(Config\Cache), false)
 4 FCPATH\index.php(67): CodeIgniter\CodeIgniter->run()
 5 SYSTEMPATH\Commands\Server\rewrite.php(46): require_once('FCPATH\\index.php')
CRITICAL - 2023-02-12 07:03:38 --> Call to a member function move() on null
in APPPATH\Controllers\admin.php on line 30.
 1 SYSTEMPATH\CodeIgniter.php(927): App\Controllers\admin->portfolio_save()
 2 SYSTEMPATH\CodeIgniter.php(482): CodeIgniter\CodeIgniter->runController(Object(App\Controllers\admin))
 3 SYSTEMPATH\CodeIgniter.php(351): CodeIgniter\CodeIgniter->handleRequest(null, Object(Config\Cache), false)
 4 FCPATH\index.php(67): CodeIgniter\CodeIgniter->run()
 5 SYSTEMPATH\Commands\Server\rewrite.php(46): require_once('FCPATH\\index.php')
CRITICAL - 2023-02-12 07:03:46 --> Call to a member function move() on null
in APPPATH\Controllers\admin.php on line 30.
 1 SYSTEMPATH\CodeIgniter.php(927): App\Controllers\admin->portfolio_save()
 2 SYSTEMPATH\CodeIgniter.php(482): CodeIgniter\CodeIgniter->runController(Object(App\Controllers\admin))
 3 SYSTEMPATH\CodeIgniter.php(351): CodeIgniter\CodeIgniter->handleRequest(null, Object(Config\Cache), false)
 4 FCPATH\index.php(67): CodeIgniter\CodeIgniter->run()
 5 SYSTEMPATH\Commands\Server\rewrite.php(46): require_once('FCPATH\\index.php')
CRITICAL - 2023-02-12 07:11:13 --> Call to a member function move() on null
in APPPATH\Controllers\admin.php on line 30.
 1 SYSTEMPATH\CodeIgniter.php(927): App\Controllers\admin->portfolio_save()
 2 SYSTEMPATH\CodeIgniter.php(482): CodeIgniter\CodeIgniter->runController(Object(App\Controllers\admin))
 3 SYSTEMPATH\CodeIgniter.php(351): CodeIgniter\CodeIgniter->handleRequest(null, Object(Config\Cache), false)
 4 FCPATH\index.php(67): CodeIgniter\CodeIgniter->run()
 5 SYSTEMPATH\Commands\Server\rewrite.php(46): require_once('FCPATH\\index.php')
CRITICAL - 2023-02-12 07:11:18 --> Call to a member function move() on null
in APPPATH\Controllers\admin.php on line 30.
 1 SYSTEMPATH\CodeIgniter.php(927): App\Controllers\admin->portfolio_save()
 2 SYSTEMPATH\CodeIgniter.php(482): CodeIgniter\CodeIgniter->runController(Object(App\Controllers\admin))
 3 SYSTEMPATH\CodeIgniter.php(351): CodeIgniter\CodeIgniter->handleRequest(null, Object(Config\Cache), false)
 4 FCPATH\index.php(67): CodeIgniter\CodeIgniter->run()
 5 SYSTEMPATH\Commands\Server\rewrite.php(46): require_once('FCPATH\\index.php')
CRITICAL - 2023-02-12 07:12:15 --> Call to a member function move() on null
in APPPATH\Controllers\admin.php on line 30.
 1 SYSTEMPATH\CodeIgniter.php(927): App\Controllers\admin->portfolio_save()
 2 SYSTEMPATH\CodeIgniter.php(482): CodeIgniter\CodeIgniter->runController(Object(App\Controllers\admin))
 3 SYSTEMPATH\CodeIgniter.php(351): CodeIgniter\CodeIgniter->handleRequest(null, Object(Config\Cache), false)
 4 FCPATH\index.php(67): CodeIgniter\CodeIgniter->run()
 5 SYSTEMPATH\Commands\Server\rewrite.php(46): require_once('FCPATH\\index.php')
CRITICAL - 2023-02-12 07:13:31 --> Call to a member function move() on null
in APPPATH\Controllers\admin.php on line 30.
 1 SYSTEMPATH\CodeIgniter.php(927): App\Controllers\admin->portfolio_save()
 2 SYSTEMPATH\CodeIgniter.php(482): CodeIgniter\CodeIgniter->runController(Object(App\Controllers\admin))
 3 SYSTEMPATH\CodeIgniter.php(351): CodeIgniter\CodeIgniter->handleRequest(null, Object(Config\Cache), false)
 4 FCPATH\index.php(67): CodeIgniter\CodeIgniter->run()
 5 SYSTEMPATH\Commands\Server\rewrite.php(46): require_once('FCPATH\\index.php')
