ERROR - 2023-09-04 04:43:05 --> mysqli_sql_exception: Unknown column 'nama' in 'field list' in C:\xampp\htdocs\msaa\system\Database\MySQLi\Connection.php:292
Stack trace:
#0 C:\xampp\htdocs\msaa\system\Database\MySQLi\Connection.php(292): mysqli->query('INSERT INTO `se...', 0)
#1 C:\xampp\htdocs\msaa\system\Database\BaseConnection.php(666): CodeIgniter\Database\MySQLi\Connection->execute('INSERT INTO `se...')
#2 C:\xampp\htdocs\msaa\system\Database\BaseConnection.php(593): CodeIgniter\Database\BaseConnection->simpleQuery('INSERT INTO `se...')
#3 C:\xampp\htdocs\msaa\system\Database\BaseBuilder.php(1916): CodeIgniter\Database\BaseConnection->query('INSERT INTO `se...', Array, false)
#4 C:\xampp\htdocs\msaa\system\Model.php(279): CodeIgniter\Database\BaseBuilder->insert()
#5 C:\xampp\htdocs\msaa\system\BaseModel.php(749): CodeIgniter\Model->doInsert(Array)
#6 C:\xampp\htdocs\msaa\system\Model.php(667): CodeIgniter\BaseModel->insert(Array, true)
#7 C:\xampp\htdocs\msaa\app\Controllers\service.php(43): CodeIgniter\Model->insert(Array)
#8 C:\xampp\htdocs\msaa\system\CodeIgniter.php(927): App\Controllers\service->tambahservice()
#9 C:\xampp\htdocs\msaa\system\CodeIgniter.php(482): CodeIgniter\CodeIgniter->runController(Object(App\Controllers\service))
#10 C:\xampp\htdocs\msaa\system\CodeIgniter.php(351): CodeIgniter\CodeIgniter->handleRequest(NULL, Object(Config\Cache), false)
#11 C:\xampp\htdocs\msaa\public\index.php(67): CodeIgniter\CodeIgniter->run()
#12 C:\xampp\htdocs\msaa\system\Commands\Server\rewrite.php(46): require_once('C:\\xampp\\htdocs...')
#13 {main}
CRITICAL - 2023-09-04 04:43:05 --> Unknown column 'nama' in 'field list'
in SYSTEMPATH\Database\MySQLi\Connection.php on line 292.
 1 SYSTEMPATH\Database\MySQLi\Connection.php(292): mysqli->query('INSERT INTO `service` (`nama`, `judul`, `uraian`, `isi`, `gambar`) VALUES (\'KONSULTASI HUKUM\', NULL, \'Konsultasi Hukum adalah salah satu layanan yang diberikan oleh Lembaga Bantuan Hukum (LBH) MSAA, untuk membantu Masyarakat untuk menganalisa masalah hukum yang sedang terjadi dan juga menemukan solusi atas permasalahan hukum yang sedang dihadapi baik kasus pidana, perdata, hukum keluarga, perceraian, sengketa tanah, waris, dan lain sebagainya. Layanan Konsultasi hukum akan diberikan oleh team Advokat Lembaga Bantuan Hukum (LBH) Tentrem D.I Yogyakarta, dengan menyediakan beberapa cara konsultasi hukum yang dapat dipilih oleh masyarakat yang diantaranya adalah:\\r\\n1.Konsultasi Hukum melalui berbagai layanan interaksi secara online melalui chat WhatsApp, voice call, video call, zoom meeting, google meet dan lain sebagainya.\\r\\n2.Konsultasi Hukum Tatap Muka dengan langsung hadir ke Kantor Untuk konsultasi hukum yang lebih mendalam, mendetail dan/atau mendesak.\\r\\n\\r\\nSemua pelayanan Konsultasi Hukum tersebut tidak berbayar, dengan memberikan beberapa dokumen persyaratan pendukung yang diantaranya adalah Fotocopy KTP dan SKTM (Surat Keterngan Tidak Mampu) dari Kelurahan.\\r\\n\\r\\nDengan adanya konsultasi hukum tersebut, diharapkan masyarakat dapat terbantu dalam memecahkan permasalahan yang sedang dialami.\', \'\', \'KONSUL.jpg\')', 0)
 2 SYSTEMPATH\Database\BaseConnection.php(666): CodeIgniter\Database\MySQLi\Connection->execute('INSERT INTO `service` (`nama`, `judul`, `uraian`, `isi`, `gambar`) VALUES (\'KONSULTASI HUKUM\', NULL, \'Konsultasi Hukum adalah salah satu layanan yang diberikan oleh Lembaga Bantuan Hukum (LBH) MSAA, untuk membantu Masyarakat untuk menganalisa masalah hukum yang sedang terjadi dan juga menemukan solusi atas permasalahan hukum yang sedang dihadapi baik kasus pidana, perdata, hukum keluarga, perceraian, sengketa tanah, waris, dan lain sebagainya. Layanan Konsultasi hukum akan diberikan oleh team Advokat Lembaga Bantuan Hukum (LBH) Tentrem D.I Yogyakarta, dengan menyediakan beberapa cara konsultasi hukum yang dapat dipilih oleh masyarakat yang diantaranya adalah:\\r\\n1.Konsultasi Hukum melalui berbagai layanan interaksi secara online melalui chat WhatsApp, voice call, video call, zoom meeting, google meet dan lain sebagainya.\\r\\n2.Konsultasi Hukum Tatap Muka dengan langsung hadir ke Kantor Untuk konsultasi hukum yang lebih mendalam, mendetail dan/atau mendesak.\\r\\n\\r\\nSemua pelayanan Konsultasi Hukum tersebut tidak berbayar, dengan memberikan beberapa dokumen persyaratan pendukung yang diantaranya adalah Fotocopy KTP dan SKTM (Surat Keterngan Tidak Mampu) dari Kelurahan.\\r\\n\\r\\nDengan adanya konsultasi hukum tersebut, diharapkan masyarakat dapat terbantu dalam memecahkan permasalahan yang sedang dialami.\', \'\', \'KONSUL.jpg\')')
 3 SYSTEMPATH\Database\BaseConnection.php(593): CodeIgniter\Database\BaseConnection->simpleQuery('INSERT INTO `service` (`nama`, `judul`, `uraian`, `isi`, `gambar`) VALUES (\'KONSULTASI HUKUM\', NULL, \'Konsultasi Hukum adalah salah satu layanan yang diberikan oleh Lembaga Bantuan Hukum (LBH) MSAA, untuk membantu Masyarakat untuk menganalisa masalah hukum yang sedang terjadi dan juga menemukan solusi atas permasalahan hukum yang sedang dihadapi baik kasus pidana, perdata, hukum keluarga, perceraian, sengketa tanah, waris, dan lain sebagainya. Layanan Konsultasi hukum akan diberikan oleh team Advokat Lembaga Bantuan Hukum (LBH) Tentrem D.I Yogyakarta, dengan menyediakan beberapa cara konsultasi hukum yang dapat dipilih oleh masyarakat yang diantaranya adalah:\\r\\n1.Konsultasi Hukum melalui berbagai layanan interaksi secara online melalui chat WhatsApp, voice call, video call, zoom meeting, google meet dan lain sebagainya.\\r\\n2.Konsultasi Hukum Tatap Muka dengan langsung hadir ke Kantor Untuk konsultasi hukum yang lebih mendalam, mendetail dan/atau mendesak.\\r\\n\\r\\nSemua pelayanan Konsultasi Hukum tersebut tidak berbayar, dengan memberikan beberapa dokumen persyaratan pendukung yang diantaranya adalah Fotocopy KTP dan SKTM (Surat Keterngan Tidak Mampu) dari Kelurahan.\\r\\n\\r\\nDengan adanya konsultasi hukum tersebut, diharapkan masyarakat dapat terbantu dalam memecahkan permasalahan yang sedang dialami.\', \'\', \'KONSUL.jpg\')')
 4 SYSTEMPATH\Database\BaseBuilder.php(1916): CodeIgniter\Database\BaseConnection->query('INSERT INTO `service` (`nama`, `judul`, `uraian`, `isi`, `gambar`) VALUES (:nama:, :judul:, :uraian:, :isi:, :gambar:)', [...], false)
 5 SYSTEMPATH\Model.php(279): CodeIgniter\Database\BaseBuilder->insert()
 6 SYSTEMPATH\BaseModel.php(749): CodeIgniter\Model->doInsert([...])
 7 SYSTEMPATH\Model.php(667): CodeIgniter\BaseModel->insert([...], true)
 8 APPPATH\Controllers\service.php(43): CodeIgniter\Model->insert([...])
 9 SYSTEMPATH\CodeIgniter.php(927): App\Controllers\service->tambahservice()
10 SYSTEMPATH\CodeIgniter.php(482): CodeIgniter\CodeIgniter->runController(Object(App\Controllers\service))
11 SYSTEMPATH\CodeIgniter.php(351): CodeIgniter\CodeIgniter->handleRequest(null, Object(Config\Cache), false)
12 FCPATH\index.php(67): CodeIgniter\CodeIgniter->run()
13 SYSTEMPATH\Commands\Server\rewrite.php(46): require_once('FCPATH\\index.php')
ERROR - 2023-09-04 04:44:04 --> mysqli_sql_exception: Unknown column 'nama' in 'field list' in C:\xampp\htdocs\msaa\system\Database\MySQLi\Connection.php:292
Stack trace:
#0 C:\xampp\htdocs\msaa\system\Database\MySQLi\Connection.php(292): mysqli->query('INSERT INTO `se...', 0)
#1 C:\xampp\htdocs\msaa\system\Database\BaseConnection.php(666): CodeIgniter\Database\MySQLi\Connection->execute('INSERT INTO `se...')
#2 C:\xampp\htdocs\msaa\system\Database\BaseConnection.php(593): CodeIgniter\Database\BaseConnection->simpleQuery('INSERT INTO `se...')
#3 C:\xampp\htdocs\msaa\system\Database\BaseBuilder.php(1916): CodeIgniter\Database\BaseConnection->query('INSERT INTO `se...', Array, false)
#4 C:\xampp\htdocs\msaa\system\Model.php(279): CodeIgniter\Database\BaseBuilder->insert()
#5 C:\xampp\htdocs\msaa\system\BaseModel.php(749): CodeIgniter\Model->doInsert(Array)
#6 C:\xampp\htdocs\msaa\system\Model.php(667): CodeIgniter\BaseModel->insert(Array, true)
#7 C:\xampp\htdocs\msaa\app\Controllers\service.php(43): CodeIgniter\Model->insert(Array)
#8 C:\xampp\htdocs\msaa\system\CodeIgniter.php(927): App\Controllers\service->tambahservice()
#9 C:\xampp\htdocs\msaa\system\CodeIgniter.php(482): CodeIgniter\CodeIgniter->runController(Object(App\Controllers\service))
#10 C:\xampp\htdocs\msaa\system\CodeIgniter.php(351): CodeIgniter\CodeIgniter->handleRequest(NULL, Object(Config\Cache), false)
#11 C:\xampp\htdocs\msaa\public\index.php(67): CodeIgniter\CodeIgniter->run()
#12 C:\xampp\htdocs\msaa\system\Commands\Server\rewrite.php(46): require_once('C:\\xampp\\htdocs...')
#13 {main}
CRITICAL - 2023-09-04 04:44:04 --> Unknown column 'nama' in 'field list'
in SYSTEMPATH\Database\MySQLi\Connection.php on line 292.
 1 SYSTEMPATH\Database\MySQLi\Connection.php(292): mysqli->query('INSERT INTO `service` (`nama`, `judul`, `uraian`, `isi`, `gambar`) VALUES (\'KONSULTASI HUKUM\', NULL, \'Konsultasi Hukum adalah salah satu layanan yang diberikan oleh Lembaga Bantuan Hukum (LBH) MSAA, untuk membantu Masyarakat untuk menganalisa masalah hukum yang sedang terjadi dan juga menemukan solusi atas permasalahan hukum yang sedang dihadapi baik kasus pidana, perdata, hukum keluarga, perceraian, sengketa tanah, waris, dan lain sebagainya. Layanan Konsultasi hukum akan diberikan oleh team Advokat Lembaga Bantuan Hukum (LBH) Tentrem D.I Yogyakarta, dengan menyediakan beberapa cara konsultasi hukum yang dapat dipilih oleh masyarakat yang diantaranya adalah:\\r\\n1.Konsultasi Hukum melalui berbagai layanan interaksi secara online melalui chat WhatsApp, voice call, video call, zoom meeting, google meet dan lain sebagainya.\\r\\n2.Konsultasi Hukum Tatap Muka dengan langsung hadir ke Kantor Untuk konsultasi hukum yang lebih mendalam, mendetail dan/atau mendesak.\\r\\n\\r\\nSemua pelayanan Konsultasi Hukum tersebut tidak berbayar, dengan memberikan beberapa dokumen persyaratan pendukung yang diantaranya adalah Fotocopy KTP dan SKTM (Surat Keterngan Tidak Mampu) dari Kelurahan.\\r\\n\\r\\nDengan adanya konsultasi hukum tersebut, diharapkan masyarakat dapat terbantu dalam memecahkan permasalahan yang sedang dialami.\', \'\', \'KONSUL_1.jpg\')', 0)
 2 SYSTEMPATH\Database\BaseConnection.php(666): CodeIgniter\Database\MySQLi\Connection->execute('INSERT INTO `service` (`nama`, `judul`, `uraian`, `isi`, `gambar`) VALUES (\'KONSULTASI HUKUM\', NULL, \'Konsultasi Hukum adalah salah satu layanan yang diberikan oleh Lembaga Bantuan Hukum (LBH) MSAA, untuk membantu Masyarakat untuk menganalisa masalah hukum yang sedang terjadi dan juga menemukan solusi atas permasalahan hukum yang sedang dihadapi baik kasus pidana, perdata, hukum keluarga, perceraian, sengketa tanah, waris, dan lain sebagainya. Layanan Konsultasi hukum akan diberikan oleh team Advokat Lembaga Bantuan Hukum (LBH) Tentrem D.I Yogyakarta, dengan menyediakan beberapa cara konsultasi hukum yang dapat dipilih oleh masyarakat yang diantaranya adalah:\\r\\n1.Konsultasi Hukum melalui berbagai layanan interaksi secara online melalui chat WhatsApp, voice call, video call, zoom meeting, google meet dan lain sebagainya.\\r\\n2.Konsultasi Hukum Tatap Muka dengan langsung hadir ke Kantor Untuk konsultasi hukum yang lebih mendalam, mendetail dan/atau mendesak.\\r\\n\\r\\nSemua pelayanan Konsultasi Hukum tersebut tidak berbayar, dengan memberikan beberapa dokumen persyaratan pendukung yang diantaranya adalah Fotocopy KTP dan SKTM (Surat Keterngan Tidak Mampu) dari Kelurahan.\\r\\n\\r\\nDengan adanya konsultasi hukum tersebut, diharapkan masyarakat dapat terbantu dalam memecahkan permasalahan yang sedang dialami.\', \'\', \'KONSUL_1.jpg\')')
 3 SYSTEMPATH\Database\BaseConnection.php(593): CodeIgniter\Database\BaseConnection->simpleQuery('INSERT INTO `service` (`nama`, `judul`, `uraian`, `isi`, `gambar`) VALUES (\'KONSULTASI HUKUM\', NULL, \'Konsultasi Hukum adalah salah satu layanan yang diberikan oleh Lembaga Bantuan Hukum (LBH) MSAA, untuk membantu Masyarakat untuk menganalisa masalah hukum yang sedang terjadi dan juga menemukan solusi atas permasalahan hukum yang sedang dihadapi baik kasus pidana, perdata, hukum keluarga, perceraian, sengketa tanah, waris, dan lain sebagainya. Layanan Konsultasi hukum akan diberikan oleh team Advokat Lembaga Bantuan Hukum (LBH) Tentrem D.I Yogyakarta, dengan menyediakan beberapa cara konsultasi hukum yang dapat dipilih oleh masyarakat yang diantaranya adalah:\\r\\n1.Konsultasi Hukum melalui berbagai layanan interaksi secara online melalui chat WhatsApp, voice call, video call, zoom meeting, google meet dan lain sebagainya.\\r\\n2.Konsultasi Hukum Tatap Muka dengan langsung hadir ke Kantor Untuk konsultasi hukum yang lebih mendalam, mendetail dan/atau mendesak.\\r\\n\\r\\nSemua pelayanan Konsultasi Hukum tersebut tidak berbayar, dengan memberikan beberapa dokumen persyaratan pendukung yang diantaranya adalah Fotocopy KTP dan SKTM (Surat Keterngan Tidak Mampu) dari Kelurahan.\\r\\n\\r\\nDengan adanya konsultasi hukum tersebut, diharapkan masyarakat dapat terbantu dalam memecahkan permasalahan yang sedang dialami.\', \'\', \'KONSUL_1.jpg\')')
 4 SYSTEMPATH\Database\BaseBuilder.php(1916): CodeIgniter\Database\BaseConnection->query('INSERT INTO `service` (`nama`, `judul`, `uraian`, `isi`, `gambar`) VALUES (:nama:, :judul:, :uraian:, :isi:, :gambar:)', [...], false)
 5 SYSTEMPATH\Model.php(279): CodeIgniter\Database\BaseBuilder->insert()
 6 SYSTEMPATH\BaseModel.php(749): CodeIgniter\Model->doInsert([...])
 7 SYSTEMPATH\Model.php(667): CodeIgniter\BaseModel->insert([...], true)
 8 APPPATH\Controllers\service.php(43): CodeIgniter\Model->insert([...])
 9 SYSTEMPATH\CodeIgniter.php(927): App\Controllers\service->tambahservice()
10 SYSTEMPATH\CodeIgniter.php(482): CodeIgniter\CodeIgniter->runController(Object(App\Controllers\service))
11 SYSTEMPATH\CodeIgniter.php(351): CodeIgniter\CodeIgniter->handleRequest(null, Object(Config\Cache), false)
12 FCPATH\index.php(67): CodeIgniter\CodeIgniter->run()
13 SYSTEMPATH\Commands\Server\rewrite.php(46): require_once('FCPATH\\index.php')
ERROR - 2023-09-04 04:49:54 --> mysqli_sql_exception: Unknown column 'gambar' in 'field list' in C:\xampp\htdocs\msaa\system\Database\MySQLi\Connection.php:292
Stack trace:
#0 C:\xampp\htdocs\msaa\system\Database\MySQLi\Connection.php(292): mysqli->query('INSERT INTO `se...', 0)
#1 C:\xampp\htdocs\msaa\system\Database\BaseConnection.php(666): CodeIgniter\Database\MySQLi\Connection->execute('INSERT INTO `se...')
#2 C:\xampp\htdocs\msaa\system\Database\BaseConnection.php(593): CodeIgniter\Database\BaseConnection->simpleQuery('INSERT INTO `se...')
#3 C:\xampp\htdocs\msaa\system\Database\BaseBuilder.php(1916): CodeIgniter\Database\BaseConnection->query('INSERT INTO `se...', Array, false)
#4 C:\xampp\htdocs\msaa\system\Model.php(279): CodeIgniter\Database\BaseBuilder->insert()
#5 C:\xampp\htdocs\msaa\system\BaseModel.php(749): CodeIgniter\Model->doInsert(Array)
#6 C:\xampp\htdocs\msaa\system\Model.php(667): CodeIgniter\BaseModel->insert(Array, true)
#7 C:\xampp\htdocs\msaa\app\Controllers\service.php(43): CodeIgniter\Model->insert(Array)
#8 C:\xampp\htdocs\msaa\system\CodeIgniter.php(927): App\Controllers\service->tambahservice()
#9 C:\xampp\htdocs\msaa\system\CodeIgniter.php(482): CodeIgniter\CodeIgniter->runController(Object(App\Controllers\service))
#10 C:\xampp\htdocs\msaa\system\CodeIgniter.php(351): CodeIgniter\CodeIgniter->handleRequest(NULL, Object(Config\Cache), false)
#11 C:\xampp\htdocs\msaa\public\index.php(67): CodeIgniter\CodeIgniter->run()
#12 C:\xampp\htdocs\msaa\system\Commands\Server\rewrite.php(46): require_once('C:\\xampp\\htdocs...')
#13 {main}
CRITICAL - 2023-09-04 04:49:54 --> Unknown column 'gambar' in 'field list'
in SYSTEMPATH\Database\MySQLi\Connection.php on line 292.
 1 SYSTEMPATH\Database\MySQLi\Connection.php(292): mysqli->query('INSERT INTO `service` (`judul`, `uraian`, `gambar`) VALUES (NULL, \'Konsultasi Hukum adalah salah satu layanan yang diberikan oleh Lembaga Bantuan Hukum (LBH) MSAA, untuk membantu Masyarakat untuk menganalisa masalah hukum yang sedang terjadi dan juga menemukan solusi atas permasalahan hukum yang sedang dihadapi baik kasus pidana, perdata, hukum keluarga, perceraian, sengketa tanah, waris, dan lain sebagainya. Layanan Konsultasi hukum akan diberikan oleh team Advokat Lembaga Bantuan Hukum (LBH) Tentrem D.I Yogyakarta, dengan menyediakan beberapa cara konsultasi hukum yang dapat dipilih oleh masyarakat yang diantaranya adalah:\\r\\n1.Konsultasi Hukum melalui berbagai layanan interaksi secara online melalui chat WhatsApp, voice call, video call, zoom meeting, google meet dan lain sebagainya.\\r\\n2.Konsultasi Hukum Tatap Muka dengan langsung hadir ke Kantor Untuk konsultasi hukum yang lebih mendalam, mendetail dan/atau mendesak.\\r\\n\\r\\nSemua pelayanan Konsultasi Hukum tersebut tidak berbayar, dengan memberikan beberapa dokumen persyaratan pendukung yang diantaranya adalah Fotocopy KTP dan SKTM (Surat Keterngan Tidak Mampu) dari Kelurahan.\\r\\n\\r\\nDengan adanya konsultasi hukum tersebut, diharapkan masyarakat dapat terbantu dalam memecahkan permasalahan yang sedang dialami.\', \'KONSUL_2.jpg\')', 0)
 2 SYSTEMPATH\Database\BaseConnection.php(666): CodeIgniter\Database\MySQLi\Connection->execute('INSERT INTO `service` (`judul`, `uraian`, `gambar`) VALUES (NULL, \'Konsultasi Hukum adalah salah satu layanan yang diberikan oleh Lembaga Bantuan Hukum (LBH) MSAA, untuk membantu Masyarakat untuk menganalisa masalah hukum yang sedang terjadi dan juga menemukan solusi atas permasalahan hukum yang sedang dihadapi baik kasus pidana, perdata, hukum keluarga, perceraian, sengketa tanah, waris, dan lain sebagainya. Layanan Konsultasi hukum akan diberikan oleh team Advokat Lembaga Bantuan Hukum (LBH) Tentrem D.I Yogyakarta, dengan menyediakan beberapa cara konsultasi hukum yang dapat dipilih oleh masyarakat yang diantaranya adalah:\\r\\n1.Konsultasi Hukum melalui berbagai layanan interaksi secara online melalui chat WhatsApp, voice call, video call, zoom meeting, google meet dan lain sebagainya.\\r\\n2.Konsultasi Hukum Tatap Muka dengan langsung hadir ke Kantor Untuk konsultasi hukum yang lebih mendalam, mendetail dan/atau mendesak.\\r\\n\\r\\nSemua pelayanan Konsultasi Hukum tersebut tidak berbayar, dengan memberikan beberapa dokumen persyaratan pendukung yang diantaranya adalah Fotocopy KTP dan SKTM (Surat Keterngan Tidak Mampu) dari Kelurahan.\\r\\n\\r\\nDengan adanya konsultasi hukum tersebut, diharapkan masyarakat dapat terbantu dalam memecahkan permasalahan yang sedang dialami.\', \'KONSUL_2.jpg\')')
 3 SYSTEMPATH\Database\BaseConnection.php(593): CodeIgniter\Database\BaseConnection->simpleQuery('INSERT INTO `service` (`judul`, `uraian`, `gambar`) VALUES (NULL, \'Konsultasi Hukum adalah salah satu layanan yang diberikan oleh Lembaga Bantuan Hukum (LBH) MSAA, untuk membantu Masyarakat untuk menganalisa masalah hukum yang sedang terjadi dan juga menemukan solusi atas permasalahan hukum yang sedang dihadapi baik kasus pidana, perdata, hukum keluarga, perceraian, sengketa tanah, waris, dan lain sebagainya. Layanan Konsultasi hukum akan diberikan oleh team Advokat Lembaga Bantuan Hukum (LBH) Tentrem D.I Yogyakarta, dengan menyediakan beberapa cara konsultasi hukum yang dapat dipilih oleh masyarakat yang diantaranya adalah:\\r\\n1.Konsultasi Hukum melalui berbagai layanan interaksi secara online melalui chat WhatsApp, voice call, video call, zoom meeting, google meet dan lain sebagainya.\\r\\n2.Konsultasi Hukum Tatap Muka dengan langsung hadir ke Kantor Untuk konsultasi hukum yang lebih mendalam, mendetail dan/atau mendesak.\\r\\n\\r\\nSemua pelayanan Konsultasi Hukum tersebut tidak berbayar, dengan memberikan beberapa dokumen persyaratan pendukung yang diantaranya adalah Fotocopy KTP dan SKTM (Surat Keterngan Tidak Mampu) dari Kelurahan.\\r\\n\\r\\nDengan adanya konsultasi hukum tersebut, diharapkan masyarakat dapat terbantu dalam memecahkan permasalahan yang sedang dialami.\', \'KONSUL_2.jpg\')')
 4 SYSTEMPATH\Database\BaseBuilder.php(1916): CodeIgniter\Database\BaseConnection->query('INSERT INTO `service` (`judul`, `uraian`, `gambar`) VALUES (:judul:, :uraian:, :gambar:)', [...], false)
 5 SYSTEMPATH\Model.php(279): CodeIgniter\Database\BaseBuilder->insert()
 6 SYSTEMPATH\BaseModel.php(749): CodeIgniter\Model->doInsert([...])
 7 SYSTEMPATH\Model.php(667): CodeIgniter\BaseModel->insert([...], true)
 8 APPPATH\Controllers\service.php(43): CodeIgniter\Model->insert([...])
 9 SYSTEMPATH\CodeIgniter.php(927): App\Controllers\service->tambahservice()
10 SYSTEMPATH\CodeIgniter.php(482): CodeIgniter\CodeIgniter->runController(Object(App\Controllers\service))
11 SYSTEMPATH\CodeIgniter.php(351): CodeIgniter\CodeIgniter->handleRequest(null, Object(Config\Cache), false)
12 FCPATH\index.php(67): CodeIgniter\CodeIgniter->run()
13 SYSTEMPATH\Commands\Server\rewrite.php(46): require_once('FCPATH\\index.php')
CRITICAL - 2023-09-04 04:53:27 --> Undefined array key "judul"
in APPPATH\Views\service\index.php on line 83.
 1 APPPATH\Views\service\index.php(83): CodeIgniter\Debug\Exceptions->errorHandler(2, 'Undefined array key "judul"', 'APPPATH\\Views\\service\\index.php', 83)
 2 SYSTEMPATH\View\View.php(213): include('APPPATH\\Views\\service\\index.php')
 3 SYSTEMPATH\View\View.php(216): CodeIgniter\View\View->CodeIgniter\View\{closure}()
 4 SYSTEMPATH\Common.php(1134): CodeIgniter\View\View->render('service/index', [], true)
 5 APPPATH\Controllers\service.php(26): view('service/index', [...])
 6 SYSTEMPATH\CodeIgniter.php(927): App\Controllers\service->index()
 7 SYSTEMPATH\CodeIgniter.php(482): CodeIgniter\CodeIgniter->runController(Object(App\Controllers\service))
 8 SYSTEMPATH\CodeIgniter.php(351): CodeIgniter\CodeIgniter->handleRequest(null, Object(Config\Cache), false)
 9 FCPATH\index.php(67): CodeIgniter\CodeIgniter->run()
10 SYSTEMPATH\Commands\Server\rewrite.php(46): require_once('FCPATH\\index.php')
CRITICAL - 2023-09-04 04:55:29 --> Undefined array key "judul"
in APPPATH\Views\service\index.php on line 83.
 1 APPPATH\Views\service\index.php(83): CodeIgniter\Debug\Exceptions->errorHandler(2, 'Undefined array key "judul"', 'APPPATH\\Views\\service\\index.php', 83)
 2 SYSTEMPATH\View\View.php(213): include('APPPATH\\Views\\service\\index.php')
 3 SYSTEMPATH\View\View.php(216): CodeIgniter\View\View->CodeIgniter\View\{closure}()
 4 SYSTEMPATH\Common.php(1134): CodeIgniter\View\View->render('service/index', [], true)
 5 APPPATH\Controllers\service.php(26): view('service/index', [...])
 6 SYSTEMPATH\CodeIgniter.php(927): App\Controllers\service->index()
 7 SYSTEMPATH\CodeIgniter.php(482): CodeIgniter\CodeIgniter->runController(Object(App\Controllers\service))
 8 SYSTEMPATH\CodeIgniter.php(351): CodeIgniter\CodeIgniter->handleRequest(null, Object(Config\Cache), false)
 9 FCPATH\index.php(67): CodeIgniter\CodeIgniter->run()
10 SYSTEMPATH\Commands\Server\rewrite.php(46): require_once('FCPATH\\index.php')
CRITICAL - 2023-09-04 04:57:58 --> Undefined array key "judul"
in APPPATH\Views\service\index.php on line 82.
 1 APPPATH\Views\service\index.php(82): CodeIgniter\Debug\Exceptions->errorHandler(2, 'Undefined array key "judul"', 'APPPATH\\Views\\service\\index.php', 82)
 2 SYSTEMPATH\View\View.php(213): include('APPPATH\\Views\\service\\index.php')
 3 SYSTEMPATH\View\View.php(216): CodeIgniter\View\View->CodeIgniter\View\{closure}()
 4 SYSTEMPATH\Common.php(1134): CodeIgniter\View\View->render('service/index', [], true)
 5 APPPATH\Controllers\service.php(26): view('service/index', [...])
 6 SYSTEMPATH\CodeIgniter.php(927): App\Controllers\service->index()
 7 SYSTEMPATH\CodeIgniter.php(482): CodeIgniter\CodeIgniter->runController(Object(App\Controllers\service))
 8 SYSTEMPATH\CodeIgniter.php(351): CodeIgniter\CodeIgniter->handleRequest(null, Object(Config\Cache), false)
 9 FCPATH\index.php(67): CodeIgniter\CodeIgniter->run()
10 SYSTEMPATH\Commands\Server\rewrite.php(46): require_once('FCPATH\\index.php')
CRITICAL - 2023-09-04 04:57:59 --> Undefined array key "judul"
in APPPATH\Views\service\index.php on line 82.
 1 APPPATH\Views\service\index.php(82): CodeIgniter\Debug\Exceptions->errorHandler(2, 'Undefined array key "judul"', 'APPPATH\\Views\\service\\index.php', 82)
 2 SYSTEMPATH\View\View.php(213): include('APPPATH\\Views\\service\\index.php')
 3 SYSTEMPATH\View\View.php(216): CodeIgniter\View\View->CodeIgniter\View\{closure}()
 4 SYSTEMPATH\Common.php(1134): CodeIgniter\View\View->render('service/index', [], true)
 5 APPPATH\Controllers\service.php(26): view('service/index', [...])
 6 SYSTEMPATH\CodeIgniter.php(927): App\Controllers\service->index()
 7 SYSTEMPATH\CodeIgniter.php(482): CodeIgniter\CodeIgniter->runController(Object(App\Controllers\service))
 8 SYSTEMPATH\CodeIgniter.php(351): CodeIgniter\CodeIgniter->handleRequest(null, Object(Config\Cache), false)
 9 FCPATH\index.php(67): CodeIgniter\CodeIgniter->run()
10 SYSTEMPATH\Commands\Server\rewrite.php(46): require_once('FCPATH\\index.php')
CRITICAL - 2023-09-04 04:58:05 --> Undefined array key "judul"
in APPPATH\Views\service\index.php on line 82.
 1 APPPATH\Views\service\index.php(82): CodeIgniter\Debug\Exceptions->errorHandler(2, 'Undefined array key "judul"', 'APPPATH\\Views\\service\\index.php', 82)
 2 SYSTEMPATH\View\View.php(213): include('APPPATH\\Views\\service\\index.php')
 3 SYSTEMPATH\View\View.php(216): CodeIgniter\View\View->CodeIgniter\View\{closure}()
 4 SYSTEMPATH\Common.php(1134): CodeIgniter\View\View->render('service/index', [], true)
 5 APPPATH\Controllers\service.php(26): view('service/index', [...])
 6 SYSTEMPATH\CodeIgniter.php(927): App\Controllers\service->index()
 7 SYSTEMPATH\CodeIgniter.php(482): CodeIgniter\CodeIgniter->runController(Object(App\Controllers\service))
 8 SYSTEMPATH\CodeIgniter.php(351): CodeIgniter\CodeIgniter->handleRequest(null, Object(Config\Cache), false)
 9 FCPATH\index.php(67): CodeIgniter\CodeIgniter->run()
10 SYSTEMPATH\Commands\Server\rewrite.php(46): require_once('FCPATH\\index.php')
CRITICAL - 2023-09-04 04:59:01 --> Undefined array key "judul"
in APPPATH\Views\service\index.php on line 82.
 1 APPPATH\Views\service\index.php(82): CodeIgniter\Debug\Exceptions->errorHandler(2, 'Undefined array key "judul"', 'APPPATH\\Views\\service\\index.php', 82)
 2 SYSTEMPATH\View\View.php(213): include('APPPATH\\Views\\service\\index.php')
 3 SYSTEMPATH\View\View.php(216): CodeIgniter\View\View->CodeIgniter\View\{closure}()
 4 SYSTEMPATH\Common.php(1134): CodeIgniter\View\View->render('service/index', [], true)
 5 APPPATH\Controllers\service.php(26): view('service/index', [...])
 6 SYSTEMPATH\CodeIgniter.php(927): App\Controllers\service->index()
 7 SYSTEMPATH\CodeIgniter.php(482): CodeIgniter\CodeIgniter->runController(Object(App\Controllers\service))
 8 SYSTEMPATH\CodeIgniter.php(351): CodeIgniter\CodeIgniter->handleRequest(null, Object(Config\Cache), false)
 9 FCPATH\index.php(67): CodeIgniter\CodeIgniter->run()
10 SYSTEMPATH\Commands\Server\rewrite.php(46): require_once('FCPATH\\index.php')
CRITICAL - 2023-09-04 04:59:35 --> Undefined array key "judul"
in APPPATH\Views\service\index.php on line 82.
 1 APPPATH\Views\service\index.php(82): CodeIgniter\Debug\Exceptions->errorHandler(2, 'Undefined array key "judul"', 'APPPATH\\Views\\service\\index.php', 82)
 2 SYSTEMPATH\View\View.php(213): include('APPPATH\\Views\\service\\index.php')
 3 SYSTEMPATH\View\View.php(216): CodeIgniter\View\View->CodeIgniter\View\{closure}()
 4 SYSTEMPATH\Common.php(1134): CodeIgniter\View\View->render('service/index', [], true)
 5 APPPATH\Controllers\service.php(26): view('service/index', [...])
 6 SYSTEMPATH\CodeIgniter.php(927): App\Controllers\service->index()
 7 SYSTEMPATH\CodeIgniter.php(482): CodeIgniter\CodeIgniter->runController(Object(App\Controllers\service))
 8 SYSTEMPATH\CodeIgniter.php(351): CodeIgniter\CodeIgniter->handleRequest(null, Object(Config\Cache), false)
 9 FCPATH\index.php(67): CodeIgniter\CodeIgniter->run()
10 SYSTEMPATH\Commands\Server\rewrite.php(46): require_once('FCPATH\\index.php')
CRITICAL - 2023-09-04 04:59:39 --> Undefined array key "judul"
in APPPATH\Views\service\index.php on line 82.
 1 APPPATH\Views\service\index.php(82): CodeIgniter\Debug\Exceptions->errorHandler(2, 'Undefined array key "judul"', 'APPPATH\\Views\\service\\index.php', 82)
 2 SYSTEMPATH\View\View.php(213): include('APPPATH\\Views\\service\\index.php')
 3 SYSTEMPATH\View\View.php(216): CodeIgniter\View\View->CodeIgniter\View\{closure}()
 4 SYSTEMPATH\Common.php(1134): CodeIgniter\View\View->render('service/index', [], true)
 5 APPPATH\Controllers\service.php(26): view('service/index', [...])
 6 SYSTEMPATH\CodeIgniter.php(927): App\Controllers\service->index()
 7 SYSTEMPATH\CodeIgniter.php(482): CodeIgniter\CodeIgniter->runController(Object(App\Controllers\service))
 8 SYSTEMPATH\CodeIgniter.php(351): CodeIgniter\CodeIgniter->handleRequest(null, Object(Config\Cache), false)
 9 FCPATH\index.php(67): CodeIgniter\CodeIgniter->run()
10 SYSTEMPATH\Commands\Server\rewrite.php(46): require_once('FCPATH\\index.php')
CRITICAL - 2023-09-04 05:01:02 --> Undefined array key "judul"
in APPPATH\Views\service\index.php on line 82.
 1 APPPATH\Views\service\index.php(82): CodeIgniter\Debug\Exceptions->errorHandler(2, 'Undefined array key "judul"', 'APPPATH\\Views\\service\\index.php', 82)
 2 SYSTEMPATH\View\View.php(213): include('APPPATH\\Views\\service\\index.php')
 3 SYSTEMPATH\View\View.php(216): CodeIgniter\View\View->CodeIgniter\View\{closure}()
 4 SYSTEMPATH\Common.php(1134): CodeIgniter\View\View->render('service/index', [], true)
 5 APPPATH\Controllers\service.php(26): view('service/index', [...])
 6 SYSTEMPATH\CodeIgniter.php(927): App\Controllers\service->index()
 7 SYSTEMPATH\CodeIgniter.php(482): CodeIgniter\CodeIgniter->runController(Object(App\Controllers\service))
 8 SYSTEMPATH\CodeIgniter.php(351): CodeIgniter\CodeIgniter->handleRequest(null, Object(Config\Cache), false)
 9 FCPATH\index.php(67): CodeIgniter\CodeIgniter->run()
10 SYSTEMPATH\Commands\Server\rewrite.php(46): require_once('FCPATH\\index.php')
CRITICAL - 2023-09-04 05:01:06 --> Undefined array key "judul"
in APPPATH\Views\service\index.php on line 82.
 1 APPPATH\Views\service\index.php(82): CodeIgniter\Debug\Exceptions->errorHandler(2, 'Undefined array key "judul"', 'APPPATH\\Views\\service\\index.php', 82)
 2 SYSTEMPATH\View\View.php(213): include('APPPATH\\Views\\service\\index.php')
 3 SYSTEMPATH\View\View.php(216): CodeIgniter\View\View->CodeIgniter\View\{closure}()
 4 SYSTEMPATH\Common.php(1134): CodeIgniter\View\View->render('service/index', [], true)
 5 APPPATH\Controllers\service.php(26): view('service/index', [...])
 6 SYSTEMPATH\CodeIgniter.php(927): App\Controllers\service->index()
 7 SYSTEMPATH\CodeIgniter.php(482): CodeIgniter\CodeIgniter->runController(Object(App\Controllers\service))
 8 SYSTEMPATH\CodeIgniter.php(351): CodeIgniter\CodeIgniter->handleRequest(null, Object(Config\Cache), false)
 9 FCPATH\index.php(67): CodeIgniter\CodeIgniter->run()
10 SYSTEMPATH\Commands\Server\rewrite.php(46): require_once('FCPATH\\index.php')
