CRITICAL - 2023-07-17 19:14:27 --> Undefined array key "id"
in APPPATH\Views\banner\index.php on line 65.
 1 APPPATH\Views\banner\index.php(65): CodeIgniter\Debug\Exceptions->errorHandler(2, 'Undefined array key "id"', 'APPPATH\\Views\\banner\\index.php', 65)
 2 SYSTEMPATH\View\View.php(213): include('APPPATH\\Views\\banner\\index.php')
 3 SYSTEMPATH\View\View.php(216): CodeIgniter\View\View->CodeIgniter\View\{closure}()
 4 SYSTEMPATH\Common.php(1134): CodeIgniter\View\View->render('banner/index', [], true)
 5 APPPATH\Controllers\banner.php(27): view('banner/index', [...])
 6 SYSTEMPATH\CodeIgniter.php(927): App\Controllers\banner->index()
 7 SYSTEMPATH\CodeIgniter.php(482): CodeIgniter\CodeIgniter->runController(Object(App\Controllers\banner))
 8 SYSTEMPATH\CodeIgniter.php(351): CodeIgniter\CodeIgniter->handleRequest(null, Object(Config\Cache), false)
 9 FCPATH\index.php(67): CodeIgniter\CodeIgniter->run()
10 SYSTEMPATH\Commands\Server\rewrite.php(46): require_once('FCPATH\\index.php')
CRITICAL - 2023-07-17 19:16:36 --> Undefined array key "id"
in APPPATH\Views\banner\index.php on line 65.
 1 APPPATH\Views\banner\index.php(65): CodeIgniter\Debug\Exceptions->errorHandler(2, 'Undefined array key "id"', 'APPPATH\\Views\\banner\\index.php', 65)
 2 SYSTEMPATH\View\View.php(213): include('APPPATH\\Views\\banner\\index.php')
 3 SYSTEMPATH\View\View.php(216): CodeIgniter\View\View->CodeIgniter\View\{closure}()
 4 SYSTEMPATH\Common.php(1134): CodeIgniter\View\View->render('banner/index', [], true)
 5 APPPATH\Controllers\banner.php(27): view('banner/index', [...])
 6 SYSTEMPATH\CodeIgniter.php(927): App\Controllers\banner->index()
 7 SYSTEMPATH\CodeIgniter.php(482): CodeIgniter\CodeIgniter->runController(Object(App\Controllers\banner))
 8 SYSTEMPATH\CodeIgniter.php(351): CodeIgniter\CodeIgniter->handleRequest(null, Object(Config\Cache), false)
 9 FCPATH\index.php(67): CodeIgniter\CodeIgniter->run()
10 SYSTEMPATH\Commands\Server\rewrite.php(46): require_once('FCPATH\\index.php')
CRITICAL - 2023-07-17 19:16:39 --> Undefined array key "id"
in APPPATH\Views\banner\index.php on line 65.
 1 APPPATH\Views\banner\index.php(65): CodeIgniter\Debug\Exceptions->errorHandler(2, 'Undefined array key "id"', 'APPPATH\\Views\\banner\\index.php', 65)
 2 SYSTEMPATH\View\View.php(213): include('APPPATH\\Views\\banner\\index.php')
 3 SYSTEMPATH\View\View.php(216): CodeIgniter\View\View->CodeIgniter\View\{closure}()
 4 SYSTEMPATH\Common.php(1134): CodeIgniter\View\View->render('banner/index', [], true)
 5 APPPATH\Controllers\banner.php(27): view('banner/index', [...])
 6 SYSTEMPATH\CodeIgniter.php(927): App\Controllers\banner->index()
 7 SYSTEMPATH\CodeIgniter.php(482): CodeIgniter\CodeIgniter->runController(Object(App\Controllers\banner))
 8 SYSTEMPATH\CodeIgniter.php(351): CodeIgniter\CodeIgniter->handleRequest(null, Object(Config\Cache), false)
 9 FCPATH\index.php(67): CodeIgniter\CodeIgniter->run()
10 SYSTEMPATH\Commands\Server\rewrite.php(46): require_once('FCPATH\\index.php')
CRITICAL - 2023-07-17 19:17:51 --> Undefined array key "id"
in APPPATH\Views\banner\index.php on line 65.
 1 APPPATH\Views\banner\index.php(65): CodeIgniter\Debug\Exceptions->errorHandler(2, 'Undefined array key "id"', 'APPPATH\\Views\\banner\\index.php', 65)
 2 SYSTEMPATH\View\View.php(213): include('APPPATH\\Views\\banner\\index.php')
 3 SYSTEMPATH\View\View.php(216): CodeIgniter\View\View->CodeIgniter\View\{closure}()
 4 SYSTEMPATH\Common.php(1134): CodeIgniter\View\View->render('banner/index', [], true)
 5 APPPATH\Controllers\banner.php(27): view('banner/index', [...])
 6 SYSTEMPATH\CodeIgniter.php(927): App\Controllers\banner->index()
 7 SYSTEMPATH\CodeIgniter.php(482): CodeIgniter\CodeIgniter->runController(Object(App\Controllers\banner))
 8 SYSTEMPATH\CodeIgniter.php(351): CodeIgniter\CodeIgniter->handleRequest(null, Object(Config\Cache), false)
 9 FCPATH\index.php(67): CodeIgniter\CodeIgniter->run()
10 SYSTEMPATH\Commands\Server\rewrite.php(46): require_once('FCPATH\\index.php')
CRITICAL - 2023-07-17 19:17:56 --> Undefined array key "id"
in APPPATH\Views\banner\index.php on line 65.
 1 APPPATH\Views\banner\index.php(65): CodeIgniter\Debug\Exceptions->errorHandler(2, 'Undefined array key "id"', 'APPPATH\\Views\\banner\\index.php', 65)
 2 SYSTEMPATH\View\View.php(213): include('APPPATH\\Views\\banner\\index.php')
 3 SYSTEMPATH\View\View.php(216): CodeIgniter\View\View->CodeIgniter\View\{closure}()
 4 SYSTEMPATH\Common.php(1134): CodeIgniter\View\View->render('banner/index', [], true)
 5 APPPATH\Controllers\banner.php(27): view('banner/index', [...])
 6 SYSTEMPATH\CodeIgniter.php(927): App\Controllers\banner->index()
 7 SYSTEMPATH\CodeIgniter.php(482): CodeIgniter\CodeIgniter->runController(Object(App\Controllers\banner))
 8 SYSTEMPATH\CodeIgniter.php(351): CodeIgniter\CodeIgniter->handleRequest(null, Object(Config\Cache), false)
 9 FCPATH\index.php(67): CodeIgniter\CodeIgniter->run()
10 SYSTEMPATH\Commands\Server\rewrite.php(46): require_once('FCPATH\\index.php')
CRITICAL - 2023-07-17 19:19:41 --> Undefined array key "gambar"
in APPPATH\Views\banner\index.php on line 67.
 1 APPPATH\Views\banner\index.php(67): CodeIgniter\Debug\Exceptions->errorHandler(2, 'Undefined array key "gambar"', 'APPPATH\\Views\\banner\\index.php', 67)
 2 SYSTEMPATH\View\View.php(213): include('APPPATH\\Views\\banner\\index.php')
 3 SYSTEMPATH\View\View.php(216): CodeIgniter\View\View->CodeIgniter\View\{closure}()
 4 SYSTEMPATH\Common.php(1134): CodeIgniter\View\View->render('banner/index', [], true)
 5 APPPATH\Controllers\banner.php(27): view('banner/index', [...])
 6 SYSTEMPATH\CodeIgniter.php(927): App\Controllers\banner->index()
 7 SYSTEMPATH\CodeIgniter.php(482): CodeIgniter\CodeIgniter->runController(Object(App\Controllers\banner))
 8 SYSTEMPATH\CodeIgniter.php(351): CodeIgniter\CodeIgniter->handleRequest(null, Object(Config\Cache), false)
 9 FCPATH\index.php(67): CodeIgniter\CodeIgniter->run()
10 SYSTEMPATH\Commands\Server\rewrite.php(46): require_once('FCPATH\\index.php')
