CRITICAL - 2023-08-06 23:26:54 --> Undefined array key "judul"
in APPPATH\Views\service\index.php on line 78.
 1 APPPATH\Views\service\index.php(78): CodeIgniter\Debug\Exceptions->errorHandler(2, 'Undefined array key "judul"', 'APPPATH\\Views\\service\\index.php', 78)
 2 SYSTEMPATH\View\View.php(213): include('APPPATH\\Views\\service\\index.php')
 3 SYSTEMPATH\View\View.php(216): CodeIgniter\View\View->CodeIgniter\View\{closure}()
 4 SYSTEMPATH\Common.php(1134): CodeIgniter\View\View->render('service/index', [], true)
 5 APPPATH\Controllers\service.php(26): view('service/index', [...])
 6 SYSTEMPATH\CodeIgniter.php(927): App\Controllers\service->index()
 7 SYSTEMPATH\CodeIgniter.php(482): CodeIgniter\CodeIgniter->runController(Object(App\Controllers\service))
 8 SYSTEMPATH\CodeIgniter.php(351): CodeIgniter\CodeIgniter->handleRequest(null, Object(Config\Cache), false)
 9 FCPATH\index.php(67): CodeIgniter\CodeIgniter->run()
10 SYSTEMPATH\Commands\Server\rewrite.php(46): require_once('FCPATH\\index.php')
CRITICAL - 2023-08-06 23:33:52 --> Undefined array key "judul"
in APPPATH\Views\service\index.php on line 82.
 1 APPPATH\Views\service\index.php(82): CodeIgniter\Debug\Exceptions->errorHandler(2, 'Undefined array key "judul"', 'APPPATH\\Views\\service\\index.php', 82)
 2 SYSTEMPATH\View\View.php(213): include('APPPATH\\Views\\service\\index.php')
 3 SYSTEMPATH\View\View.php(216): CodeIgniter\View\View->CodeIgniter\View\{closure}()
 4 SYSTEMPATH\Common.php(1134): CodeIgniter\View\View->render('service/index', [], true)
 5 APPPATH\Controllers\service.php(26): view('service/index', [...])
 6 SYSTEMPATH\CodeIgniter.php(927): App\Controllers\service->index()
 7 SYSTEMPATH\CodeIgniter.php(482): CodeIgniter\CodeIgniter->runController(Object(App\Controllers\service))
 8 SYSTEMPATH\CodeIgniter.php(351): CodeIgniter\CodeIgniter->handleRequest(null, Object(Config\Cache), false)
 9 FCPATH\index.php(67): CodeIgniter\CodeIgniter->run()
10 SYSTEMPATH\Commands\Server\rewrite.php(46): require_once('FCPATH\\index.php')
CRITICAL - 2023-08-06 23:33:59 --> Undefined array key "judul"
in APPPATH\Views\service\index.php on line 82.
 1 APPPATH\Views\service\index.php(82): CodeIgniter\Debug\Exceptions->errorHandler(2, 'Undefined array key "judul"', 'APPPATH\\Views\\service\\index.php', 82)
 2 SYSTEMPATH\View\View.php(213): include('APPPATH\\Views\\service\\index.php')
 3 SYSTEMPATH\View\View.php(216): CodeIgniter\View\View->CodeIgniter\View\{closure}()
 4 SYSTEMPATH\Common.php(1134): CodeIgniter\View\View->render('service/index', [], true)
 5 APPPATH\Controllers\service.php(26): view('service/index', [...])
 6 SYSTEMPATH\CodeIgniter.php(927): App\Controllers\service->index()
 7 SYSTEMPATH\CodeIgniter.php(482): CodeIgniter\CodeIgniter->runController(Object(App\Controllers\service))
 8 SYSTEMPATH\CodeIgniter.php(351): CodeIgniter\CodeIgniter->handleRequest(null, Object(Config\Cache), false)
 9 FCPATH\index.php(67): CodeIgniter\CodeIgniter->run()
10 SYSTEMPATH\Commands\Server\rewrite.php(46): require_once('FCPATH\\index.php')
CRITICAL - 2023-08-06 23:38:09 --> Undefined array key "logo"
in APPPATH\Controllers\service.php on line 86.
 1 APPPATH\Controllers\service.php(86): CodeIgniter\Debug\Exceptions->errorHandler(2, 'Undefined array key "logo"', 'APPPATH\\Controllers\\service.php', 86)
 2 SYSTEMPATH\CodeIgniter.php(927): App\Controllers\service->delete('1')
 3 SYSTEMPATH\CodeIgniter.php(482): CodeIgniter\CodeIgniter->runController(Object(App\Controllers\service))
 4 SYSTEMPATH\CodeIgniter.php(351): CodeIgniter\CodeIgniter->handleRequest(null, Object(Config\Cache), false)
 5 FCPATH\index.php(67): CodeIgniter\CodeIgniter->run()
 6 SYSTEMPATH\Commands\Server\rewrite.php(46): require_once('FCPATH\\index.php')
CRITICAL - 2023-08-06 23:38:25 --> unlink(assets/img/service/): Is a directory
in APPPATH\Controllers\service.php on line 86.
 1 [internal function]: CodeIgniter\Debug\Exceptions->errorHandler(2, 'unlink(assets/img/service/): Is a directory', 'APPPATH\\Controllers\\service.php', 86)
 2 APPPATH\Controllers\service.php(86): unlink('FCPATH\\assets\\img\\service')
 3 SYSTEMPATH\CodeIgniter.php(927): App\Controllers\service->delete('1')
 4 SYSTEMPATH\CodeIgniter.php(482): CodeIgniter\CodeIgniter->runController(Object(App\Controllers\service))
 5 SYSTEMPATH\CodeIgniter.php(351): CodeIgniter\CodeIgniter->handleRequest(null, Object(Config\Cache), false)
 6 FCPATH\index.php(67): CodeIgniter\CodeIgniter->run()
 7 SYSTEMPATH\Commands\Server\rewrite.php(46): require_once('FCPATH\\index.php')
CRITICAL - 2023-08-06 23:38:29 --> unlink(assets/img/service/): Is a directory
in APPPATH\Controllers\service.php on line 86.
 1 [internal function]: CodeIgniter\Debug\Exceptions->errorHandler(2, 'unlink(assets/img/service/): Is a directory', 'APPPATH\\Controllers\\service.php', 86)
 2 APPPATH\Controllers\service.php(86): unlink('FCPATH\\assets\\img\\service')
 3 SYSTEMPATH\CodeIgniter.php(927): App\Controllers\service->delete('1')
 4 SYSTEMPATH\CodeIgniter.php(482): CodeIgniter\CodeIgniter->runController(Object(App\Controllers\service))
 5 SYSTEMPATH\CodeIgniter.php(351): CodeIgniter\CodeIgniter->handleRequest(null, Object(Config\Cache), false)
 6 FCPATH\index.php(67): CodeIgniter\CodeIgniter->run()
 7 SYSTEMPATH\Commands\Server\rewrite.php(46): require_once('FCPATH\\index.php')
