ERROR - 2023-09-03 04:13:10 --> Error connecting to the database: mysqli_sql_exception: No connection could be made because the target machine actively refused it in C:\xampp\htdocs\msaa\system\Database\MySQLi\Connection.php:171
Stack trace:
#0 C:\xampp\htdocs\msaa\system\Database\MySQLi\Connection.php(171): mysqli->real_connect('localhost', 'root', '', 'msaa', 3306, '', 0)
#1 C:\xampp\htdocs\msaa\system\Database\BaseConnection.php(382): CodeIgniter\Database\MySQLi\Connection->connect(false)
#2 C:\xampp\htdocs\msaa\system\Database\BaseConnection.php(561): CodeIgniter\Database\BaseConnection->initialize()
#3 C:\xampp\htdocs\msaa\system\Database\BaseBuilder.php(1585): CodeIgniter\Database\BaseConnection->query('SELECT *\nFROM `...', Array, false)
#4 C:\xampp\htdocs\msaa\system\Model.php(223): CodeIgniter\Database\BaseBuilder->get()
#5 C:\xampp\htdocs\msaa\system\BaseModel.php(585): CodeIgniter\Model->doFindAll(0, 0)
#6 C:\xampp\htdocs\msaa\app\Models\profilModel.php(29): CodeIgniter\BaseModel->findAll()
#7 C:\xampp\htdocs\msaa\app\Controllers\Home.php(33): App\Models\profilModel->getprofil()
#8 C:\xampp\htdocs\msaa\system\CodeIgniter.php(927): App\Controllers\Home->index()
#9 C:\xampp\htdocs\msaa\system\CodeIgniter.php(482): CodeIgniter\CodeIgniter->runController(Object(App\Controllers\Home))
#10 C:\xampp\htdocs\msaa\system\CodeIgniter.php(351): CodeIgniter\CodeIgniter->handleRequest(NULL, Object(Config\Cache), false)
#11 C:\xampp\htdocs\msaa\public\index.php(67): CodeIgniter\CodeIgniter->run()
#12 C:\xampp\htdocs\msaa\system\Commands\Server\rewrite.php(46): require_once('C:\\xampp\\htdocs...')
#13 {main}

Next CodeIgniter\Database\Exceptions\DatabaseException: No connection could be made because the target machine actively refused it in C:\xampp\htdocs\msaa\system\Database\MySQLi\Connection.php:215
Stack trace:
#0 C:\xampp\htdocs\msaa\system\Database\BaseConnection.php(382): CodeIgniter\Database\MySQLi\Connection->connect(false)
#1 C:\xampp\htdocs\msaa\system\Database\BaseConnection.php(561): CodeIgniter\Database\BaseConnection->initialize()
#2 C:\xampp\htdocs\msaa\system\Database\BaseBuilder.php(1585): CodeIgniter\Database\BaseConnection->query('SELECT *\nFROM `...', Array, false)
#3 C:\xampp\htdocs\msaa\system\Model.php(223): CodeIgniter\Database\BaseBuilder->get()
#4 C:\xampp\htdocs\msaa\system\BaseModel.php(585): CodeIgniter\Model->doFindAll(0, 0)
#5 C:\xampp\htdocs\msaa\app\Models\profilModel.php(29): CodeIgniter\BaseModel->findAll()
#6 C:\xampp\htdocs\msaa\app\Controllers\Home.php(33): App\Models\profilModel->getprofil()
#7 C:\xampp\htdocs\msaa\system\CodeIgniter.php(927): App\Controllers\Home->index()
#8 C:\xampp\htdocs\msaa\system\CodeIgniter.php(482): CodeIgniter\CodeIgniter->runController(Object(App\Controllers\Home))
#9 C:\xampp\htdocs\msaa\system\CodeIgniter.php(351): CodeIgniter\CodeIgniter->handleRequest(NULL, Object(Config\Cache), false)
#10 C:\xampp\htdocs\msaa\public\index.php(67): CodeIgniter\CodeIgniter->run()
#11 C:\xampp\htdocs\msaa\system\Commands\Server\rewrite.php(46): require_once('C:\\xampp\\htdocs...')
#12 {main}
CRITICAL - 2023-09-03 04:13:10 --> Unable to connect to the database.
Main connection [MySQLi]: No connection could be made because the target machine actively refused it
in SYSTEMPATH\Database\BaseConnection.php on line 418.
 1 SYSTEMPATH\Database\BaseConnection.php(561): CodeIgniter\Database\BaseConnection->initialize()
 2 SYSTEMPATH\Database\BaseBuilder.php(1585): CodeIgniter\Database\BaseConnection->query('SELECT *
FROM `lp`', [], false)
 3 SYSTEMPATH\Model.php(223): CodeIgniter\Database\BaseBuilder->get()
 4 SYSTEMPATH\BaseModel.php(585): CodeIgniter\Model->doFindAll(0, 0)
 5 APPPATH\Models\profilModel.php(29): CodeIgniter\BaseModel->findAll()
 6 APPPATH\Controllers\Home.php(33): App\Models\profilModel->getprofil()
 7 SYSTEMPATH\CodeIgniter.php(927): App\Controllers\Home->index()
 8 SYSTEMPATH\CodeIgniter.php(482): CodeIgniter\CodeIgniter->runController(Object(App\Controllers\Home))
 9 SYSTEMPATH\CodeIgniter.php(351): CodeIgniter\CodeIgniter->handleRequest(null, Object(Config\Cache), false)
10 FCPATH\index.php(67): CodeIgniter\CodeIgniter->run()
11 SYSTEMPATH\Commands\Server\rewrite.php(46): require_once('FCPATH\\index.php')
