ERROR - 2023-09-05 07:25:23 --> mysqli_sql_exception: Unknown column 'judul' in 'field list' in C:\xampp\htdocs\msaa\system\Database\MySQLi\Connection.php:292
Stack trace:
#0 C:\xampp\htdocs\msaa\system\Database\MySQLi\Connection.php(292): mysqli->query('INSERT INTO `po...', 0)
#1 C:\xampp\htdocs\msaa\system\Database\BaseConnection.php(666): CodeIgniter\Database\MySQLi\Connection->execute('INSERT INTO `po...')
#2 C:\xampp\htdocs\msaa\system\Database\BaseConnection.php(593): CodeIgniter\Database\BaseConnection->simpleQuery('INSERT INTO `po...')
#3 C:\xampp\htdocs\msaa\system\Database\BaseBuilder.php(1916): CodeIgniter\Database\BaseConnection->query('INSERT INTO `po...', Array, false)
#4 C:\xampp\htdocs\msaa\system\Model.php(279): CodeIgniter\Database\BaseBuilder->insert()
#5 C:\xampp\htdocs\msaa\system\BaseModel.php(749): CodeIgniter\Model->doInsert(Array)
#6 C:\xampp\htdocs\msaa\system\Model.php(667): CodeIgniter\BaseModel->insert(Array, true)
#7 C:\xampp\htdocs\msaa\app\Controllers\portfolio.php(48): CodeIgniter\Model->insert(Array)
#8 C:\xampp\htdocs\msaa\system\CodeIgniter.php(927): App\Controllers\portfolio->tambahportfolio()
#9 C:\xampp\htdocs\msaa\system\CodeIgniter.php(482): CodeIgniter\CodeIgniter->runController(Object(App\Controllers\portfolio))
#10 C:\xampp\htdocs\msaa\system\CodeIgniter.php(351): CodeIgniter\CodeIgniter->handleRequest(NULL, Object(Config\Cache), false)
#11 C:\xampp\htdocs\msaa\public\index.php(67): CodeIgniter\CodeIgniter->run()
#12 C:\xampp\htdocs\msaa\system\Commands\Server\rewrite.php(46): require_once('C:\\xampp\\htdocs...')
#13 {main}
CRITICAL - 2023-09-05 07:25:23 --> Unknown column 'judul' in 'field list'
in SYSTEMPATH\Database\MySQLi\Connection.php on line 292.
 1 SYSTEMPATH\Database\MySQLi\Connection.php(292): mysqli->query('INSERT INTO `portfolio` (`judul`, `ket`, `gambar`) VALUES (\'1\', \'1a\', \'Screenshot 2023-09-05 192404.png\')', 0)
 2 SYSTEMPATH\Database\BaseConnection.php(666): CodeIgniter\Database\MySQLi\Connection->execute('INSERT INTO `portfolio` (`judul`, `ket`, `gambar`) VALUES (\'1\', \'1a\', \'Screenshot 2023-09-05 192404.png\')')
 3 SYSTEMPATH\Database\BaseConnection.php(593): CodeIgniter\Database\BaseConnection->simpleQuery('INSERT INTO `portfolio` (`judul`, `ket`, `gambar`) VALUES (\'1\', \'1a\', \'Screenshot 2023-09-05 192404.png\')')
 4 SYSTEMPATH\Database\BaseBuilder.php(1916): CodeIgniter\Database\BaseConnection->query('INSERT INTO `portfolio` (`judul`, `ket`, `gambar`) VALUES (:judul:, :ket:, :gambar:)', [...], false)
 5 SYSTEMPATH\Model.php(279): CodeIgniter\Database\BaseBuilder->insert()
 6 SYSTEMPATH\BaseModel.php(749): CodeIgniter\Model->doInsert([...])
 7 SYSTEMPATH\Model.php(667): CodeIgniter\BaseModel->insert([...], true)
 8 APPPATH\Controllers\portfolio.php(48): CodeIgniter\Model->insert([...])
 9 SYSTEMPATH\CodeIgniter.php(927): App\Controllers\portfolio->tambahportfolio()
10 SYSTEMPATH\CodeIgniter.php(482): CodeIgniter\CodeIgniter->runController(Object(App\Controllers\portfolio))
11 SYSTEMPATH\CodeIgniter.php(351): CodeIgniter\CodeIgniter->handleRequest(null, Object(Config\Cache), false)
12 FCPATH\index.php(67): CodeIgniter\CodeIgniter->run()
13 SYSTEMPATH\Commands\Server\rewrite.php(46): require_once('FCPATH\\index.php')
CRITICAL - 2023-09-05 07:27:44 --> Undefined array key "ket"
in APPPATH\Views\portfolio\index.php on line 79.
 1 APPPATH\Views\portfolio\index.php(79): CodeIgniter\Debug\Exceptions->errorHandler(2, 'Undefined array key "ket"', 'APPPATH\\Views\\portfolio\\index.php', 79)
 2 SYSTEMPATH\View\View.php(213): include('APPPATH\\Views\\portfolio\\index.php')
 3 SYSTEMPATH\View\View.php(216): CodeIgniter\View\View->CodeIgniter\View\{closure}()
 4 SYSTEMPATH\Common.php(1134): CodeIgniter\View\View->render('portfolio/index', [], true)
 5 APPPATH\Controllers\portfolio.php(27): view('portfolio/index', [...])
 6 SYSTEMPATH\CodeIgniter.php(927): App\Controllers\portfolio->index()
 7 SYSTEMPATH\CodeIgniter.php(482): CodeIgniter\CodeIgniter->runController(Object(App\Controllers\portfolio))
 8 SYSTEMPATH\CodeIgniter.php(351): CodeIgniter\CodeIgniter->handleRequest(null, Object(Config\Cache), false)
 9 FCPATH\index.php(67): CodeIgniter\CodeIgniter->run()
10 SYSTEMPATH\Commands\Server\rewrite.php(46): require_once('FCPATH\\index.php')
CRITICAL - 2023-09-05 07:29:32 --> Undefined array key "keteranganerangan"
in APPPATH\Views\portfolio\index.php on line 79.
 1 APPPATH\Views\portfolio\index.php(79): CodeIgniter\Debug\Exceptions->errorHandler(2, 'Undefined array key "keteranganerangan"', 'APPPATH\\Views\\portfolio\\index.php', 79)
 2 SYSTEMPATH\View\View.php(213): include('APPPATH\\Views\\portfolio\\index.php')
 3 SYSTEMPATH\View\View.php(216): CodeIgniter\View\View->CodeIgniter\View\{closure}()
 4 SYSTEMPATH\Common.php(1134): CodeIgniter\View\View->render('portfolio/index', [], true)
 5 APPPATH\Controllers\portfolio.php(27): view('portfolio/index', [...])
 6 SYSTEMPATH\CodeIgniter.php(927): App\Controllers\portfolio->index()
 7 SYSTEMPATH\CodeIgniter.php(482): CodeIgniter\CodeIgniter->runController(Object(App\Controllers\portfolio))
 8 SYSTEMPATH\CodeIgniter.php(351): CodeIgniter\CodeIgniter->handleRequest(null, Object(Config\Cache), false)
 9 FCPATH\index.php(67): CodeIgniter\CodeIgniter->run()
10 SYSTEMPATH\Commands\Server\rewrite.php(46): require_once('FCPATH\\index.php')
CRITICAL - 2023-09-05 07:31:23 --> Undefined array key "ket"
in APPPATH\Views\portfolio\edit.php on line 19.
 1 APPPATH\Views\portfolio\edit.php(19): CodeIgniter\Debug\Exceptions->errorHandler(2, 'Undefined array key "ket"', 'APPPATH\\Views\\portfolio\\edit.php', 19)
 2 SYSTEMPATH\View\View.php(213): include('APPPATH\\Views\\portfolio\\edit.php')
 3 SYSTEMPATH\View\View.php(216): CodeIgniter\View\View->CodeIgniter\View\{closure}()
 4 SYSTEMPATH\Common.php(1134): CodeIgniter\View\View->render('portfolio/edit', [], true)
 5 APPPATH\Controllers\portfolio.php(63): view('portfolio/edit', [...])
 6 SYSTEMPATH\CodeIgniter.php(927): App\Controllers\portfolio->edit('1')
 7 SYSTEMPATH\CodeIgniter.php(482): CodeIgniter\CodeIgniter->runController(Object(App\Controllers\portfolio))
 8 SYSTEMPATH\CodeIgniter.php(351): CodeIgniter\CodeIgniter->handleRequest(null, Object(Config\Cache), false)
 9 FCPATH\index.php(67): CodeIgniter\CodeIgniter->run()
10 SYSTEMPATH\Commands\Server\rewrite.php(46): require_once('FCPATH\\index.php')
